{"target": -7132.696793339145, "params": {"r1": 213.23957707373862, "r2": 229.6349570103676, "r3": 193.69674606326248, "r4": 300.0, "r5": 300.0, "r6": 210.51753703770936, "r7": 277.83833778239756}, "datetime": {"datetime": "2022-04-21 13:14:37", "elapsed": 2639.331602, "delta": 6.210026}}
{"target": -5687.843940858776, "params": {"r1": 299.9999999977576, "r2": 210.57618294097972, "r3": 184.36895403007838, "r4": 300.0, "r5": 300.0, "r6": 293.0445352609555, "r7": 300.0}, "datetime": {"datetime": "2022-04-21 13:14:42", "elapsed": 2645.178768, "delta": 5.847166}}
{"target": -23057.366849621627, "params": {"r1": 194.632361012902, "r2": 220.62488362506716, "r3": 186.43919773625592, "r4": 236.85353643491146, "r5": 192.50517594416914, "r6": 231.84517049008713, "r7": 121.99466349512582}, "datetime": {"datetime": "2022-04-21 13:15:08", "elapsed": 2670.761337, "delta": 25.582569}}
{"target": -5483.487318994524, "params": {"r1": 266.5892621225347, "r2": 286.4680747801509, "r3": 116.53016106321664, "r4": 300.0, "r5": 300.0, "r6": 110.0, "r7": 266.1082811493357}, "datetime": {"datetime": "2022-04-21 13:15:15", "elapsed": 2677.385496, "delta": 6.624159}}
{"target": -21776.993185814237, "params": {"r1": 280.7823540129698, "r2": 169.84222161601383, "r3": 263.5115225677746, "r4": 241.1771123147675, "r5": 247.4185645716036, "r6": 159.19546115779292, "r7": 297.9911022040078}, "datetime": {"datetime": "2022-04-21 13:15:40", "elapsed": 2703.190585, "delta": 25.805089}}
{"target": -14121.493382826371, "params": {"r1": 211.03888236877685, "r2": 226.57225280961563, "r3": 119.08663628530866, "r4": 289.8786298319456, "r5": 293.9222876401412, "r6": 231.19408842302244, "r7": 290.56409141397177}, "datetime": {"datetime": "2022-04-21 13:15:47", "elapsed": 2709.559256, "delta": 6.368671}}
{"target": -26468.448083771982, "params": {"r1": 138.52659387750933, "r2": 113.88173796948875, "r3": 290.04993021538087, "r4": 149.34097158883907, "r5": 186.4350160395437, "r6": 277.2905028214687, "r7": 211.04862816043027}, "datetime": {"datetime": "2022-04-21 13:16:13", "elapsed": 2735.621291, "delta": 26.062035}}
{"target": -7472.2534839166965, "params": {"r1": 299.9981911418525, "r2": 264.77881649633235, "r3": 202.2680200796205, "r4": 300.0, "r5": 300.0, "r6": 203.83693960022032, "r7": 255.5711674018912}, "datetime": {"datetime": "2022-04-21 13:16:21", "elapsed": 2743.710906, "delta": 8.089615}}
{"target": -10646.395382419823, "params": {"r1": 188.9623976354414, "r2": 213.61763312794054, "r3": 300.0, "r4": 110.0, "r5": 300.0, "r6": 110.0, "r7": 110.0}, "datetime": {"datetime": "2022-04-21 13:16:27", "elapsed": 2749.675821, "delta": 5.964915}}
{"target": -4531.7992068951235, "params": {"r1": 178.31792837678603, "r2": 243.40337750352728, "r3": 251.22080263918775, "r4": 300.0, "r5": 300.0, "r6": 218.91854456228384, "r7": 291.52954611477514}, "datetime": {"datetime": "2022-04-21 13:16:35", "elapsed": 2757.578422, "delta": 7.902601}}
{"target": -4905.696953566641, "params": {"r1": 172.71962544149596, "r2": 221.2217798993218, "r3": 264.86185565834785, "r4": 253.76882779208876, "r5": 297.0619461378128, "r6": 110.04686609336245, "r7": 292.8444281139448}, "datetime": {"datetime": "2022-04-21 13:16:44", "elapsed": 2766.484635, "delta": 8.906213}}
{"target": -5399.968240494823, "params": {"r1": 161.04223516740993, "r2": 231.2789063031881, "r3": 247.19865670585338, "r4": 300.0, "r5": 300.0, "r6": 259.53731764722465, "r7": 288.4948296387139}, "datetime": {"datetime": "2022-04-21 13:16:51", "elapsed": 2774.116749, "delta": 7.632114}}
{"target": -12887.09371291893, "params": {"r1": 243.84730665933648, "r2": 119.58769364555451, "r3": 197.06802007552648, "r4": 272.9303317748554, "r5": 137.32641460300204, "r6": 120.10539036445694, "r7": 272.9616749152926}, "datetime": {"datetime": "2022-04-21 13:17:18", "elapsed": 2800.86426, "delta": 26.747511}}
{"target": -16446.631961775638, "params": {"r1": 295.4300685249668, "r2": 211.59754590402304, "r3": 256.5854239797409, "r4": 254.6331053704477, "r5": 262.688779082608, "r6": 169.79970808104835, "r7": 228.42733402982356}, "datetime": {"datetime": "2022-04-21 13:17:45", "elapsed": 2827.630714, "delta": 26.766454}}
{"target": -21032.70106943416, "params": {"r1": 147.6284315136457, "r2": 146.02702619277335, "r3": 233.6420255218307, "r4": 294.6519177770247, "r5": 237.05457029573807, "r6": 183.41442907743306, "r7": 150.83737274848033}, "datetime": {"datetime": "2022-04-21 13:18:12", "elapsed": 2854.746901, "delta": 27.116187}}
{"target": -7519.032809210533, "params": {"r1": 184.64260882306652, "r2": 227.1901320945811, "r3": 110.0, "r4": 300.0, "r5": 300.0, "r6": 299.4429859120417, "r7": 300.0}, "datetime": {"datetime": "2022-04-21 13:18:18", "elapsed": 2860.643376, "delta": 5.896475}}
{"target": -12038.06235452435, "params": {"r1": 300.0, "r2": 198.36814092312088, "r3": 300.0, "r4": 300.0, "r5": 110.0, "r6": 110.0, "r7": 110.0}, "datetime": {"datetime": "2022-04-21 13:18:25", "elapsed": 2867.798479, "delta": 7.155103}}
{"target": -6506.137568824277, "params": {"r1": 139.86005512914934, "r2": 235.569191600478, "r3": 272.29249731300155, "r4": 300.0, "r5": 300.0, "r6": 300.0, "r7": 300.0}, "datetime": {"datetime": "2022-04-21 13:18:32", "elapsed": 2874.606897, "delta": 6.808418}}
{"target": -4478.364884726743, "params": {"r1": 179.1820041293803, "r2": 245.30122138462428, "r3": 256.69411703124365, "r4": 290.25557875466365, "r5": 300.0, "r6": 300.0, "r7": 300.0}, "datetime": {"datetime": "2022-04-21 13:18:37", "elapsed": 2879.916914, "delta": 5.310017}}
{"target": -5078.291030253908, "params": {"r1": 202.41231031505907, "r2": 246.61804836134337, "r3": 264.4377095303821, "r4": 300.0, "r5": 300.0, "r6": 200.30972617375977, "r7": 268.2931565464265}, "datetime": {"datetime": "2022-04-21 13:18:43", "elapsed": 2886.068628, "delta": 6.151714}}
{"target": -7582.762358396806, "params": {"r1": 150.25512101425628, "r2": 225.5015472463146, "r3": 251.88799289310055, "r4": 297.2752683530315, "r5": 298.0949783912207, "r6": 259.4130555129948, "r7": 287.80980438945045}, "datetime": {"datetime": "2022-04-21 13:19:10", "elapsed": 2912.745772, "delta": 26.677144}}
{"target": -6086.329369725111, "params": {"r1": 278.0883735965557, "r2": 255.48135584486073, "r3": 131.0273997362986, "r4": 300.0, "r5": 300.0, "r6": 262.9802815251564, "r7": 275.5936619842739}, "datetime": {"datetime": "2022-04-21 13:19:16", "elapsed": 2918.84138, "delta": 6.095608}}
{"target": -5199.69576442188, "params": {"r1": 210.95291936306256, "r2": 273.2743221635103, "r3": 293.28323229508254, "r4": 297.82108030964787, "r5": 293.0484223916312, "r6": 114.61894717684872, "r7": 279.536909954193}, "datetime": {"datetime": "2022-04-21 13:19:43", "elapsed": 2945.693784, "delta": 26.852404}}
{"target": -9632.804866970822, "params": {"r1": 239.55688062425602, "r2": 253.39736237839443, "r3": 110.0, "r4": 300.0, "r5": 162.63984722303832, "r6": 110.0, "r7": 163.2556483538902}, "datetime": {"datetime": "2022-04-21 13:19:49", "elapsed": 2951.766637, "delta": 6.072853}}
{"target": -7535.778716311956, "params": {"r1": 163.52600249733604, "r2": 241.48313870463798, "r3": 292.34226585008344, "r4": 229.57741583004997, "r5": 300.0, "r6": 110.0, "r7": 259.76551797977635}, "datetime": {"datetime": "2022-04-21 13:19:55", "elapsed": 2957.783037, "delta": 6.0164}}
{"target": -5025.9927422252795, "params": {"r1": 199.1858010808603, "r2": 256.178880803857, "r3": 254.17974079236595, "r4": 285.3673794656554, "r5": 293.6452823451797, "r6": 200.36264079157675, "r7": 274.41118863625894}, "datetime": {"datetime": "2022-04-21 13:20:02", "elapsed": 2964.521557, "delta": 6.73852}}
{"target": -5854.806861265915, "params": {"r1": 203.98026361879454, "r2": 227.88168316019193, "r3": 237.98826737063007, "r4": 300.0, "r5": 300.0, "r6": 285.898460110903, "r7": 300.0}, "datetime": {"datetime": "2022-04-21 13:20:08", "elapsed": 2971.039917, "delta": 6.51836}}
{"target": -20260.741507041814, "params": {"r1": 225.39070714464486, "r2": 232.9761392955643, "r3": 172.28709833834466, "r4": 212.12323069132412, "r5": 251.5245832152775, "r6": 262.89241998525017, "r7": 168.40851766309993}, "datetime": {"datetime": "2022-04-21 13:20:36", "elapsed": 2998.362619, "delta": 27.322702}}
{"target": -28100.31891360798, "params": {"r1": 132.90640107640223, "r2": 163.77794721336133, "r3": 175.76594288866553, "r4": 194.35655331219317, "r5": 196.1367835014084, "r6": 117.61459529631952, "r7": 214.45712948815526}, "datetime": {"datetime": "2022-04-21 13:21:03", "elapsed": 3025.921885, "delta": 27.559266}}
{"target": -4874.82846405702, "params": {"r1": 197.79782108394173, "r2": 266.79058449497893, "r3": 293.96652649436555, "r4": 295.1672483814993, "r5": 298.15612202208223, "r6": 211.0837628320195, "r7": 299.9276308343737}, "datetime": {"datetime": "2022-04-21 13:21:09", "elapsed": 3032.183434, "delta": 6.261549}}
{"target": -16157.913316659296, "params": {"r1": 110.0, "r2": 220.32944524139475, "r3": 300.0, "r4": 110.0, "r5": 176.05136575185588, "r6": 110.0, "r7": 300.0}, "datetime": {"datetime": "2022-04-21 13:21:16", "elapsed": 3039.088519, "delta": 6.905085}}
{"target": -5490.804798881691, "params": {"r1": 192.38538783969258, "r2": 252.7055754916886, "r3": 296.3728263224484, "r4": 299.9999999995644, "r5": 299.999999999965, "r6": 299.8873187520008, "r7": 292.8100085751412}, "datetime": {"datetime": "2022-04-21 13:21:23", "elapsed": 3045.992109, "delta": 6.90359}}
{"target": -9943.917169385855, "params": {"r1": 300.0, "r2": 300.0, "r3": 215.94554909682188, "r4": 300.0, "r5": 300.0, "r6": 300.0, "r7": 110.0}, "datetime": {"datetime": "2022-04-21 13:21:29", "elapsed": 3051.677023, "delta": 5.684914}}
{"target": -5637.628447883575, "params": {"r1": 268.85451183541875, "r2": 292.0888810876271, "r3": 299.7916342443157, "r4": 299.8823798667988, "r5": 284.91312517211327, "r6": 208.028686241142, "r7": 290.2210295567866}, "datetime": {"datetime": "2022-04-21 13:21:57", "elapsed": 3079.463827, "delta": 27.786804}}
{"target": -4739.72545079787, "params": {"r1": 170.78434419170884, "r2": 255.33546428565748, "r3": 236.86732357503797, "r4": 300.0, "r5": 300.0, "r6": 300.0, "r7": 300.0}, "datetime": {"datetime": "2022-04-21 13:22:03", "elapsed": 3086.113134, "delta": 6.649307}}
{"target": -11018.581120919189, "params": {"r1": 110.0, "r2": 300.0, "r3": 300.0, "r4": 300.0, "r5": 300.0, "r6": 210.08532998496844, "r7": 110.0}, "datetime": {"datetime": "2022-04-21 13:22:10", "elapsed": 3093.218795, "delta": 7.105661}}
{"target": -5317.534984910488, "params": {"r1": 153.06937081928373, "r2": 231.2858376175727, "r3": 252.15633394710986, "r4": 293.1410283715441, "r5": 300.0, "r6": 110.67771908325834, "r7": 298.0166643196532}, "datetime": {"datetime": "2022-04-21 13:22:17", "elapsed": 3099.787007, "delta": 6.568212}}
{"target": -17805.2230650769, "params": {"r1": 208.57483514765357, "r2": 250.51570104983188, "r3": 173.88145438155698, "r4": 266.49094726857044, "r5": 238.0133770118338, "r6": 124.13326320144301, "r7": 206.55808912236387}, "datetime": {"datetime": "2022-04-21 13:22:48", "elapsed": 3130.378906, "delta": 30.591899}}
{"target": -25116.08999339294, "params": {"r1": 218.59370377535654, "r2": 128.87343149098209, "r3": 134.34311112609458, "r4": 148.79408217074194, "r5": 270.1350181571247, "r6": 173.95725205916833, "r7": 178.28765428359338}, "datetime": {"datetime": "2022-04-21 13:23:16", "elapsed": 3158.97645, "delta": 28.597544}}
{"target": -5605.1215529127, "params": {"r1": 273.9750403797631, "r2": 289.72601719212264, "r3": 156.5705018376546, "r4": 300.0, "r5": 300.0, "r6": 110.0, "r7": 297.7474670050442}, "datetime": {"datetime": "2022-04-21 13:23:23", "elapsed": 3165.380167, "delta": 6.403717}}
{"target": -22998.25721994837, "params": {"r1": 140.61970067837024, "r2": 228.7517331358406, "r3": 190.3433393320554, "r4": 139.9537547791912, "r5": 186.77649296323753, "r6": 272.68356549622195, "r7": 170.44376911233866}, "datetime": {"datetime": "2022-04-21 13:23:54", "elapsed": 3196.418187, "delta": 31.03802}}
{"target": -14342.492515439391, "params": {"r1": 300.0, "r2": 300.0, "r3": 300.0, "r4": 234.64088317883042, "r5": 110.0, "r6": 300.0, "r7": 300.0}, "datetime": {"datetime": "2022-04-21 13:24:00", "elapsed": 3203.029235, "delta": 6.611048}}
{"target": -11984.842899471198, "params": {"r1": 177.1883450794907, "r2": 263.849623508126, "r3": 300.0, "r4": 195.3445689469971, "r5": 300.0, "r6": 110.0, "r7": 110.0}, "datetime": {"datetime": "2022-04-21 13:24:07", "elapsed": 3209.774742, "delta": 6.745507}}
{"target": -22747.512994816076, "params": {"r1": 134.61439540793415, "r2": 227.71277845087155, "r3": 253.65204014796456, "r4": 201.54055407176426, "r5": 187.0066825790418, "r6": 226.38798919617852, "r7": 260.6567598208019}, "datetime": {"datetime": "2022-04-21 13:24:36", "elapsed": 3238.301178, "delta": 28.526436}}
{"target": -8529.1045915582, "params": {"r1": 203.92205383512137, "r2": 223.54802520039638, "r3": 204.24581210671255, "r4": 300.0, "r5": 300.0, "r6": 300.0, "r7": 222.81544951306833}, "datetime": {"datetime": "2022-04-21 13:24:44", "elapsed": 3246.328398, "delta": 8.02722}}
{"target": -8209.855466712454, "params": {"r1": 300.0, "r2": 300.0, "r3": 300.0, "r4": 300.0, "r5": 256.76442673024343, "r6": 166.27517143671346, "r7": 300.0}, "datetime": {"datetime": "2022-04-21 13:24:52", "elapsed": 3254.81997, "delta": 8.491572}}
{"target": -7475.219442462998, "params": {"r1": 286.05675285041707, "r2": 260.77882259015576, "r3": 203.8638031430402, "r4": 295.22979375290055, "r5": 299.3848068475834, "r6": 195.0570321495354, "r7": 259.18201483933933}, "datetime": {"datetime": "2022-04-21 13:25:21", "elapsed": 3283.927362, "delta": 29.107392}}
{"target": -4764.674428687807, "params": {"r1": 268.4199125104182, "r2": 182.35976501822074, "r3": 176.0631409736431, "r4": 300.0, "r5": 300.0, "r6": 299.7016780376929, "r7": 299.39991129191327}, "datetime": {"datetime": "2022-04-21 13:25:28", "elapsed": 3290.296581, "delta": 6.369219}}
{"target": -6814.933082890721, "params": {"r1": 156.22877557968476, "r2": 267.6875396099625, "r3": 282.24362217463465, "r4": 276.5304568277429, "r5": 294.63004162744994, "r6": 119.66971024479983, "r7": 251.71829306568242}, "datetime": {"datetime": "2022-04-21 13:25:56", "elapsed": 3318.667626, "delta": 28.371045}}
{"target": -5465.146823226234, "params": {"r1": 267.6427663978175, "r2": 208.04873110020347, "r3": 188.276140393113, "r4": 300.0, "r5": 300.0, "r6": 300.0, "r7": 300.0}, "datetime": {"datetime": "2022-04-21 13:26:05", "elapsed": 3327.666955, "delta": 8.999329}}
{"target": -4007.9306696355025, "params": {"r1": 173.9185469166377, "r2": 272.97818558100255, "r3": 299.9999999960458, "r4": 300.0, "r5": 299.99999999396647, "r6": 182.82487644190365, "r7": 299.99999999424136}, "datetime": {"datetime": "2022-04-21 13:26:13", "elapsed": 3336.21817, "delta": 8.551215}}
{"target": -20588.22678770977, "params": {"r1": 225.08444257592606, "r2": 110.0, "r3": 300.0, "r4": 300.0, "r5": 182.44824221661204, "r6": 110.0, "r7": 267.32514292250454}, "datetime": {"datetime": "2022-04-21 13:26:22", "elapsed": 3344.467897, "delta": 8.249727}}
{"target": -11335.634579559792, "params": {"r1": 300.0, "r2": 240.96382634507432, "r3": 110.0, "r4": 300.0, "r5": 110.0, "r6": 110.0, "r7": 300.0}, "datetime": {"datetime": "2022-04-21 13:26:29", "elapsed": 3351.496861, "delta": 7.028964}}
{"target": -20964.624792436014, "params": {"r1": 241.15868002281093, "r2": 171.16149728991377, "r3": 206.51231304891377, "r4": 117.4522726447657, "r5": 190.33873054894855, "r6": 273.52261771787863, "r7": 275.6540362623174}, "datetime": {"datetime": "2022-04-21 13:26:58", "elapsed": 3381.164806, "delta": 29.667945}}
{"target": -4667.85801272198, "params": {"r1": 190.31553516007153, "r2": 299.99999999302344, "r3": 300.0, "r4": 297.34073838004934, "r5": 300.0, "r6": 110.0000000091162, "r7": 276.4853178994212}, "datetime": {"datetime": "2022-04-21 13:27:08", "elapsed": 3390.930884, "delta": 9.766078}}
{"target": -7592.701566637395, "params": {"r1": 132.05726851314324, "r2": 300.0, "r3": 228.57122616360724, "r4": 300.0, "r5": 300.0, "r6": 110.0, "r7": 211.21817986167486}, "datetime": {"datetime": "2022-04-21 13:27:17", "elapsed": 3399.417626, "delta": 8.486742}}
{"target": -24537.87596507524, "params": {"r1": 208.19548718832604, "r2": 142.73078035662303, "r3": 274.83648031746276, "r4": 204.38565850396907, "r5": 174.23767721165376, "r6": 201.62972487630088, "r7": 199.5190549034328}, "datetime": {"datetime": "2022-04-21 13:27:47", "elapsed": 3429.330991, "delta": 29.913365}}
{"target": -7058.688716927273, "params": {"r1": 178.789091039546, "r2": 148.33671550768966, "r3": 276.86700923630184, "r4": 300.0, "r5": 300.0, "r6": 300.0, "r7": 300.0}, "datetime": {"datetime": "2022-04-21 13:27:57", "elapsed": 3439.69809, "delta": 10.367099}}
{"target": -5037.831142909893, "params": {"r1": 164.6201243877816, "r2": 227.57129449820593, "r3": 226.25241881244358, "r4": 300.0, "r5": 300.0, "r6": 110.0, "r7": 253.42625626041348}, "datetime": {"datetime": "2022-04-21 13:28:05", "elapsed": 3447.411254, "delta": 7.713164}}
{"target": -14115.786322488355, "params": {"r1": 186.91817861576538, "r2": 300.0, "r3": 300.0, "r4": 110.0, "r5": 300.0, "r6": 110.0, "r7": 194.95166520123746}, "datetime": {"datetime": "2022-04-21 13:28:11", "elapsed": 3454.218494, "delta": 6.80724}}
{"target": -15637.062175934421, "params": {"r1": 110.0, "r2": 300.0, "r3": 110.0, "r4": 300.0, "r5": 110.0, "r6": 300.0, "r7": 300.0}, "datetime": {"datetime": "2022-04-21 13:28:18", "elapsed": 3461.007283, "delta": 6.788789}}
{"target": -4700.937534544808, "params": {"r1": 198.83582811076474, "r2": 300.0, "r3": 299.9999999315058, "r4": 299.99999999282403, "r5": 300.0, "r6": 196.63936356486658, "r7": 273.13228339014773}, "datetime": {"datetime": "2022-04-21 13:28:27", "elapsed": 3469.944819, "delta": 8.937536}}
{"target": -4402.791446935817, "params": {"r1": 185.9763800713227, "r2": 255.95861350178703, "r3": 243.7493134826673, "r4": 293.99085274643426, "r5": 299.0316179241779, "r6": 209.4845119475604, "r7": 280.2223617191221}, "datetime": {"datetime": "2022-04-21 13:28:35", "elapsed": 3477.943432, "delta": 7.998613}}
{"target": -4461.1615262632595, "params": {"r1": 217.48087873301384, "r2": 153.25039817118108, "r3": 184.8283068226762, "r4": 300.0, "r5": 300.0, "r6": 295.94110724426986, "r7": 300.0}, "datetime": {"datetime": "2022-04-21 13:28:42", "elapsed": 3484.80699, "delta": 6.863558}}
{"target": -7754.421715533024, "params": {"r1": 300.0, "r2": 300.0, "r3": 299.99999999104534, "r4": 300.0, "r5": 300.0, "r6": 110.0, "r7": 220.96088046630751}, "datetime": {"datetime": "2022-04-21 13:28:54", "elapsed": 3496.76337, "delta": 11.95638}}
{"target": -22767.731423836398, "params": {"r1": 151.3368014580308, "r2": 263.8821784040636, "r3": 118.55812478144465, "r4": 114.44152197619826, "r5": 242.33001467585916, "r6": 251.2374833745736, "r7": 283.9063631792442}, "datetime": {"datetime": "2022-04-21 13:29:25", "elapsed": 3527.361221, "delta": 30.597851}}
{"target": -5577.670217495355, "params": {"r1": 226.90299525102043, "r2": 282.4429995460746, "r3": 150.01567214385892, "r4": 300.0, "r5": 300.0, "r6": 265.11895713062216, "r7": 261.1908519170057}, "datetime": {"datetime": "2022-04-21 13:29:34", "elapsed": 3536.471782, "delta": 9.110561}}
{"target": -6851.929205442296, "params": {"r1": 270.621318643171, "r2": 299.784391660565, "r3": 110.0, "r4": 300.0, "r5": 300.0, "r6": 158.5165692736517, "r7": 243.95560424575265}, "datetime": {"datetime": "2022-04-21 13:29:41", "elapsed": 3543.362318, "delta": 6.890536}}
{"target": -6509.77580956016, "params": {"r1": 300.0, "r2": 223.89204501187155, "r3": 228.19390074301552, "r4": 280.2718317326752, "r5": 300.0, "r6": 300.0, "r7": 299.9999999998017}, "datetime": {"datetime": "2022-04-21 13:29:49", "elapsed": 3551.915505, "delta": 8.553187}}
{"target": -5073.106091839289, "params": {"r1": 251.3942280996681, "r2": 300.0, "r3": 285.2610825694852, "r4": 300.0, "r5": 299.9999999998415, "r6": 164.70058067703053, "r7": 294.5611197234777}, "datetime": {"datetime": "2022-04-21 13:29:56", "elapsed": 3558.558945, "delta": 6.64344}}
{"target": -14776.02527769496, "params": {"r1": 110.0, "r2": 189.39393106596043, "r3": 300.0, "r4": 300.0, "r5": 110.0, "r6": 300.0, "r7": 300.0}, "datetime": {"datetime": "2022-04-21 13:30:05", "elapsed": 3567.955756, "delta": 9.396811}}
{"target": -6239.184933799166, "params": {"r1": 199.34110088654526, "r2": 173.15920724977883, "r3": 186.92406649672296, "r4": 300.0, "r5": 300.0, "r6": 272.3266917457601, "r7": 300.0}, "datetime": {"datetime": "2022-04-21 13:30:12", "elapsed": 3574.960192, "delta": 7.004436}}
{"target": -25278.248216343098, "params": {"r1": 158.5566258035875, "r2": 162.9578420232707, "r3": 158.07862905471393, "r4": 175.1553987751601, "r5": 138.1624068242464, "r6": 185.32927023964803, "r7": 237.0739131244373}, "datetime": {"datetime": "2022-04-21 13:30:43", "elapsed": 3605.978654, "delta": 31.018462}}
{"target": -5761.509451800392, "params": {"r1": 244.15041170148535, "r2": 250.94379200500316, "r3": 168.78955407147498, "r4": 300.0, "r5": 300.0, "r6": 280.11825639986523, "r7": 292.46383522975657}, "datetime": {"datetime": "2022-04-21 13:30:53", "elapsed": 3615.51638, "delta": 9.537726}}
{"target": -5464.10715392657, "params": {"r1": 217.94566378054878, "r2": 215.86611529227707, "r3": 300.0, "r4": 261.27002338427565, "r5": 300.0, "r6": 300.0, "r7": 300.0}, "datetime": {"datetime": "2022-04-21 13:31:00", "elapsed": 3622.880224, "delta": 7.363844}}
{"target": -14116.826226454803, "params": {"r1": 222.9857210153177, "r2": 293.3705305982911, "r3": 165.87508028074, "r4": 272.558726659713, "r5": 260.4601650855219, "r6": 288.4506919384711, "r7": 250.60487325309822}, "datetime": {"datetime": "2022-04-21 13:31:33", "elapsed": 3655.951822, "delta": 33.071598}}
