{"target": -4933.092986808111, "params": {"r1": 300.0, "r2": 210.6965075465908, "r3": 123.971050095292, "r4": 300.0, "r5": 300.0, "r6": 298.89224745720435, "r7": 274.4668866477121}, "datetime": {"datetime": "2022-04-21 14:49:37", "elapsed": 8339.70972, "delta": 16.733922}}
{"target": -4529.2240775796945, "params": {"r1": 171.6450560904445, "r2": 234.42507487480984, "r3": 299.9999999882968, "r4": 299.99999989409577, "r5": 300.0, "r6": 110.00000012583757, "r7": 292.7730044247658}, "datetime": {"datetime": "2022-04-21 14:49:59", "elapsed": 8361.645596, "delta": 21.935876}}
{"target": -5744.434116347826, "params": {"r1": 259.77748503280685, "r2": 251.11596008810517, "r3": 261.2314600512933, "r4": 297.5831774960245, "r5": 296.2793518322879, "r6": 226.6197460789121, "r7": 280.3119525401931}, "datetime": {"datetime": "2022-04-21 14:50:22", "elapsed": 8384.893206, "delta": 23.24761}}
{"target": -5281.800472737914, "params": {"r1": 234.973264552703, "r2": 219.19535698626288, "r3": 300.0, "r4": 300.0, "r5": 300.0, "r6": 208.22503987073185, "r7": 299.99999999840935}, "datetime": {"datetime": "2022-04-21 14:50:54", "elapsed": 8416.856397, "delta": 31.963191}}
{"target": -4677.759932371576, "params": {"r1": 168.4359908053172, "r2": 230.2524050019676, "r3": 258.93699045216897, "r4": 253.5188084358284, "r5": 293.7483441104637, "r6": 110.28571022939568, "r7": 268.2799605574672}, "datetime": {"datetime": "2022-04-21 14:51:14", "elapsed": 8436.841372, "delta": 19.984975}}
{"target": -6841.902004426637, "params": {"r1": 290.2346610148829, "r2": 189.66194478246044, "r3": 110.0, "r4": 300.0, "r5": 300.0, "r6": 300.0, "r7": 236.35897180728603}, "datetime": {"datetime": "2022-04-21 14:51:35", "elapsed": 8458.192439, "delta": 21.351067}}
{"target": -6131.112970715685, "params": {"r1": 188.26960301242778, "r2": 233.91706179367208, "r3": 240.94541812415926, "r4": 298.078144543572, "r5": 297.12472582644244, "r6": 248.60759206952133, "r7": 270.9785928461696}, "datetime": {"datetime": "2022-04-21 14:51:52", "elapsed": 8474.253506, "delta": 16.061067}}
{"target": -5711.333982181835, "params": {"r1": 185.5852646630952, "r2": 229.14078582291285, "r3": 219.1836158170517, "r4": 300.0, "r5": 300.0, "r6": 114.76684400369727, "r7": 259.18307441156196}, "datetime": {"datetime": "2022-04-21 14:52:27", "elapsed": 8509.901311, "delta": 35.647805}}
{"target": -5948.37564197298, "params": {"r1": 197.3028644058885, "r2": 230.02714599311497, "r3": 264.0370888746029, "r4": 295.0619181239503, "r5": 300.0, "r6": 300.0, "r7": 272.59410309077003}, "datetime": {"datetime": "2022-04-21 14:53:04", "elapsed": 8547.082336, "delta": 37.181025}}
{"target": -15439.151584301731, "params": {"r1": 300.0, "r2": 110.0, "r3": 110.0, "r4": 110.0, "r5": 300.0, "r6": 110.0, "r7": 110.0}, "datetime": {"datetime": "2022-04-21 14:53:20", "elapsed": 8562.451365, "delta": 15.369029}}
{"target": -4778.693917329111, "params": {"r1": 208.81687047713302, "r2": 110.47937188639919, "r3": 240.47688366692842, "r4": 300.0, "r5": 300.0, "r6": 300.0, "r7": 300.0}, "datetime": {"datetime": "2022-04-21 14:53:38", "elapsed": 8581.201112, "delta": 18.749747}}
{"target": -6897.100856436731, "params": {"r1": 197.35228793984743, "r2": 219.30856497760033, "r3": 230.4464400129591, "r4": 297.25721583280796, "r5": 299.4161500440226, "r6": 135.09642391384023, "r7": 277.30933897123964}, "datetime": {"datetime": "2022-04-21 14:53:58", "elapsed": 8600.68204, "delta": 19.480928}}
{"target": -5221.296777160214, "params": {"r1": 261.4248543472005, "r2": 226.32904945491893, "r3": 299.99999999491524, "r4": 299.99999999459516, "r5": 300.0, "r6": 130.78974706323598, "r7": 265.15155593816365}, "datetime": {"datetime": "2022-04-21 14:54:33", "elapsed": 8636.224264, "delta": 35.542224}}
{"target": -21191.700441476205, "params": {"r1": 110.0, "r2": 110.0, "r3": 110.0, "r4": 300.0, "r5": 110.0, "r6": 300.0, "r7": 110.0}, "datetime": {"datetime": "2022-04-21 14:54:50", "elapsed": 8652.293138, "delta": 16.068874}}
{"target": -7283.873664624727, "params": {"r1": 288.0525416567805, "r2": 217.65776168761533, "r3": 145.4383469298088, "r4": 300.0, "r5": 278.0903472025291, "r6": 300.0, "r7": 297.22303725634913}, "datetime": {"datetime": "2022-04-21 14:55:05", "elapsed": 8668.209847, "delta": 15.916709}}
{"target": -16737.398878637257, "params": {"r1": 130.10541808959206, "r2": 204.9944077736525, "r3": 300.0, "r4": 110.0, "r5": 300.0, "r6": 110.0, "r7": 189.37775579534974}, "datetime": {"datetime": "2022-04-21 14:55:25", "elapsed": 8687.647865, "delta": 19.438018}}
{"target": -4517.186003248187, "params": {"r1": 178.5093236026089, "r2": 290.398880406875, "r3": 291.85375331635066, "r4": 287.64622746162354, "r5": 291.0022515917999, "r6": 208.06528163319973, "r7": 295.9063816739939}, "datetime": {"datetime": "2022-04-21 14:55:46", "elapsed": 8708.556179, "delta": 20.908314}}
{"target": -5789.392535632654, "params": {"r1": 261.59314151869484, "r2": 205.2640658962189, "r3": 300.0, "r4": 300.0, "r5": 300.0, "r6": 110.0, "r7": 297.61186380433884}, "datetime": {"datetime": "2022-04-21 14:56:09", "elapsed": 8731.485843, "delta": 22.929664}}
{"target": -5520.523487564739, "params": {"r1": 249.9816689873649, "r2": 249.5819858075294, "r3": 291.0216499261851, "r4": 294.43239438249634, "r5": 300.0, "r6": 300.0, "r7": 297.91187017186667}, "datetime": {"datetime": "2022-04-21 14:56:38", "elapsed": 8760.328568, "delta": 28.842725}}
{"target": -4706.614922917947, "params": {"r1": 163.80697706569606, "r2": 295.56235961995907, "r3": 259.2167562108591, "r4": 270.5654226699688, "r5": 300.0, "r6": 110.00000001978024, "r7": 293.0425546701366}, "datetime": {"datetime": "2022-04-21 14:56:57", "elapsed": 8779.295069, "delta": 18.966501}}
{"target": -9135.291244944994, "params": {"r1": 256.91569834260537, "r2": 233.03004643251563, "r3": 243.96031033722093, "r4": 300.0, "r5": 300.0, "r6": 300.0, "r7": 238.6966888988161}, "datetime": {"datetime": "2022-04-21 14:57:14", "elapsed": 8796.335845, "delta": 17.040776}}
{"target": -5870.212121288019, "params": {"r1": 178.68189418806224, "r2": 298.6337182507559, "r3": 293.0435974374682, "r4": 286.7436473260764, "r5": 286.729739501586, "r6": 227.06222140410568, "r7": 276.30305744966944}, "datetime": {"datetime": "2022-04-21 14:57:33", "elapsed": 8815.265784, "delta": 18.929939}}
{"target": -5111.394279172321, "params": {"r1": 220.04902599615477, "r2": 173.33866757400827, "r3": 175.48839507397093, "r4": 297.6340734904139, "r5": 300.0, "r6": 295.609369710492, "r7": 299.9999999982659}, "datetime": {"datetime": "2022-04-21 14:57:58", "elapsed": 8840.378922, "delta": 25.113138}}
{"target": -4552.201146570152, "params": {"r1": 189.75188212684287, "r2": 243.4739783733169, "r3": 263.8110736905742, "r4": 264.7905781310437, "r5": 298.2706630638693, "r6": 111.65428304757408, "r7": 281.23862268744745}, "datetime": {"datetime": "2022-04-21 14:58:23", "elapsed": 8865.271813, "delta": 24.892891}}
{"target": -5387.786261568655, "params": {"r1": 177.8638274022123, "r2": 276.7173834703008, "r3": 261.1590745327027, "r4": 277.12136787189854, "r5": 300.0, "r6": 110.0, "r7": 296.99360788081833}, "datetime": {"datetime": "2022-04-21 14:58:42", "elapsed": 8885.057019, "delta": 19.785206}}
{"target": -9426.779656507952, "params": {"r1": 209.07611312591462, "r2": 300.0, "r3": 300.0, "r4": 300.0, "r5": 300.0, "r6": 300.0, "r7": 110.0}, "datetime": {"datetime": "2022-04-21 14:58:59", "elapsed": 8902.218464, "delta": 17.161445}}
{"target": -4353.958699726158, "params": {"r1": 195.98862593506826, "r2": 267.04607974331935, "r3": 181.07937740550642, "r4": 300.0, "r5": 300.0, "r6": 110.0, "r7": 271.1609995641405}, "datetime": {"datetime": "2022-04-21 14:59:21", "elapsed": 8923.712638, "delta": 21.494174}}
{"target": -5180.044364937892, "params": {"r1": 197.37396472489257, "r2": 239.51283494655488, "r3": 299.01297670313403, "r4": 285.59442220139226, "r5": 299.73439108148085, "r6": 191.079250770972, "r7": 281.50701487564714}, "datetime": {"datetime": "2022-04-21 14:59:43", "elapsed": 8945.768122, "delta": 22.055484}}
{"target": -5964.341474440749, "params": {"r1": 300.0, "r2": 205.2629998029884, "r3": 300.0, "r4": 300.0, "r5": 300.0, "r6": 300.0, "r7": 285.7376623767931}, "datetime": {"datetime": "2022-04-21 15:00:03", "elapsed": 8965.613796, "delta": 19.845674}}
{"target": -5173.742752903521, "params": {"r1": 300.0, "r2": 216.8450280196734, "r3": 300.0, "r4": 263.4084523911066, "r5": 300.0, "r6": 110.0, "r7": 299.90780653346695}, "datetime": {"datetime": "2022-04-21 15:00:35", "elapsed": 8997.859975, "delta": 32.246179}}
{"target": -6525.348307949463, "params": {"r1": 226.91240870130684, "r2": 208.26631020792667, "r3": 165.67588713596868, "r4": 298.4787824862939, "r5": 287.8591203201484, "r6": 285.4400248100113, "r7": 285.901458557114}, "datetime": {"datetime": "2022-04-21 15:00:58", "elapsed": 9020.668604, "delta": 22.808629}}
{"target": -4543.438857611767, "params": {"r1": 227.11829861903863, "r2": 125.55389475868728, "r3": 228.9310687308489, "r4": 300.0, "r5": 300.0, "r6": 300.0, "r7": 298.78247826039717}, "datetime": {"datetime": "2022-04-21 15:01:24", "elapsed": 9046.834679, "delta": 26.166075}}
{"target": -6238.576996148034, "params": {"r1": 225.4430341237818, "r2": 281.38901399859645, "r3": 300.0, "r4": 267.02485826243736, "r5": 300.0, "r6": 221.76009056647368, "r7": 300.0}, "datetime": {"datetime": "2022-04-21 15:01:46", "elapsed": 9068.635713, "delta": 21.801034}}
{"target": -4657.361266814373, "params": {"r1": 174.43811658234108, "r2": 254.37145395986045, "r3": 241.8264122203906, "r4": 275.6269431764203, "r5": 299.91605658728497, "r6": 126.53356894515646, "r7": 255.41735731184238}, "datetime": {"datetime": "2022-04-21 15:02:11", "elapsed": 9093.932345, "delta": 25.296632}}
{"target": -13869.234368573998, "params": {"r1": 198.87274751880193, "r2": 110.0, "r3": 300.0, "r4": 110.0, "r5": 300.0, "r6": 110.0, "r7": 110.0}, "datetime": {"datetime": "2022-04-21 15:02:50", "elapsed": 9132.798424, "delta": 38.866079}}
{"target": -6875.855785878986, "params": {"r1": 213.49154359439964, "r2": 250.60014317813767, "r3": 236.1773423052831, "r4": 288.2052863817842, "r5": 299.9999999980638, "r6": 196.9514000045488, "r7": 251.85677318187075}, "datetime": {"datetime": "2022-04-21 15:03:10", "elapsed": 9152.849036, "delta": 20.050612}}
{"target": -20248.268476558398, "params": {"r1": 110.0, "r2": 300.0, "r3": 194.79401929595423, "r4": 300.0, "r5": 110.0, "r6": 300.0, "r7": 198.28501685030474}, "datetime": {"datetime": "2022-04-21 15:03:33", "elapsed": 9175.73582, "delta": 22.886784}}
{"target": -6478.4443456591525, "params": {"r1": 161.64769362413222, "r2": 259.97161252517543, "r3": 224.4269812505652, "r4": 266.49016419582813, "r5": 295.25616829164346, "r6": 112.5797527802184, "r7": 262.81041351631507}, "datetime": {"datetime": "2022-04-21 15:04:15", "elapsed": 9217.669102, "delta": 41.933282}}
{"target": -4684.774278087676, "params": {"r1": 277.46468035524987, "r2": 184.9389731521213, "r3": 144.67517310666466, "r4": 300.0, "r5": 300.0, "r6": 300.0, "r7": 300.0}, "datetime": {"datetime": "2022-04-21 15:04:40", "elapsed": 9242.602116, "delta": 24.933014}}
{"target": -5819.920830686911, "params": {"r1": 194.77984030387375, "r2": 259.95030220232866, "r3": 146.74615625294723, "r4": 300.0, "r5": 300.0, "r6": 110.0, "r7": 294.15068132742044}, "datetime": {"datetime": "2022-04-21 15:05:06", "elapsed": 9268.985257, "delta": 26.383141}}
{"target": -5175.422244694343, "params": {"r1": 215.10940331226928, "r2": 300.0, "r3": 168.77336744753734, "r4": 300.0, "r5": 300.0, "r6": 110.0, "r7": 265.91030735483395}, "datetime": {"datetime": "2022-04-21 15:05:30", "elapsed": 9292.691926, "delta": 23.706669}}
{"target": -13139.092559608904, "params": {"r1": 190.3537153987851, "r2": 263.37611667582667, "r3": 300.0, "r4": 300.0, "r5": 110.0, "r6": 300.0, "r7": 149.55538504605443}, "datetime": {"datetime": "2022-04-21 15:05:47", "elapsed": 9310.191125, "delta": 17.499199}}
{"target": -5929.419194322487, "params": {"r1": 157.0174178974832, "r2": 288.53697414889314, "r3": 297.8973328280499, "r4": 286.4571403839194, "r5": 298.92370608740885, "r6": 173.547760697589, "r7": 258.89749076112025}, "datetime": {"datetime": "2022-04-21 15:06:07", "elapsed": 9329.292814, "delta": 19.101689}}
{"target": -5541.217677190693, "params": {"r1": 300.0, "r2": 238.70994489401966, "r3": 300.0, "r4": 300.0, "r5": 293.0803576308556, "r6": 300.0, "r7": 299.9999999999999}, "datetime": {"datetime": "2022-04-21 15:06:51", "elapsed": 9373.554997, "delta": 44.262183}}
{"target": -6527.583397866837, "params": {"r1": 183.38816402710188, "r2": 300.0, "r3": 110.0, "r4": 300.0, "r5": 300.0, "r6": 140.31524170205586, "r7": 257.84602380904914}, "datetime": {"datetime": "2022-04-21 15:07:11", "elapsed": 9393.815388, "delta": 20.260391}}
{"target": -17449.7442116148, "params": {"r1": 182.8115034253839, "r2": 300.0, "r3": 300.0, "r4": 110.0, "r5": 110.0, "r6": 110.0, "r7": 260.9295515688758}, "datetime": {"datetime": "2022-04-21 15:07:31", "elapsed": 9413.932926, "delta": 20.117538}}
{"target": -4838.934991079654, "params": {"r1": 181.76260520460244, "r2": 256.5117282799829, "r3": 288.47368129084873, "r4": 290.0114615561173, "r5": 296.5899869953927, "r6": 172.3776701711805, "r7": 268.91120623004485}, "datetime": {"datetime": "2022-04-21 15:07:52", "elapsed": 9434.477109, "delta": 20.544183}}
{"target": -5911.574222918988, "params": {"r1": 300.0, "r2": 274.0778304028262, "r3": 111.75464610464164, "r4": 300.0, "r5": 300.0, "r6": 110.0, "r7": 261.98994694167305}, "datetime": {"datetime": "2022-04-21 15:08:15", "elapsed": 9457.451397, "delta": 22.974288}}
{"target": -6667.987733642156, "params": {"r1": 172.34848886431416, "r2": 199.5186961526511, "r3": 299.9999999942659, "r4": 300.0, "r5": 300.0, "r6": 158.09659086893586, "r7": 299.47905224370675}, "datetime": {"datetime": "2022-04-21 15:08:38", "elapsed": 9480.533919, "delta": 23.082522}}
{"target": -4682.123126308847, "params": {"r1": 248.15094331317778, "r2": 221.25028793398124, "r3": 150.45695917806268, "r4": 300.0, "r5": 300.0, "r6": 280.6521977174928, "r7": 299.99999998867173}, "datetime": {"datetime": "2022-04-21 15:08:58", "elapsed": 9500.291871, "delta": 19.757952}}
{"target": -4997.177243736426, "params": {"r1": 239.85316396722158, "r2": 222.17679780168504, "r3": 156.17851878379034, "r4": 300.0, "r5": 300.0, "r6": 275.81315415229165, "r7": 280.6319314136248}, "datetime": {"datetime": "2022-04-21 15:09:22", "elapsed": 9524.456544, "delta": 24.164673}}
{"target": -6550.827302924139, "params": {"r1": 173.13164576298175, "r2": 265.0005191976845, "r3": 224.25316419101443, "r4": 297.4395921297086, "r5": 299.1400101676926, "r6": 115.84343410105413, "r7": 225.46704649326605}, "datetime": {"datetime": "2022-04-21 15:09:48", "elapsed": 9550.923722, "delta": 26.467178}}
{"target": -11050.671882188406, "params": {"r1": 215.19138155835773, "r2": 195.57826709906658, "r3": 300.0, "r4": 300.0, "r5": 300.0, "r6": 110.0, "r7": 110.0}, "datetime": {"datetime": "2022-04-21 15:10:13", "elapsed": 9575.561485, "delta": 24.637763}}
{"target": -20944.301764632975, "params": {"r1": 300.0, "r2": 300.0, "r3": 300.0, "r4": 210.26678878471773, "r5": 110.0, "r6": 110.0, "r7": 110.0}, "datetime": {"datetime": "2022-04-21 15:10:29", "elapsed": 9592.176179, "delta": 16.614694}}
{"target": -5231.40117215937, "params": {"r1": 294.8932882633213, "r2": 216.24195516589907, "r3": 146.23680446557256, "r4": 296.6988681255771, "r5": 298.41419651246866, "r6": 289.9292687753889, "r7": 282.13517275837336}, "datetime": {"datetime": "2022-04-21 15:10:54", "elapsed": 9616.429074, "delta": 24.252895}}
{"target": -4652.748079672949, "params": {"r1": 175.8235891194571, "r2": 293.13610996599374, "r3": 300.0, "r4": 300.0, "r5": 300.0, "r6": 120.85783766217227, "r7": 257.83804506523467}, "datetime": {"datetime": "2022-04-21 15:11:16", "elapsed": 9639.18251, "delta": 22.753436}}
{"target": -7992.725486053413, "params": {"r1": 184.3522439538333, "r2": 300.0, "r3": 110.0, "r4": 300.0, "r5": 300.0, "r6": 213.8846445745748, "r7": 219.0339621670785}, "datetime": {"datetime": "2022-04-21 15:11:35", "elapsed": 9658.155304, "delta": 18.972794}}
{"target": -5536.625144386479, "params": {"r1": 159.40890725135378, "r2": 282.04060743241007, "r3": 276.7749682072107, "r4": 260.3572165629017, "r5": 299.45327034758037, "r6": 130.35937953101575, "r7": 284.2333246486037}, "datetime": {"datetime": "2022-04-21 15:12:06", "elapsed": 9688.381835, "delta": 30.226531}}
{"target": -3798.560521539224, "params": {"r1": 181.65145347569378, "r2": 228.96740130947555, "r3": 252.07550182582753, "r4": 256.6869563623389, "r5": 300.0, "r6": 110.0, "r7": 244.89514350043183}, "datetime": {"datetime": "2022-04-21 15:12:27", "elapsed": 9709.358417, "delta": 20.976582}}
{"target": -5791.48486871752, "params": {"r1": 182.5251605221424, "r2": 272.0814429141832, "r3": 279.46709879998104, "r4": 263.0674427161423, "r5": 299.52854156208855, "r6": 183.12190185812688, "r7": 275.6302596213061}, "datetime": {"datetime": "2022-04-21 15:12:48", "elapsed": 9730.450124, "delta": 21.091707}}
{"target": -4797.793041776677, "params": {"r1": 300.0, "r2": 156.8552518113012, "r3": 183.53572326746158, "r4": 300.0, "r5": 300.0, "r6": 300.0, "r7": 300.0}, "datetime": {"datetime": "2022-04-21 15:13:11", "elapsed": 9753.520073, "delta": 23.069949}}
{"target": -6712.375923833533, "params": {"r1": 110.0, "r2": 207.53694408751286, "r3": 167.96908846037033, "r4": 300.0, "r5": 300.0, "r6": 300.0, "r7": 300.0}, "datetime": {"datetime": "2022-04-21 15:13:35", "elapsed": 9778.230609, "delta": 24.710536}}
{"target": -4901.857069273803, "params": {"r1": 300.0, "r2": 179.13663227552766, "r3": 190.4490488786623, "r4": 285.7057655901378, "r5": 300.0, "r6": 300.0, "r7": 300.0}, "datetime": {"datetime": "2022-04-21 15:13:59", "elapsed": 9802.131876, "delta": 23.901267}}
{"target": -4610.562656632961, "params": {"r1": 177.19568267030866, "r2": 271.144017540834, "r3": 300.0, "r4": 296.0555322728387, "r5": 300.0, "r6": 225.60675797153664, "r7": 267.76512703273545}, "datetime": {"datetime": "2022-04-21 15:14:25", "elapsed": 9827.285897, "delta": 25.154021}}
{"target": -5061.463640721859, "params": {"r1": 212.03132930009332, "r2": 235.65823696195477, "r3": 256.04832891722947, "r4": 294.3208566024525, "r5": 299.32756763631266, "r6": 190.4966581602306, "r7": 294.34646693861896}, "datetime": {"datetime": "2022-04-21 15:14:48", "elapsed": 9850.994282, "delta": 23.708385}}
{"target": -10386.590494397358, "params": {"r1": 222.0056899125376, "r2": 196.09846063803917, "r3": 286.49883845984374, "r4": 247.18642505776836, "r5": 298.82351253358047, "r6": 113.94851393735888, "r7": 256.6923194225352}, "datetime": {"datetime": "2022-04-21 15:15:09", "elapsed": 9871.942865, "delta": 20.948583}}
{"target": -5489.86798512031, "params": {"r1": 209.90671357357218, "r2": 130.6965294398016, "r3": 228.1505740791121, "r4": 300.0, "r5": 287.32976484656666, "r6": 300.0, "r7": 300.0}, "datetime": {"datetime": "2022-04-21 15:15:31", "elapsed": 9893.343905, "delta": 21.40104}}
{"target": -5377.948463877622, "params": {"r1": 295.86466579359575, "r2": 235.0336766566551, "r3": 267.8251123995342, "r4": 299.9999999930447, "r5": 300.0, "r6": 186.59273462385673, "r7": 300.0}, "datetime": {"datetime": "2022-04-21 15:15:55", "elapsed": 9917.961593, "delta": 24.617688}}
{"target": -6445.387677590561, "params": {"r1": 222.80623138461698, "r2": 122.20762525683293, "r3": 213.34112433979433, "r4": 300.0, "r5": 300.0, "r6": 300.0, "r7": 277.99680468471}, "datetime": {"datetime": "2022-04-21 15:16:16", "elapsed": 9939.013223, "delta": 21.05163}}
{"target": -7125.923493004427, "params": {"r1": 299.9712454662675, "r2": 299.8181029372184, "r3": 268.8415611642887, "r4": 300.0, "r5": 300.0, "r6": 300.0, "r7": 271.8400309797726}, "datetime": {"datetime": "2022-04-21 15:16:37", "elapsed": 9960.124856, "delta": 21.111633}}
{"target": -7451.263159390202, "params": {"r1": 170.44310376551846, "r2": 244.10712152086492, "r3": 206.65139109521598, "r4": 300.0, "r5": 300.0, "r6": 110.14111285255332, "r7": 215.35522024347802}, "datetime": {"datetime": "2022-04-21 15:17:21", "elapsed": 10003.81819, "delta": 43.693334}}
{"target": -5114.73848201625, "params": {"r1": 228.3578514940913, "r2": 141.65180077252296, "r3": 238.3492948063219, "r4": 300.0, "r5": 300.0, "r6": 300.0, "r7": 300.0}, "datetime": {"datetime": "2022-04-21 15:17:46", "elapsed": 10029.179897, "delta": 25.361707}}
{"target": -5316.85329082601, "params": {"r1": 274.3436697733971, "r2": 228.55540782459883, "r3": 267.3441219421025, "r4": 300.0, "r5": 300.0, "r6": 110.2805115551497, "r7": 254.8517690369685}, "datetime": {"datetime": "2022-04-21 15:18:08", "elapsed": 10050.919337, "delta": 21.73944}}
{"target": -5321.736589810036, "params": {"r1": 166.24962962700823, "r2": 270.4740846486472, "r3": 298.81359491144406, "r4": 296.330400683238, "r5": 298.68369105978695, "r6": 182.91992851365313, "r7": 250.58372703994772}, "datetime": {"datetime": "2022-04-21 15:18:30", "elapsed": 10072.394095, "delta": 21.474758}}
{"target": -5834.8481794967865, "params": {"r1": 287.18527164723974, "r2": 207.19702593873737, "r3": 231.83674377005028, "r4": 300.0, "r5": 300.0, "r6": 110.0, "r7": 275.8373393457041}, "datetime": {"datetime": "2022-04-21 15:18:55", "elapsed": 10097.532863, "delta": 25.138768}}
{"target": -5172.472187950423, "params": {"r1": 168.6896328378752, "r2": 256.99021512438213, "r3": 224.91127644418478, "r4": 265.7661352698931, "r5": 300.0, "r6": 110.0, "r7": 225.85791630053802}, "datetime": {"datetime": "2022-04-21 15:19:20", "elapsed": 10122.472396, "delta": 24.939533}}
{"target": -5416.904193411152, "params": {"r1": 194.31153354489365, "r2": 252.6286543761971, "r3": 266.2264765353975, "r4": 295.03998672737316, "r5": 298.3732591647526, "r6": 284.63906427707525, "r7": 298.79273124272606}, "datetime": {"datetime": "2022-04-21 15:19:50", "elapsed": 10152.774909, "delta": 30.302513}}
