{"target": -10970.69370478371, "params": {"r1": 189.7560943830108, "r2": 267.5217130115225, "r3": 230.89335081074304, "r4": 283.94869093411137, "r5": 265.28663716869227, "r6": 287.10056721624187, "r7": 233.0579081942547}, "datetime": {"datetime": "2022-04-21 13:01:00", "elapsed": 1822.715481, "delta": 19.665428}}
{"target": -11871.237779077695, "params": {"r1": 300.0, "r2": 189.1399161034456, "r3": 300.0, "r4": 300.0, "r5": 300.0, "r6": 217.73555232827033, "r7": 110.0}, "datetime": {"datetime": "2022-04-21 13:01:05", "elapsed": 1827.336725, "delta": 4.621244}}
{"target": -5216.509788525004, "params": {"r1": 300.0, "r2": 232.19694517897014, "r3": 299.2506050454386, "r4": 299.99999999936506, "r5": 299.9999999993716, "r6": 199.87116356555342, "r7": 274.12089404680694}, "datetime": {"datetime": "2022-04-21 13:01:10", "elapsed": 1832.937189, "delta": 5.600464}}
{"target": -10887.781012811945, "params": {"r1": 242.19940862012493, "r2": 112.77965812387212, "r3": 208.7960358748025, "r4": 280.38905912353493, "r5": 135.2641560911917, "r6": 120.51994130954363, "r7": 264.8565137465464}, "datetime": {"datetime": "2022-04-21 13:01:30", "elapsed": 1852.83859, "delta": 19.901401}}
{"target": -12075.2719411851, "params": {"r1": 300.0, "r2": 110.0, "r3": 218.47133374609388, "r4": 300.0, "r5": 110.0, "r6": 110.0, "r7": 300.0}, "datetime": {"datetime": "2022-04-21 13:01:34", "elapsed": 1857.219601, "delta": 4.381011}}
{"target": -6235.95049416833, "params": {"r1": 298.6569555906529, "r2": 297.2314837064409, "r3": 175.55099782064605, "r4": 300.0, "r5": 300.0, "r6": 156.15511920567494, "r7": 263.52247243900445}, "datetime": {"datetime": "2022-04-21 13:01:39", "elapsed": 1861.985844, "delta": 4.766243}}
{"target": -17596.187081013733, "params": {"r1": 286.67324370355675, "r2": 161.76243446568733, "r3": 185.29093665635884, "r4": 273.29838795778903, "r5": 256.442942926528, "r6": 155.55761686692418, "r7": 123.73854489278699}, "datetime": {"datetime": "2022-04-21 13:01:59", "elapsed": 1882.02549, "delta": 20.039646}}
{"target": -6415.831254172765, "params": {"r1": 300.0, "r2": 300.0, "r3": 110.0, "r4": 300.0, "r5": 300.0, "r6": 203.82745550096794, "r7": 229.79030064914295}, "datetime": {"datetime": "2022-04-21 13:02:04", "elapsed": 1886.528898, "delta": 4.503408}}
{"target": -17184.941785874107, "params": {"r1": 300.0, "r2": 165.541725916447, "r3": 300.0, "r4": 300.0, "r5": 110.0, "r6": 300.0, "r7": 110.0}, "datetime": {"datetime": "2022-04-21 13:02:08", "elapsed": 1891.009737, "delta": 4.480839}}
{"target": -10826.60570538553, "params": {"r1": 243.1095242525277, "r2": 120.6575959402008, "r3": 200.22185433431184, "r4": 282.82278153544826, "r5": 132.07945631608933, "r6": 113.65756020886614, "r7": 268.6541176708407}, "datetime": {"datetime": "2022-04-21 13:02:29", "elapsed": 1911.325713, "delta": 20.315976}}
{"target": -16699.283525767813, "params": {"r1": 196.48131669515774, "r2": 110.0, "r3": 205.65543157517521, "r4": 300.0, "r5": 110.0, "r6": 110.0, "r7": 300.0}, "datetime": {"datetime": "2022-04-21 13:02:35", "elapsed": 1917.824988, "delta": 6.499275}}
{"target": -4975.432147272709, "params": {"r1": 203.65539281142958, "r2": 227.12995104479387, "r3": 300.0, "r4": 300.0, "r5": 300.0, "r6": 140.13859799958047, "r7": 258.990686934635}, "datetime": {"datetime": "2022-04-21 13:02:42", "elapsed": 1924.38049, "delta": 6.555502}}
{"target": -6037.335636293091, "params": {"r1": 191.955145461788, "r2": 213.66548684197437, "r3": 238.86225091218805, "r4": 300.0, "r5": 300.0, "r6": 300.0, "r7": 269.667825019315}, "datetime": {"datetime": "2022-04-21 13:02:46", "elapsed": 1928.68699, "delta": 4.3065}}
{"target": -5547.704049348437, "params": {"r1": 278.3186028917443, "r2": 255.70884538576962, "r3": 299.9999999994634, "r4": 290.8771548973893, "r5": 299.999999999596, "r6": 299.999999999738, "r7": 299.9999999998969}, "datetime": {"datetime": "2022-04-21 13:02:50", "elapsed": 1933.077297, "delta": 4.390307}}
{"target": -5348.369675286578, "params": {"r1": 186.10339961045426, "r2": 236.55315364736174, "r3": 243.34357437665088, "r4": 278.8810583247697, "r5": 294.8121275056416, "r6": 124.33693303167185, "r7": 278.201354375924}, "datetime": {"datetime": "2022-04-21 13:02:56", "elapsed": 1938.851985, "delta": 5.774688}}
{"target": -5334.772713275006, "params": {"r1": 192.83938694595014, "r2": 263.33668674168086, "r3": 285.6483363804924, "r4": 296.3843648973092, "r5": 289.64816448943395, "r6": 140.81727038816962, "r7": 293.55836128266617}, "datetime": {"datetime": "2022-04-21 13:03:01", "elapsed": 1943.652153, "delta": 4.800168}}
{"target": -6472.894456299768, "params": {"r1": 300.0, "r2": 269.0117553821022, "r3": 110.82498601643256, "r4": 300.0, "r5": 300.0, "r6": 300.0, "r7": 268.47297824218134}, "datetime": {"datetime": "2022-04-21 13:03:09", "elapsed": 1951.41172, "delta": 7.759567}}
{"target": -12655.954659571158, "params": {"r1": 195.87606282692576, "r2": 300.0, "r3": 300.0, "r4": 300.0, "r5": 110.0, "r6": 180.68249541863617, "r7": 110.0}, "datetime": {"datetime": "2022-04-21 13:03:15", "elapsed": 1957.918441, "delta": 6.506721}}
{"target": -11998.37856329903, "params": {"r1": 257.22908962933906, "r2": 271.42751368449296, "r3": 140.03047931261713, "r4": 277.66208006488705, "r5": 297.5112789929344, "r6": 143.97295624878748, "r7": 298.5196916136174}, "datetime": {"datetime": "2022-04-21 13:03:36", "elapsed": 1979.060615, "delta": 21.142174}}
{"target": -4974.054688436525, "params": {"r1": 300.0, "r2": 252.06362361603036, "r3": 300.0, "r4": 299.9999999999792, "r5": 300.0, "r6": 110.0, "r7": 300.0}, "datetime": {"datetime": "2022-04-21 13:03:41", "elapsed": 1984.139587, "delta": 5.078972}}
{"target": -6207.564169025483, "params": {"r1": 237.07505566158855, "r2": 300.0, "r3": 110.0, "r4": 300.0, "r5": 300.0, "r6": 218.14783222583438, "r7": 242.9367968497688}, "datetime": {"datetime": "2022-04-21 13:03:47", "elapsed": 1989.80121, "delta": 5.661623}}
{"target": -5371.571090750716, "params": {"r1": 263.8032890934442, "r2": 267.1446254564234, "r3": 151.248904867417, "r4": 300.0, "r5": 300.0, "r6": 240.2331565462959, "r7": 260.35106199978986}, "datetime": {"datetime": "2022-04-21 13:03:55", "elapsed": 1997.490049, "delta": 7.688839}}
{"target": -9140.985433131953, "params": {"r1": 153.50621982438645, "r2": 247.98848510855774, "r3": 250.2644792829116, "r4": 229.58080498772995, "r5": 300.0, "r6": 110.0, "r7": 300.0}, "datetime": {"datetime": "2022-04-21 13:03:59", "elapsed": 2002.184393, "delta": 4.694344}}
{"target": -7210.65973995457, "params": {"r1": 282.79387824109443, "r2": 248.44433253423298, "r3": 110.0, "r4": 300.0, "r5": 300.0, "r6": 206.87803297963018, "r7": 250.92062196972614}, "datetime": {"datetime": "2022-04-21 13:04:05", "elapsed": 2007.804183, "delta": 5.61979}}
{"target": -25284.409053378615, "params": {"r1": 257.4352270710921, "r2": 124.53957705071699, "r3": 125.13391488506488, "r4": 265.87786952713475, "r5": 247.2230345708391, "r6": 160.62379159108167, "r7": 154.5260504820006}, "datetime": {"datetime": "2022-04-21 13:04:27", "elapsed": 2029.27417, "delta": 21.469987}}
{"target": -11129.242952789882, "params": {"r1": 297.14034207244396, "r2": 286.9064800442096, "r3": 298.34009172406684, "r4": 298.49178791992006, "r5": 114.86400698531962, "r6": 111.92908460878213, "r7": 230.7594501741286}, "datetime": {"datetime": "2022-04-21 13:04:48", "elapsed": 2050.831113, "delta": 21.556943}}
{"target": -6133.325045273635, "params": {"r1": 259.3229220727615, "r2": 198.91886688959312, "r3": 204.89914803242675, "r4": 300.0, "r5": 300.0, "r6": 300.0, "r7": 263.59959559197574}, "datetime": {"datetime": "2022-04-21 13:04:53", "elapsed": 2055.513551, "delta": 4.682438}}
{"target": -5681.399479181322, "params": {"r1": 153.01223392318553, "r2": 270.1169725344775, "r3": 288.1501061062403, "r4": 262.7732452311795, "r5": 300.0, "r6": 110.0, "r7": 253.08903568652363}, "datetime": {"datetime": "2022-04-21 13:05:00", "elapsed": 2062.366971, "delta": 6.85342}}
{"target": -4825.145457526389, "params": {"r1": 176.46692095674956, "r2": 300.0, "r3": 299.9999999907815, "r4": 284.98655244669095, "r5": 300.0, "r6": 136.16078911701442, "r7": 298.5932921889245}, "datetime": {"datetime": "2022-04-21 13:05:06", "elapsed": 2069.022022, "delta": 6.655051}}
{"target": -4960.335758020912, "params": {"r1": 177.64437556844237, "r2": 211.69732475197017, "r3": 194.50381804621526, "r4": 300.0, "r5": 300.0, "r6": 300.0, "r7": 300.0}, "datetime": {"datetime": "2022-04-21 13:05:11", "elapsed": 2074.130417, "delta": 5.108395}}
{"target": -11308.205728872977, "params": {"r1": 300.0, "r2": 110.0, "r3": 300.0, "r4": 300.0, "r5": 300.0, "r6": 300.0, "r7": 300.0}, "datetime": {"datetime": "2022-04-21 13:05:16", "elapsed": 2079.160811, "delta": 5.030394}}
{"target": -25648.722228062805, "params": {"r1": 121.52293239322923, "r2": 236.04551959053526, "r3": 151.84582443712554, "r4": 243.2609476138019, "r5": 266.66813727071997, "r6": 164.74008770177716, "r7": 207.17136732330403}, "datetime": {"datetime": "2022-04-21 13:05:23", "elapsed": 2085.893738, "delta": 6.732927}}
{"target": -7206.996111893688, "params": {"r1": 300.0, "r2": 245.06675340192047, "r3": 300.0, "r4": 281.77285240106784, "r5": 300.0, "r6": 251.45009386289883, "r7": 299.99999998429604}, "datetime": {"datetime": "2022-04-21 13:05:27", "elapsed": 2090.118228, "delta": 4.22449}}
{"target": -14865.21929213229, "params": {"r1": 110.0, "r2": 300.0, "r3": 110.0, "r4": 110.0, "r5": 110.0, "r6": 110.0, "r7": 300.0}, "datetime": {"datetime": "2022-04-21 13:05:32", "elapsed": 2094.851208, "delta": 4.73298}}
{"target": -5732.519636008765, "params": {"r1": 212.93635792644343, "r2": 193.29995060366122, "r3": 153.19678238286335, "r4": 300.0, "r5": 300.0, "r6": 300.0, "r7": 300.0}, "datetime": {"datetime": "2022-04-21 13:05:39", "elapsed": 2101.860543, "delta": 7.009335}}
{"target": -23691.500397207732, "params": {"r1": 259.94081682323514, "r2": 145.56212204144504, "r3": 202.33368381182257, "r4": 248.30723360165385, "r5": 128.03236398860568, "r6": 241.73122613482425, "r7": 206.24973880899472}, "datetime": {"datetime": "2022-04-21 13:06:01", "elapsed": 2124.101125, "delta": 22.240582}}
{"target": -6144.931956830444, "params": {"r1": 234.96992935654285, "r2": 241.31421340984298, "r3": 148.59502098715916, "r4": 300.0, "r5": 300.0, "r6": 299.9999999793823, "r7": 268.0183504593081}, "datetime": {"datetime": "2022-04-21 13:06:06", "elapsed": 2128.888716, "delta": 4.787591}}
{"target": -11213.903460451003, "params": {"r1": 300.0, "r2": 300.0, "r3": 300.0, "r4": 221.44509845562, "r5": 300.0, "r6": 110.0, "r7": 110.0}, "datetime": {"datetime": "2022-04-21 13:06:12", "elapsed": 2135.230017, "delta": 6.341301}}
{"target": -4740.711819610744, "params": {"r1": 173.0636304506279, "r2": 256.0286765233059, "r3": 274.92433865545024, "r4": 290.37573219649175, "r5": 298.2904247894162, "r6": 239.7855099603421, "r7": 292.0578910107066}, "datetime": {"datetime": "2022-04-21 13:06:19", "elapsed": 2141.888092, "delta": 6.658075}}
{"target": -10548.971071134114, "params": {"r1": 169.7634590950008, "r2": 241.39541000423247, "r3": 287.18502802288896, "r4": 295.3721093310405, "r5": 289.00005508026686, "r6": 111.58095462299035, "r7": 191.6868526016403}, "datetime": {"datetime": "2022-04-21 13:06:42", "elapsed": 2164.461157, "delta": 22.573065}}
{"target": -5624.11642329512, "params": {"r1": 218.8133743319247, "r2": 265.2979167294359, "r3": 138.41989582620323, "r4": 300.0, "r5": 300.0, "r6": 291.6723529492864, "r7": 300.0}, "datetime": {"datetime": "2022-04-21 13:06:47", "elapsed": 2169.628005, "delta": 5.166848}}
{"target": -5149.79028749936, "params": {"r1": 248.67450815649906, "r2": 237.9710307711655, "r3": 300.0, "r4": 300.0, "r5": 300.0, "r6": 178.32234604487704, "r7": 267.0413069847612}, "datetime": {"datetime": "2022-04-21 13:06:54", "elapsed": 2176.743162, "delta": 7.115157}}
{"target": -4769.57525791266, "params": {"r1": 213.90040117595743, "r2": 235.1669895765796, "r3": 300.0, "r4": 300.0, "r5": 300.0, "r6": 110.0, "r7": 276.43713377906425}, "datetime": {"datetime": "2022-04-21 13:07:03", "elapsed": 2186.027066, "delta": 9.283904}}
{"target": -22232.905354332594, "params": {"r1": 287.6563289192304, "r2": 112.87485495805186, "r3": 164.152059079102, "r4": 185.0869178652233, "r5": 133.01305626563789, "r6": 157.46265218411352, "r7": 114.504507843236}, "datetime": {"datetime": "2022-04-21 13:07:27", "elapsed": 2209.363371, "delta": 23.336305}}
{"target": -6788.5474715830915, "params": {"r1": 295.07537211050897, "r2": 267.99777157453025, "r3": 172.14684425349046, "r4": 300.0, "r5": 300.0, "r6": 264.7348883632641, "r7": 296.5543184551533}, "datetime": {"datetime": "2022-04-21 13:07:32", "elapsed": 2214.253653, "delta": 4.890282}}
{"target": -15419.912030886187, "params": {"r1": 300.0, "r2": 110.0, "r3": 300.0, "r4": 300.0, "r5": 300.0, "r6": 110.0, "r7": 300.0}, "datetime": {"datetime": "2022-04-21 13:07:41", "elapsed": 2223.654279, "delta": 9.400626}}
{"target": -13795.06359807974, "params": {"r1": 245.1060930196549, "r2": 224.32930172185849, "r3": 297.6385270948425, "r4": 270.9110779111205, "r5": 183.81756231893456, "r6": 138.61003119802572, "r7": 272.90857627511775}, "datetime": {"datetime": "2022-04-21 13:08:04", "elapsed": 2246.67192, "delta": 23.017641}}
{"target": -5459.992798115194, "params": {"r1": 238.90490359079206, "r2": 298.1932679264329, "r3": 263.50223805697783, "r4": 300.0, "r5": 300.0, "r6": 299.9999999821182, "r7": 299.99999999715476}, "datetime": {"datetime": "2022-04-21 13:08:11", "elapsed": 2253.919038, "delta": 7.247118}}
{"target": -23427.69808952226, "params": {"r1": 268.9238683982378, "r2": 179.1181092850939, "r3": 238.66774245623918, "r4": 251.8514476259654, "r5": 218.23433242806294, "r6": 269.18995603750983, "r7": 115.96779529384858}, "datetime": {"datetime": "2022-04-21 13:08:34", "elapsed": 2277.107316, "delta": 23.188278}}
{"target": -6053.294999792339, "params": {"r1": 252.48219900897192, "r2": 277.22737744684093, "r3": 150.9204306111167, "r4": 300.0, "r5": 300.0, "r6": 220.55176932738962, "r7": 233.37603129734413}, "datetime": {"datetime": "2022-04-21 13:08:39", "elapsed": 2281.904019, "delta": 4.796703}}
{"target": -5525.256888766261, "params": {"r1": 300.0, "r2": 279.2383152694525, "r3": 143.25104888275393, "r4": 300.0, "r5": 300.0, "r6": 300.0, "r7": 299.99999998753884}, "datetime": {"datetime": "2022-04-21 13:08:45", "elapsed": 2287.39935, "delta": 5.495331}}
{"target": -5237.316146119923, "params": {"r1": 194.79135430971058, "r2": 219.65879194585196, "r3": 164.71238862441834, "r4": 300.0, "r5": 300.0, "r6": 259.44710753861574, "r7": 300.0}, "datetime": {"datetime": "2022-04-21 13:08:49", "elapsed": 2292.090832, "delta": 4.691482}}
{"target": -19499.96167239269, "params": {"r1": 254.32200504224534, "r2": 228.11402446974202, "r3": 120.14819073714399, "r4": 205.00009760329485, "r5": 227.98673382434535, "r6": 249.11625714089112, "r7": 292.688222060679}, "datetime": {"datetime": "2022-04-21 13:09:13", "elapsed": 2315.634181, "delta": 23.543349}}
{"target": -7470.0227527799, "params": {"r1": 209.86023302215725, "r2": 237.91540397584794, "r3": 110.0, "r4": 300.0, "r5": 300.0, "r6": 243.90564155465702, "r7": 300.0}, "datetime": {"datetime": "2022-04-21 13:09:19", "elapsed": 2321.440899, "delta": 5.806718}}
{"target": -6071.216642102292, "params": {"r1": 206.6322707960611, "r2": 250.12579061791968, "r3": 255.11268487866698, "r4": 293.8048460158912, "r5": 290.57272921096046, "r6": 177.09287452486586, "r7": 242.66234789990176}, "datetime": {"datetime": "2022-04-21 13:09:43", "elapsed": 2345.484176, "delta": 24.043277}}
{"target": -22284.4179489451, "params": {"r1": 125.69621225969271, "r2": 187.68762571729366, "r3": 291.45578716030604, "r4": 230.2158184089858, "r5": 164.4826598447621, "r6": 261.3281940368274, "r7": 251.98046657644076}, "datetime": {"datetime": "2022-04-21 13:10:07", "elapsed": 2369.719354, "delta": 24.235178}}
{"target": -5923.980376503483, "params": {"r1": 163.87669211984172, "r2": 171.1467897865966, "r3": 190.87075008690576, "r4": 300.0, "r5": 300.0, "r6": 300.0, "r7": 300.0}, "datetime": {"datetime": "2022-04-21 13:10:14", "elapsed": 2376.280397, "delta": 6.561043}}
{"target": -4652.479986799148, "params": {"r1": 190.43194976960024, "r2": 269.9899490540181, "r3": 293.8437203975909, "r4": 299.38585530370693, "r5": 292.33059733258403, "r6": 201.67109785867666, "r7": 298.9239283273557}, "datetime": {"datetime": "2022-04-21 13:10:38", "elapsed": 2400.861401, "delta": 24.581004}}
{"target": -6914.866358255178, "params": {"r1": 214.3372520734018, "r2": 255.4772220621899, "r3": 237.17361383253578, "r4": 299.99999999980776, "r5": 300.0, "r6": 237.51339464828982, "r7": 257.6293832812633}, "datetime": {"datetime": "2022-04-21 13:10:46", "elapsed": 2409.021548, "delta": 8.160147}}
{"target": -7618.600585598044, "params": {"r1": 299.999999975173, "r2": 238.7769517975682, "r3": 300.0, "r4": 274.27375508402656, "r5": 300.0, "r6": 300.0, "r7": 265.31855194980665}, "datetime": {"datetime": "2022-04-21 13:10:53", "elapsed": 2415.305639, "delta": 6.284091}}
{"target": -4304.954051848549, "params": {"r1": 183.13826445926324, "r2": 266.911785315923, "r3": 298.82360678527573, "r4": 299.99999996135284, "r5": 299.9999999770533, "r6": 126.24893462410127, "r7": 299.9999999662915}, "datetime": {"datetime": "2022-04-21 13:10:58", "elapsed": 2421.051897, "delta": 5.746258}}
{"target": -5720.400615299631, "params": {"r1": 267.3636275240676, "r2": 175.13855292369607, "r3": 206.31559595233196, "r4": 294.63204583059286, "r5": 295.63697175488596, "r6": 288.0688763577782, "r7": 296.1088109850439}, "datetime": {"datetime": "2022-04-21 13:11:22", "elapsed": 2445.115878, "delta": 24.063981}}
{"target": -18107.59644437545, "params": {"r1": 262.8184498527479, "r2": 140.2669640798901, "r3": 261.3316121419877, "r4": 192.09456258330925, "r5": 229.465880662504, "r6": 261.92263629407296, "r7": 261.7902672855606}, "datetime": {"datetime": "2022-04-21 13:11:47", "elapsed": 2469.610114, "delta": 24.494236}}
{"target": -11268.404312660135, "params": {"r1": 164.3806249591706, "r2": 300.0, "r3": 300.0, "r4": 300.0, "r5": 110.0, "r6": 184.14397774430532, "r7": 300.0}, "datetime": {"datetime": "2022-04-21 13:11:54", "elapsed": 2476.916541, "delta": 7.306427}}
{"target": -5795.383855328634, "params": {"r1": 236.26684063409718, "r2": 193.8527971361115, "r3": 177.50507558421194, "r4": 300.0, "r5": 300.0, "r6": 257.3178484038389, "r7": 300.0}, "datetime": {"datetime": "2022-04-21 13:12:00", "elapsed": 2482.965879, "delta": 6.049338}}
{"target": -22170.627699887347, "params": {"r1": 135.88909790206793, "r2": 281.15132263696546, "r3": 201.50961118664134, "r4": 171.7965425583511, "r5": 236.27656508072405, "r6": 209.70553032027894, "r7": 272.8869728527094}, "datetime": {"datetime": "2022-04-21 13:12:25", "elapsed": 2507.417558, "delta": 24.451679}}
{"target": -10969.807708967379, "params": {"r1": 199.68276436646374, "r2": 261.57170605968196, "r3": 226.5293667606066, "r4": 284.2079368704591, "r5": 258.95120980332536, "r6": 293.8440259237227, "r7": 234.2504749844938}, "datetime": {"datetime": "2022-04-21 13:12:49", "elapsed": 2532.03306, "delta": 24.615502}}
{"target": -5685.960843446257, "params": {"r1": 273.526874725064, "r2": 300.0, "r3": 131.41165673732394, "r4": 300.0, "r5": 300.0, "r6": 253.68678364266472, "r7": 272.98234302241906}, "datetime": {"datetime": "2022-04-21 13:12:56", "elapsed": 2538.389378, "delta": 6.356318}}
{"target": -19905.77436258229, "params": {"r1": 230.17738952243815, "r2": 179.62794669311833, "r3": 111.23718387279358, "r4": 262.787133668297, "r5": 234.540443464855, "r6": 243.09902819070962, "r7": 257.95254799682584}, "datetime": {"datetime": "2022-04-21 13:13:21", "elapsed": 2563.360353, "delta": 24.970975}}
{"target": -6401.98199337499, "params": {"r1": 298.9173188013657, "r2": 297.75532622640986, "r3": 300.0, "r4": 275.2630086912506, "r5": 300.0, "r6": 160.09647133664646, "r7": 299.9999999162462}, "datetime": {"datetime": "2022-04-21 13:13:27", "elapsed": 2570.100773, "delta": 6.74042}}
{"target": -11966.284326937443, "params": {"r1": 249.0223459790807, "r2": 110.0, "r3": 239.172474042256, "r4": 300.0, "r5": 110.0, "r6": 110.0, "r7": 239.35840369301056}, "datetime": {"datetime": "2022-04-21 13:13:32", "elapsed": 2575.064841, "delta": 4.964068}}
{"target": -6911.494316948492, "params": {"r1": 272.29183186239214, "r2": 140.839219507532, "r3": 242.14501210459812, "r4": 300.0, "r5": 300.0, "r6": 288.68333657409113, "r7": 300.0}, "datetime": {"datetime": "2022-04-21 13:13:37", "elapsed": 2579.851533, "delta": 4.786692}}
{"target": -9889.980441099047, "params": {"r1": 300.0, "r2": 267.4105463431882, "r3": 110.0, "r4": 300.0, "r5": 300.0, "r6": 240.78926285504008, "r7": 204.30231396662978}, "datetime": {"datetime": "2022-04-21 13:13:44", "elapsed": 2586.859841, "delta": 7.008308}}
{"target": -13572.460432142881, "params": {"r1": 110.0, "r2": 110.0, "r3": 213.84849217859215, "r4": 300.0, "r5": 300.0, "r6": 300.0, "r7": 110.0}, "datetime": {"datetime": "2022-04-21 13:13:53", "elapsed": 2595.39187, "delta": 8.532029}}
{"target": -5590.3973716402725, "params": {"r1": 222.2018928831281, "r2": 256.27361827139026, "r3": 263.3180757556138, "r4": 296.51829997759273, "r5": 287.3260648094207, "r6": 194.01759084906655, "r7": 288.6101449203919}, "datetime": {"datetime": "2022-04-21 13:14:01", "elapsed": 2603.286869, "delta": 7.894999}}
{"target": -16826.651668999748, "params": {"r1": 173.9666040355179, "r2": 249.4221876639123, "r3": 242.28105704524467, "r4": 173.26538182109965, "r5": 278.075414537135, "r6": 271.0042497083283, "r7": 234.8077671181377}, "datetime": {"datetime": "2022-04-21 13:14:26", "elapsed": 2628.402175, "delta": 25.115306}}
{"target": -4923.788110968706, "params": {"r1": 193.46931884201987, "r2": 240.32138515151073, "r3": 278.8548029764406, "r4": 260.7102626608086, "r5": 300.0, "r6": 110.0, "r7": 263.89437456397}, "datetime": {"datetime": "2022-04-21 13:14:30", "elapsed": 2633.121576, "delta": 4.719401}}
