{"target": -4902.216882046934, "params": {"r1": 178.84146630492629, "r2": 265.7518508824481, "r3": 300.0, "r4": 300.0, "r5": 300.0, "r6": 159.7247574309602, "r7": 250.02374950268813}, "datetime": {"datetime": "2022-04-21 12:31:15", "elapsed": 37.595028, "delta": 0.925532}}
{"target": -5450.004072787444, "params": {"r1": 300.0, "r2": 231.94004156343655, "r3": 300.0, "r4": 300.0, "r5": 300.0, "r6": 190.02343985881964, "r7": 254.48880294419314}, "datetime": {"datetime": "2022-04-21 12:31:16", "elapsed": 38.586357, "delta": 0.991329}}
{"target": -10307.218547346212, "params": {"r1": 110.0, "r2": 300.0, "r3": 300.0, "r4": 300.0, "r5": 300.0, "r6": 300.0, "r7": 110.0}, "datetime": {"datetime": "2022-04-21 12:31:16", "elapsed": 39.21913, "delta": 0.632773}}
{"target": -24104.57143014882, "params": {"r1": 226.64352229218994, "r2": 158.1679416050805, "r3": 143.6801630695357, "r4": 140.88380689539537, "r5": 217.74141688035508, "r6": 225.31809223164873, "r7": 200.20655570863846}, "datetime": {"datetime": "2022-04-21 12:31:17", "elapsed": 40.058187, "delta": 0.839057}}
{"target": -8778.40359492211, "params": {"r1": 132.10643440458492, "r2": 132.22033349379208, "r3": 300.0, "r4": 300.0, "r5": 300.0, "r6": 300.0, "r7": 110.0}, "datetime": {"datetime": "2022-04-21 12:31:18", "elapsed": 40.98366, "delta": 0.925473}}
{"target": -16475.184676683875, "params": {"r1": 174.09792649479965, "r2": 267.65204619303574, "r3": 284.45643079264437, "r4": 198.71300035458586, "r5": 247.64042114459812, "r6": 114.70304381137322, "r7": 267.5944118450317}, "datetime": {"datetime": "2022-04-21 12:31:18", "elapsed": 41.171579, "delta": 0.187919}}
{"target": -5577.933867188254, "params": {"r1": 147.92553912916645, "r2": 242.9385552551377, "r3": 300.0, "r4": 300.0, "r5": 300.0, "r6": 173.40749805421777, "r7": 300.0}, "datetime": {"datetime": "2022-04-21 12:31:19", "elapsed": 41.815801, "delta": 0.644222}}
{"target": -4703.944067714704, "params": {"r1": 205.61223004299254, "r2": 263.51518136828867, "r3": 300.0, "r4": 300.0, "r5": 300.0, "r6": 159.60180755189353, "r7": 300.0}, "datetime": {"datetime": "2022-04-21 12:31:20", "elapsed": 42.684891, "delta": 0.86909}}
{"target": -8346.744800247187, "params": {"r1": 283.8530741980585, "r2": 270.56875337983263, "r3": 293.48833638545193, "r4": 291.2517613807193, "r5": 287.3899564944995, "r6": 127.71046724104843, "r7": 238.30409973735897}, "datetime": {"datetime": "2022-04-21 12:31:20", "elapsed": 42.895344, "delta": 0.210453}}
{"target": -10379.664066800175, "params": {"r1": 110.0, "r2": 276.11730099183313, "r3": 300.0, "r4": 300.0, "r5": 300.0, "r6": 217.26579768153317, "r7": 228.06307174190647}, "datetime": {"datetime": "2022-04-21 12:31:21", "elapsed": 43.765477, "delta": 0.870133}}
{"target": -17540.24668397795, "params": {"r1": 264.8851506323158, "r2": 228.12728416211468, "r3": 147.9386819230322, "r4": 262.04598173407254, "r5": 125.28695890212202, "r6": 246.9386592642189, "r7": 210.98594830980804}, "datetime": {"datetime": "2022-04-21 12:31:21", "elapsed": 43.964011, "delta": 0.198534}}
{"target": -13345.673239647478, "params": {"r1": 123.90273766431248, "r2": 199.48806305273285, "r3": 300.0, "r4": 300.0, "r5": 110.0, "r6": 110.0, "r7": 300.0}, "datetime": {"datetime": "2022-04-21 12:31:22", "elapsed": 44.761101, "delta": 0.79709}}
{"target": -5873.390807281366, "params": {"r1": 154.51605928455933, "r2": 215.85095659741546, "r3": 300.0, "r4": 300.0, "r5": 300.0, "r6": 110.0, "r7": 257.47880965009784}, "datetime": {"datetime": "2022-04-21 12:31:23", "elapsed": 45.465168, "delta": 0.704067}}
{"target": -21104.44345890037, "params": {"r1": 164.40065499713205, "r2": 269.54962696716746, "r3": 165.36661363310628, "r4": 112.68831198720329, "r5": 269.8824079771106, "r6": 297.72051776842164, "r7": 115.63319377473799}, "datetime": {"datetime": "2022-04-21 12:31:24", "elapsed": 46.296464, "delta": 0.831296}}
{"target": -17268.74011882297, "params": {"r1": 131.40542905163267, "r2": 246.5249441927367, "r3": 126.36953911134685, "r4": 277.3721870628102, "r5": 276.8058124450778, "r6": 294.4697605603684, "r7": 276.2481410855637}, "datetime": {"datetime": "2022-04-21 12:31:24", "elapsed": 46.588008, "delta": 0.291544}}
{"target": -22688.065526358234, "params": {"r1": 231.9810191538034, "r2": 139.23123286390708, "r3": 201.0866819238904, "r4": 176.73812248892668, "r5": 110.00361954165713, "r6": 201.68166907967014, "r7": 263.5669976573459}, "datetime": {"datetime": "2022-04-21 12:31:25", "elapsed": 47.58342, "delta": 0.995412}}
{"target": -9751.268486683733, "params": {"r1": 186.9820785150275, "r2": 191.78770487770436, "r3": 300.0, "r4": 300.0, "r5": 300.0, "r6": 300.0, "r7": 208.88687782751282}, "datetime": {"datetime": "2022-04-21 12:31:26", "elapsed": 48.264349, "delta": 0.680929}}
{"target": -12363.06413418324, "params": {"r1": 160.38463229209884, "r2": 300.0, "r3": 300.0, "r4": 300.0, "r5": 110.0, "r6": 300.0, "r7": 300.0}, "datetime": {"datetime": "2022-04-21 12:31:26", "elapsed": 49.007885, "delta": 0.743536}}
{"target": -15810.98219131881, "params": {"r1": 217.54444186256455, "r2": 223.23379174285165, "r3": 197.6684260084357, "r4": 236.53303178931048, "r5": 266.81354941577786, "r6": 296.4893995538042, "r7": 251.56178890489662}, "datetime": {"datetime": "2022-04-21 12:31:27", "elapsed": 50.034403, "delta": 1.026518}}
{"target": -10606.102346240885, "params": {"r1": 209.9530994911538, "r2": 300.0, "r3": 200.75009718331512, "r4": 300.0, "r5": 300.0, "r6": 300.0, "r7": 110.0}, "datetime": {"datetime": "2022-04-21 12:31:28", "elapsed": 51.03201, "delta": 0.997607}}
{"target": -4262.955672976525, "params": {"r1": 188.06356868398143, "r2": 300.0, "r3": 300.0, "r4": 300.0, "r5": 300.0, "r6": 119.49512955814686, "r7": 300.0}, "datetime": {"datetime": "2022-04-21 12:31:29", "elapsed": 51.736927, "delta": 0.704917}}
{"target": -5258.067010777793, "params": {"r1": 202.62714229175697, "r2": 281.3074494234405, "r3": 300.0, "r4": 300.0, "r5": 300.0, "r6": 300.0, "r7": 300.0}, "datetime": {"datetime": "2022-04-21 12:31:30", "elapsed": 52.413176, "delta": 0.676249}}
{"target": -23110.47401019367, "params": {"r1": 295.44922123428, "r2": 241.71972893832995, "r3": 173.14020314840516, "r4": 149.92452361240387, "r5": 271.6021172164186, "r6": 145.90511478715047, "r7": 163.54017041735995}, "datetime": {"datetime": "2022-04-21 12:31:31", "elapsed": 53.50185, "delta": 1.088674}}
{"target": -9390.835333825597, "params": {"r1": 300.0, "r2": 300.0, "r3": 110.0, "r4": 300.0, "r5": 300.0, "r6": 110.0, "r7": 110.0}, "datetime": {"datetime": "2022-04-21 12:31:32", "elapsed": 54.269259, "delta": 0.767409}}
{"target": -22656.40322850551, "params": {"r1": 166.79383283273413, "r2": 291.40377968467067, "r3": 155.67469371496733, "r4": 182.13798989484036, "r5": 200.11837701936793, "r6": 131.54698739686881, "r7": 115.11298936672428}, "datetime": {"datetime": "2022-04-21 12:31:33", "elapsed": 55.378806, "delta": 1.109547}}
{"target": -15564.551271236056, "params": {"r1": 182.07684220943443, "r2": 272.8436026446576, "r3": 292.36281871921585, "r4": 202.01618094457928, "r5": 282.1396688117479, "r6": 289.7123843920483, "r7": 262.78216412241727}, "datetime": {"datetime": "2022-04-21 12:31:33", "elapsed": 55.598619, "delta": 0.219813}}
{"target": -6376.396400690764, "params": {"r1": 300.0, "r2": 300.0, "r3": 237.7613094080847, "r4": 300.0, "r5": 300.0, "r6": 183.2822256082342, "r7": 300.0}, "datetime": {"datetime": "2022-04-21 12:31:34", "elapsed": 56.366389, "delta": 0.76777}}
{"target": -11699.792908764699, "params": {"r1": 300.0, "r2": 300.0, "r3": 110.0, "r4": 300.0, "r5": 110.0, "r6": 110.0, "r7": 110.0}, "datetime": {"datetime": "2022-04-21 12:31:34", "elapsed": 57.239918, "delta": 0.873529}}
{"target": -13832.912488992097, "params": {"r1": 110.0, "r2": 267.27486534487474, "r3": 300.0, "r4": 110.0, "r5": 300.0, "r6": 110.0, "r7": 300.0}, "datetime": {"datetime": "2022-04-21 12:31:35", "elapsed": 58.064929, "delta": 0.825011}}
{"target": -20992.16515956266, "params": {"r1": 277.58373334737865, "r2": 294.68960341352005, "r3": 162.69810511008, "r4": 145.3185880146131, "r5": 220.72989169642364, "r6": 181.15272850781778, "r7": 215.45991102877264}, "datetime": {"datetime": "2022-04-21 12:31:37", "elapsed": 59.270613, "delta": 1.205684}}
{"target": -23246.753263425628, "params": {"r1": 223.84893973041773, "r2": 110.15523059126717, "r3": 160.72598495066984, "r4": 194.57456436811287, "r5": 213.4485991804217, "r6": 267.7028707205005, "r7": 279.86754087960355}, "datetime": {"datetime": "2022-04-21 12:31:37", "elapsed": 60.185869, "delta": 0.915256}}
{"target": -10172.178661790042, "params": {"r1": 110.0, "r2": 206.32938997311197, "r3": 300.0, "r4": 300.0, "r5": 300.0, "r6": 110.0, "r7": 110.0}, "datetime": {"datetime": "2022-04-21 12:31:38", "elapsed": 60.96084, "delta": 0.774971}}
{"target": -9379.316703587614, "params": {"r1": 300.0, "r2": 300.0, "r3": 203.22770798482264, "r4": 300.0, "r5": 300.0, "r6": 110.0, "r7": 110.0}, "datetime": {"datetime": "2022-04-21 12:31:39", "elapsed": 62.027104, "delta": 1.066264}}
{"target": -4772.585539701229, "params": {"r1": 166.32242040998523, "r2": 254.08894135161526, "r3": 300.0, "r4": 300.0, "r5": 300.0, "r6": 110.0, "r7": 300.0}, "datetime": {"datetime": "2022-04-21 12:31:40", "elapsed": 62.91924, "delta": 0.892136}}
{"target": -12727.182691585695, "params": {"r1": 225.19769831034537, "r2": 257.04331437848623, "r3": 189.459416039521, "r4": 300.0, "r5": 110.0, "r6": 110.0, "r7": 197.54923786065515}, "datetime": {"datetime": "2022-04-21 12:31:41", "elapsed": 63.859607, "delta": 0.940367}}
{"target": -16568.84959742932, "params": {"r1": 202.57518648516003, "r2": 118.74106892751766, "r3": 275.7819315862446, "r4": 137.06894945616946, "r5": 275.23923826772705, "r6": 111.15332869721178, "r7": 202.4309493340573}, "datetime": {"datetime": "2022-04-21 12:31:42", "elapsed": 65.139022, "delta": 1.279415}}
{"target": -21543.983752050528, "params": {"r1": 110.0, "r2": 110.0, "r3": 110.0, "r4": 110.0, "r5": 110.0, "r6": 110.0, "r7": 110.0}, "datetime": {"datetime": "2022-04-21 12:31:43", "elapsed": 65.988447, "delta": 0.849425}}
{"target": -21577.71062846259, "params": {"r1": 199.36652455927384, "r2": 275.670815373785, "r3": 238.16432109408032, "r4": 114.25423902458019, "r5": 154.32340366793014, "r6": 250.27383010240302, "r7": 134.25107850168283}, "datetime": {"datetime": "2022-04-21 12:31:45", "elapsed": 67.314658, "delta": 1.326211}}
{"target": -5181.322953736519, "params": {"r1": 300.0, "r2": 252.01770018789333, "r3": 300.0, "r4": 300.0, "r5": 300.0, "r6": 188.85184389248317, "r7": 300.0}, "datetime": {"datetime": "2022-04-21 12:31:46", "elapsed": 68.30376, "delta": 0.989102}}
{"target": -16124.278964470295, "params": {"r1": 184.7603432652314, "r2": 246.57875206263023, "r3": 240.6412865870645, "r4": 275.8807929348038, "r5": 221.96749689356355, "r6": 247.58923412243462, "r7": 184.45437900556914}, "datetime": {"datetime": "2022-04-21 12:31:47", "elapsed": 69.653851, "delta": 1.350091}}
{"target": -13325.277645340093, "params": {"r1": 262.5395349319339, "r2": 255.08105387173669, "r3": 135.18238364859255, "r4": 283.5827235560461, "r5": 123.66968382508108, "r6": 272.35553344255175, "r7": 217.3567198551105}, "datetime": {"datetime": "2022-04-21 12:31:47", "elapsed": 69.901879, "delta": 0.248028}}
{"target": -5074.723963502745, "params": {"r1": 173.73462630803814, "r2": 300.0, "r3": 257.25584807714205, "r4": 300.0, "r5": 300.0, "r6": 230.95571685040414, "r7": 300.0}, "datetime": {"datetime": "2022-04-21 12:31:48", "elapsed": 70.993508, "delta": 1.091629}}
{"target": -17122.840612706477, "params": {"r1": 297.5260172011464, "r2": 280.529303236704, "r3": 156.41508965459107, "r4": 270.6168358696515, "r5": 253.27175855699454, "r6": 208.9120503453548, "r7": 252.0699517710883}, "datetime": {"datetime": "2022-04-21 12:31:50", "elapsed": 72.369435, "delta": 1.375927}}
{"target": -16000.354171582698, "params": {"r1": 110.0, "r2": 110.0, "r3": 110.0, "r4": 110.0, "r5": 300.0, "r6": 110.0, "r7": 110.0}, "datetime": {"datetime": "2022-04-21 12:31:50", "elapsed": 73.065436, "delta": 0.696001}}
{"target": -24357.145093871124, "params": {"r1": 258.50524696942836, "r2": 233.7475007347681, "r3": 258.4925271271891, "r4": 157.292441566948, "r5": 178.20747685940472, "r6": 143.7546080663646, "r7": 274.37630271024506}, "datetime": {"datetime": "2022-04-21 12:31:52", "elapsed": 74.479979, "delta": 1.414543}}
{"target": -5336.3080541192885, "params": {"r1": 171.49676560155913, "r2": 284.10214604914773, "r3": 300.0, "r4": 300.0, "r5": 300.0, "r6": 110.0, "r7": 247.03557628157347}, "datetime": {"datetime": "2022-04-21 12:31:53", "elapsed": 75.728153, "delta": 1.248174}}
{"target": -5293.133919157879, "params": {"r1": 181.15856665018492, "r2": 300.0, "r3": 239.9581057690429, "r4": 300.0, "r5": 300.0, "r6": 300.0, "r7": 300.0}, "datetime": {"datetime": "2022-04-21 12:31:54", "elapsed": 76.548524, "delta": 0.820371}}
{"target": -4825.787449575799, "params": {"r1": 175.0662540827413, "r2": 271.56778007431075, "r3": 300.0, "r4": 300.0, "r5": 300.0, "r6": 237.5800626983262, "r7": 300.0}, "datetime": {"datetime": "2022-04-21 12:31:55", "elapsed": 77.495726, "delta": 0.947202}}
{"target": -20000.835683584344, "params": {"r1": 134.86779151236865, "r2": 295.6096375940874, "r3": 244.1780884031935, "r4": 253.48174948263247, "r5": 215.022900148831, "r6": 123.10934317669589, "r7": 267.0031265697766}, "datetime": {"datetime": "2022-04-21 12:31:55", "elapsed": 77.88302, "delta": 0.387294}}
{"target": -15674.212812153044, "params": {"r1": 154.58489581829494, "r2": 160.01219531416373, "r3": 290.0561092731741, "r4": 258.10863619267093, "r5": 165.48723936141678, "r6": 286.59523297405934, "r7": 260.04662707965747}, "datetime": {"datetime": "2022-04-21 12:31:57", "elapsed": 79.365526, "delta": 1.482506}}
{"target": -9509.108082847804, "params": {"r1": 300.0, "r2": 187.29866500082477, "r3": 300.0, "r4": 300.0, "r5": 300.0, "r6": 300.0, "r7": 219.6190140094099}, "datetime": {"datetime": "2022-04-21 12:31:57", "elapsed": 80.148754, "delta": 0.783228}}
{"target": -13838.494497781605, "params": {"r1": 260.80444541356195, "r2": 270.4265220102851, "r3": 121.85536512535153, "r4": 284.35749077339915, "r5": 110.03901280807017, "r6": 271.8880316407028, "r7": 215.43181665587431}, "datetime": {"datetime": "2022-04-21 12:31:58", "elapsed": 80.407052, "delta": 0.258298}}
{"target": -12291.323921317082, "params": {"r1": 205.14638299504895, "r2": 255.68056605309644, "r3": 234.36500759114918, "r4": 300.0, "r5": 110.0, "r6": 300.0, "r7": 225.33073647861073}, "datetime": {"datetime": "2022-04-21 12:31:59", "elapsed": 81.520309, "delta": 1.113257}}
{"target": -4945.093711565819, "params": {"r1": 203.57646915336449, "r2": 236.81504425648274, "r3": 300.0, "r4": 300.0, "r5": 300.0, "r6": 110.0, "r7": 257.4459794982961}, "datetime": {"datetime": "2022-04-21 12:32:00", "elapsed": 82.496623, "delta": 0.976314}}
{"target": -5312.521137853826, "params": {"r1": 300.0, "r2": 279.5436061758367, "r3": 278.40241495437203, "r4": 300.0, "r5": 300.0, "r6": 183.94351234147186, "r7": 263.80887495385065}, "datetime": {"datetime": "2022-04-21 12:32:01", "elapsed": 83.338123, "delta": 0.8415}}
{"target": -5510.917231797079, "params": {"r1": 184.55119699254956, "r2": 258.184062652427, "r3": 300.0, "r4": 254.00968293759325, "r5": 300.0, "r6": 110.0, "r7": 300.0}, "datetime": {"datetime": "2022-04-21 12:32:01", "elapsed": 84.147892, "delta": 0.809769}}
{"target": -4860.276409614004, "params": {"r1": 300.0, "r2": 279.0722856159338, "r3": 300.0, "r4": 300.0, "r5": 300.0, "r6": 132.2838200114277, "r7": 300.0}, "datetime": {"datetime": "2022-04-21 12:32:02", "elapsed": 85.036883, "delta": 0.888991}}
{"target": -10200.362969151498, "params": {"r1": 178.29068666237825, "r2": 243.83211015931366, "r3": 300.0, "r4": 300.0, "r5": 241.54680629894867, "r6": 300.0, "r7": 300.0}, "datetime": {"datetime": "2022-04-21 12:32:03", "elapsed": 85.703775, "delta": 0.666892}}
{"target": -18466.833329927, "params": {"r1": 181.59032159952076, "r2": 282.27116936913615, "r3": 184.4230059326058, "r4": 252.09388468292275, "r5": 222.06727037868222, "r6": 170.04391162267314, "r7": 110.75211778815108}, "datetime": {"datetime": "2022-04-21 12:32:05", "elapsed": 87.317267, "delta": 1.613492}}
{"target": -4728.364584031777, "params": {"r1": 233.12662411070824, "r2": 300.0, "r3": 300.0, "r4": 300.0, "r5": 300.0, "r6": 156.95073049754603, "r7": 300.0}, "datetime": {"datetime": "2022-04-21 12:32:05", "elapsed": 88.155799, "delta": 0.838532}}
{"target": -4796.145590712258, "params": {"r1": 192.88040341119776, "r2": 300.0, "r3": 259.473861176123, "r4": 300.0, "r5": 300.0, "r6": 138.64799941193877, "r7": 300.0}, "datetime": {"datetime": "2022-04-21 12:32:06", "elapsed": 89.109296, "delta": 0.953497}}
{"target": -20628.551830494736, "params": {"r1": 224.61566881336188, "r2": 297.22972430910147, "r3": 239.02654371381715, "r4": 111.62264804043038, "r5": 146.6485487343032, "r6": 295.9281910596192, "r7": 117.536033051021}, "datetime": {"datetime": "2022-04-21 12:32:08", "elapsed": 90.850742, "delta": 1.741446}}
{"target": -10899.379793496419, "params": {"r1": 184.52155517165954, "r2": 300.0, "r3": 110.0, "r4": 300.0, "r5": 300.0, "r6": 110.0, "r7": 110.0}, "datetime": {"datetime": "2022-04-21 12:32:09", "elapsed": 91.478236, "delta": 0.627494}}
{"target": -18606.58120797512, "params": {"r1": 164.24865020323452, "r2": 177.54382294593415, "r3": 274.6463360389579, "r4": 251.7300205548212, "r5": 172.54042750506503, "r6": 281.8578121854961, "r7": 258.3148947706091}, "datetime": {"datetime": "2022-04-21 12:32:09", "elapsed": 91.772273, "delta": 0.294037}}
{"target": -4468.041458978238, "params": {"r1": 189.73991325174126, "r2": 275.32470388116883, "r3": 271.58391862497, "r4": 300.0, "r5": 300.0, "r6": 193.4611911107029, "r7": 300.0}, "datetime": {"datetime": "2022-04-21 12:32:10", "elapsed": 92.803312, "delta": 1.031039}}
{"target": -24543.636537048904, "params": {"r1": 153.66850308287803, "r2": 169.71794402815914, "r3": 129.26614929833104, "r4": 160.79290857570788, "r5": 232.58857565803078, "r6": 225.926295364004, "r7": 165.759791795254}, "datetime": {"datetime": "2022-04-21 12:32:12", "elapsed": 94.547492, "delta": 1.74418}}
{"target": -6525.079872766497, "params": {"r1": 212.89323916771218, "r2": 191.73482992610622, "r3": 300.0, "r4": 300.0, "r5": 300.0, "r6": 110.0, "r7": 300.0}, "datetime": {"datetime": "2022-04-21 12:32:13", "elapsed": 95.779982, "delta": 1.23249}}
{"target": -16483.482599360184, "params": {"r1": 288.47129419136843, "r2": 117.99351392831448, "r3": 286.8397892935071, "r4": 237.12586997496652, "r5": 122.04648869626234, "r6": 197.74072332245242, "r7": 285.4870288819907}, "datetime": {"datetime": "2022-04-21 12:32:15", "elapsed": 97.57885, "delta": 1.798868}}
{"target": -5882.473596217073, "params": {"r1": 197.32244832450294, "r2": 278.78090562879714, "r3": 265.47119776260314, "r4": 300.0, "r5": 300.0, "r6": 266.1460419333726, "r7": 300.0}, "datetime": {"datetime": "2022-04-21 12:32:16", "elapsed": 98.32862, "delta": 0.74977}}
{"target": -15275.025301214971, "params": {"r1": 207.08584108074032, "r2": 110.0, "r3": 300.0, "r4": 300.0, "r5": 110.0, "r6": 300.0, "r7": 300.0}, "datetime": {"datetime": "2022-04-21 12:32:16", "elapsed": 99.197961, "delta": 0.869341}}
{"target": -5259.512412415255, "params": {"r1": 225.51558622935912, "r2": 300.0, "r3": 267.85591005583336, "r4": 300.0, "r5": 300.0, "r6": 110.0, "r7": 300.0}, "datetime": {"datetime": "2022-04-21 12:32:17", "elapsed": 100.066067, "delta": 0.868106}}
{"target": -19981.159961611156, "params": {"r1": 237.31940204796902, "r2": 223.2739439762493, "r3": 233.6098186977772, "r4": 175.35330976126792, "r5": 287.54795941939506, "r6": 220.87216490107141, "r7": 211.76904356059669}, "datetime": {"datetime": "2022-04-21 12:32:19", "elapsed": 101.910323, "delta": 1.844256}}
{"target": -4723.80265448288, "params": {"r1": 188.97849063405906, "r2": 248.4861798408565, "r3": 300.0, "r4": 300.0, "r5": 300.0, "r6": 201.74322699186968, "r7": 273.3753172902831}, "datetime": {"datetime": "2022-04-21 12:32:20", "elapsed": 102.868912, "delta": 0.958589}}
{"target": -23284.07561021618, "params": {"r1": 153.50243208395682, "r2": 156.90778207455384, "r3": 176.20790954083057, "r4": 284.99178361902585, "r5": 197.34182863299415, "r6": 143.69453983898023, "r7": 292.3381961556953}, "datetime": {"datetime": "2022-04-21 12:32:22", "elapsed": 104.742219, "delta": 1.873307}}
{"target": -15777.235171347664, "params": {"r1": 110.0, "r2": 110.0, "r3": 300.0, "r4": 300.0, "r5": 300.0, "r6": 202.49357373696486, "r7": 110.0}, "datetime": {"datetime": "2022-04-21 12:32:23", "elapsed": 105.633071, "delta": 0.890852}}
{"target": -4403.830302963218, "params": {"r1": 181.91552263191937, "r2": 300.0, "r3": 274.97575920053487, "r4": 300.0, "r5": 300.0, "r6": 176.22607425147, "r7": 271.0419035218797}, "datetime": {"datetime": "2022-04-21 12:32:24", "elapsed": 106.813515, "delta": 1.180444}}
{"target": -4788.67651365312, "params": {"r1": 206.30851173712432, "r2": 300.0, "r3": 280.2607426954748, "r4": 300.0, "r5": 300.0, "r6": 209.50437641342356, "r7": 300.0}, "datetime": {"datetime": "2022-04-21 12:32:25", "elapsed": 107.758598, "delta": 0.945083}}
{"target": -12254.045019867895, "params": {"r1": 185.93603658250277, "r2": 240.5276662909533, "r3": 237.75871456367605, "r4": 290.17373745002544, "r5": 130.31078438021913, "r6": 170.9607280881708, "r7": 198.68261209892995}, "datetime": {"datetime": "2022-04-21 12:32:25", "elapsed": 108.08248, "delta": 0.323882}}
{"target": -7107.844326305621, "params": {"r1": 300.0, "r2": 193.22917553680475, "r3": 300.0, "r4": 300.0, "r5": 300.0, "r6": 110.0, "r7": 250.14806126264847}, "datetime": {"datetime": "2022-04-21 12:32:26", "elapsed": 109.058595, "delta": 0.976115}}
