{"target": -6186.454519545078, "params": {"r1": 172.15032561235674, "r2": 300.0, "r3": 194.88445522114134, "r4": 300.0, "r5": 300.0, "r6": 110.0, "r7": 246.62136330119108}, "datetime": {"datetime": "2022-04-21 15:20:17", "elapsed": 10179.824836, "delta": 27.049927}}
{"target": -5283.832711436925, "params": {"r1": 283.72213369644726, "r2": 265.3330996888843, "r3": 285.0270850837321, "r4": 297.3064073404748, "r5": 295.4280172895531, "r6": 169.62398898275976, "r7": 298.00261207189845}, "datetime": {"datetime": "2022-04-21 15:21:07", "elapsed": 10229.905706, "delta": 50.08087}}
{"target": -4770.572398939027, "params": {"r1": 235.0476988735985, "r2": 280.92885662804065, "r3": 292.363246588075, "r4": 300.0, "r5": 299.9999999954378, "r6": 111.30799056675366, "r7": 283.46326190136625}, "datetime": {"datetime": "2022-04-21 15:21:37", "elapsed": 10259.364325, "delta": 29.458619}}
{"target": -5632.147854068417, "params": {"r1": 231.70932629846988, "r2": 275.63263605228923, "r3": 253.81855371627037, "r4": 299.99999998718704, "r5": 299.9999999762804, "r6": 157.68989320376252, "r7": 280.8030021134524}, "datetime": {"datetime": "2022-04-21 15:22:03", "elapsed": 10285.536256, "delta": 26.171931}}
{"target": -8630.87817141436, "params": {"r1": 190.8581296702033, "r2": 242.78800192657948, "r3": 273.2431783416438, "r4": 284.49420935358523, "r5": 286.52080965974585, "r6": 178.12216917772307, "r7": 254.04800790450219}, "datetime": {"datetime": "2022-04-21 15:22:31", "elapsed": 10314.061501, "delta": 28.525245}}
{"target": -4836.305777865284, "params": {"r1": 197.61999209612983, "r2": 245.21794467617866, "r3": 261.31087736046425, "r4": 284.80289007358897, "r5": 298.9232644335176, "r6": 212.16420666105103, "r7": 280.20192503844123}, "datetime": {"datetime": "2022-04-21 15:22:57", "elapsed": 10339.67269, "delta": 25.611189}}
{"target": -4899.195563285413, "params": {"r1": 160.92653335649723, "r2": 299.99999997695966, "r3": 299.8116358170372, "r4": 284.8053507387039, "r5": 300.0, "r6": 212.97682108051595, "r7": 294.7025500502382}, "datetime": {"datetime": "2022-04-21 15:23:21", "elapsed": 10363.272816, "delta": 23.600126}}
{"target": -5188.403086149654, "params": {"r1": 283.7740858162625, "r2": 300.0, "r3": 131.6317887285514, "r4": 300.0, "r5": 300.0, "r6": 300.0, "r7": 278.3225974943412}, "datetime": {"datetime": "2022-04-21 15:23:47", "elapsed": 10389.594736, "delta": 26.32192}}
{"target": -4798.002009678303, "params": {"r1": 300.0, "r2": 300.0, "r3": 295.5352459444155, "r4": 299.99999997224285, "r5": 300.0, "r6": 179.44669181902847, "r7": 300.0}, "datetime": {"datetime": "2022-04-21 15:24:22", "elapsed": 10425.150035, "delta": 35.555299}}
{"target": -6227.029521642712, "params": {"r1": 268.297744110395, "r2": 206.76198059835536, "r3": 272.9042970515062, "r4": 295.9040802838948, "r5": 299.920812351928, "r6": 196.4304745290873, "r7": 274.42507528120404}, "datetime": {"datetime": "2022-04-21 15:24:50", "elapsed": 10452.704415, "delta": 27.55438}}
{"target": -7076.850422802302, "params": {"r1": 205.25371173065375, "r2": 299.99999999820795, "r3": 300.0, "r4": 230.71928199105758, "r5": 300.0, "r6": 110.15945852533204, "r7": 300.0}, "datetime": {"datetime": "2022-04-21 15:25:14", "elapsed": 10477.057194, "delta": 24.352779}}
{"target": -5605.577046354907, "params": {"r1": 250.87229047414306, "r2": 243.70109013109058, "r3": 279.60688573021935, "r4": 296.3298099344795, "r5": 292.19232055617806, "r6": 174.04079435143063, "r7": 252.2946475376659}, "datetime": {"datetime": "2022-04-21 15:25:44", "elapsed": 10506.602442, "delta": 29.545248}}
{"target": -4785.188392249206, "params": {"r1": 298.1373995569623, "r2": 183.95412012885237, "r3": 139.16635416278976, "r4": 300.0, "r5": 300.0, "r6": 300.0, "r7": 272.1030214237093}, "datetime": {"datetime": "2022-04-21 15:26:13", "elapsed": 10536.041096, "delta": 29.438654}}
{"target": -12411.819586099853, "params": {"r1": 110.0, "r2": 300.0, "r3": 300.0, "r4": 224.30955631335988, "r5": 110.0, "r6": 110.0, "r7": 300.0}, "datetime": {"datetime": "2022-04-21 15:26:48", "elapsed": 10571.081303, "delta": 35.040207}}
{"target": -5546.001141299461, "params": {"r1": 264.72255722051, "r2": 270.937468360825, "r3": 143.17878269095596, "r4": 300.0, "r5": 300.0, "r6": 298.3590202217201, "r7": 298.59438659534646}, "datetime": {"datetime": "2022-04-21 15:27:32", "elapsed": 10614.292611, "delta": 43.211308}}
{"target": -5513.33629604259, "params": {"r1": 300.0, "r2": 255.78401206037657, "r3": 281.9113208009464, "r4": 300.0, "r5": 300.0, "r6": 110.00000001603235, "r7": 247.7603018509758}, "datetime": {"datetime": "2022-04-21 15:28:08", "elapsed": 10650.249931, "delta": 35.95732}}
{"target": -8769.42918305015, "params": {"r1": 171.50402070711297, "r2": 246.54504984154488, "r3": 244.7896874875832, "r4": 233.3483207524961, "r5": 300.0, "r6": 110.0, "r7": 234.29082281493345}, "datetime": {"datetime": "2022-04-21 15:28:48", "elapsed": 10690.487879, "delta": 40.237948}}
{"target": -11717.20612330049, "params": {"r1": 110.0, "r2": 300.0, "r3": 300.0, "r4": 300.0, "r5": 192.20640586288798, "r6": 300.0, "r7": 300.0}, "datetime": {"datetime": "2022-04-21 15:29:18", "elapsed": 10720.723991, "delta": 30.236112}}
{"target": -4653.982072359336, "params": {"r1": 209.62774172996004, "r2": 128.2821815524552, "r3": 201.98661405261984, "r4": 300.0, "r5": 300.0, "r6": 300.0, "r7": 300.0}, "datetime": {"datetime": "2022-04-21 15:29:41", "elapsed": 10743.579905, "delta": 22.855914}}
{"target": -11959.55257448269, "params": {"r1": 110.0, "r2": 300.0, "r3": 110.0, "r4": 300.0, "r5": 300.0, "r6": 244.36626800868493, "r7": 300.0}, "datetime": {"datetime": "2022-04-21 15:30:12", "elapsed": 10774.807505, "delta": 31.2276}}
{"target": -5063.6864368004335, "params": {"r1": 195.44121074924402, "r2": 252.6941480233034, "r3": 260.25015300552036, "r4": 295.63420003376706, "r5": 292.81321462290964, "r6": 202.3655658102093, "r7": 299.5221840849772}, "datetime": {"datetime": "2022-04-21 15:30:46", "elapsed": 10808.674689, "delta": 33.867184}}
{"target": -10466.805533511528, "params": {"r1": 253.40910989048447, "r2": 242.62428047872294, "r3": 168.7553989315782, "r4": 300.0, "r5": 300.0, "r6": 300.0, "r7": 110.0}, "datetime": {"datetime": "2022-04-21 15:31:15", "elapsed": 10838.210871, "delta": 29.536182}}
{"target": -10219.47116212274, "params": {"r1": 199.06060644191, "r2": 300.0, "r3": 110.0, "r4": 300.0, "r5": 300.0, "r6": 300.0, "r7": 110.0}, "datetime": {"datetime": "2022-04-21 15:31:46", "elapsed": 10868.928448, "delta": 30.717577}}
{"target": -5535.9377072253355, "params": {"r1": 194.79544322382066, "r2": 276.7727078437738, "r3": 238.74838042416943, "r4": 299.92689638780774, "r5": 300.0, "r6": 300.0, "r7": 289.69263157487336}, "datetime": {"datetime": "2022-04-21 15:32:24", "elapsed": 10906.442011, "delta": 37.513563}}
{"target": -4798.0584975443835, "params": {"r1": 300.0, "r2": 176.7882901750255, "r3": 120.81908022866227, "r4": 300.0, "r5": 300.0, "r6": 300.0, "r7": 291.7146161835698}, "datetime": {"datetime": "2022-04-21 15:32:58", "elapsed": 10940.866928, "delta": 34.424917}}
{"target": -23810.56498356081, "params": {"r1": 300.0, "r2": 300.0, "r3": 110.0, "r4": 207.0536508196392, "r5": 300.0, "r6": 300.0, "r7": 110.0}, "datetime": {"datetime": "2022-04-21 15:33:31", "elapsed": 10973.949718, "delta": 33.08279}}
