{"target": -19472.316344941522, "params": {"r1": 208.28084371521464, "r2": 284.1171120802406, "r3": 191.03020981526524, "r4": 157.00524695445324, "r5": 180.54581464302035, "r6": 287.05361216094275, "r7": 288.00499244872776}, "datetime": {"datetime": "2022-04-21 12:30:40", "elapsed": 2.583281, "delta": 0.035337}}
{"target": -24547.940940715314, "params": {"r1": 270.42269022748553, "r2": 284.8392377180755, "r3": 153.30105509075022, "r4": 126.62161981518227, "r5": 153.18884989409088, "r6": 169.73155706166958, "r7": 143.2055165076992}, "datetime": {"datetime": "2022-04-21 12:30:40", "elapsed": 2.61891, "delta": 0.035629}}
{"target": -22668.429877495946, "params": {"r1": 225.3478907747675, "r2": 188.58141885022064, "r3": 265.1067872471707, "r4": 145.1747756711158, "r5": 243.35654065369897, "r6": 155.66756872133638, "r7": 219.10162687976333}, "datetime": {"datetime": "2022-04-21 12:30:40", "elapsed": 2.654092, "delta": 0.035182}}
{"target": -24111.850833576522, "params": {"r1": 176.3076434719499, "r2": 120.82323590173822, "r3": 153.4745974824714, "r4": 236.17948551741074, "r5": 204.47751773850092, "r6": 208.613036973999, "r7": 143.19682852069528}, "datetime": {"datetime": "2022-04-21 12:30:40", "elapsed": 2.689317, "delta": 0.035225}}
{"target": -13661.641606456278, "params": {"r1": 218.4360117937887, "r2": 299.38315078955986, "r3": 265.1986706704082, "r4": 222.93079852788577, "r5": 295.4379229828719, "r6": 281.29689108717105, "r7": 223.16550738450263}, "datetime": {"datetime": "2022-04-21 12:30:40", "elapsed": 2.724521, "delta": 0.035204}}
{"target": -26981.845392976786, "params": {"r1": 116.16100180974685, "r2": 127.77964820532134, "r3": 122.42062585802302, "r4": 195.8292982513803, "r5": 181.33261830189298, "r6": 295.3165065113544, "r7": 141.91682570792682}, "datetime": {"datetime": "2022-04-21 12:30:40", "elapsed": 2.759552, "delta": 0.035031}}
{"target": -19986.96307188628, "params": {"r1": 294.8296424672045, "r2": 255.82022508397247, "r3": 266.6051895286546, "r4": 230.19700518781949, "r5": 237.0592263392791, "r6": 200.60764336902673, "r7": 112.49590781538373}, "datetime": {"datetime": "2022-04-21 12:30:40", "elapsed": 2.794648, "delta": 0.035096}}
{"target": -24414.365761756355, "params": {"r1": 177.0711562529467, "r2": 203.49364228377613, "r3": 248.71733010711984, "r4": 199.03938512176074, "r5": 196.90693405699201, "r6": 136.1559207796646, "r7": 112.068859422661}, "datetime": {"datetime": "2022-04-21 12:30:40", "elapsed": 2.829839, "delta": 0.035191}}
{"target": -23466.361057484628, "params": {"r1": 254.07286949062927, "r2": 170.7910392347589, "r3": 297.03285553676704, "r4": 151.84450297023963, "r5": 174.35452484151915, "r6": 209.54026577656504, "r7": 253.4293768415012}, "datetime": {"datetime": "2022-04-21 12:30:40", "elapsed": 2.865064, "delta": 0.035225}}
{"target": -23272.79089952693, "params": {"r1": 198.13297894105617, "r2": 133.7162831912185, "r3": 169.3752619134894, "r4": 205.85864224318897, "r5": 238.03131152320486, "r6": 256.3284916992975, "r7": 134.76379838132732}, "datetime": {"datetime": "2022-04-21 12:30:40", "elapsed": 2.900398, "delta": 0.035334}}
{"target": -24973.36784732333, "params": {"r1": 114.35387495125254, "r2": 208.625641220278, "r3": 263.8978550258591, "r4": 112.3947157356765, "r5": 237.76927048420944, "r6": 240.49356306482844, "r7": 195.35688318146114}, "datetime": {"datetime": "2022-04-21 12:30:40", "elapsed": 2.9354, "delta": 0.035002}}
{"target": -18604.557214333556, "params": {"r1": 283.8098504809675, "r2": 232.42860610382866, "r3": 110.99556915377852, "r4": 202.04140464773135, "r5": 273.270383158544, "r6": 267.77591830709446, "r7": 233.33929745137078}, "datetime": {"datetime": "2022-04-21 12:30:40", "elapsed": 2.970477, "delta": 0.035077}}
{"target": -21132.861086500565, "params": {"r1": 238.00270054074002, "r2": 219.9149201599481, "r3": 162.0827572817019, "r4": 216.50069820185115, "r5": 237.62865911530986, "r6": 176.9616297411177, "r7": 272.6073897782463}, "datetime": {"datetime": "2022-04-21 12:30:40", "elapsed": 3.005588, "delta": 0.035111}}
{"target": -21288.505560224497, "params": {"r1": 147.05712234165438, "r2": 251.9909539630654, "r3": 165.0245217755067, "r4": 257.0218645763946, "r5": 191.27009257385447, "r6": 263.4626977313198, "r7": 177.17162390691817}, "datetime": {"datetime": "2022-04-21 12:30:40", "elapsed": 3.040915, "delta": 0.035327}}
{"target": -21271.298664060043, "params": {"r1": 150.60171514962042, "r2": 255.78405660013564, "r3": 168.64197004982373, "r4": 249.31656286802124, "r5": 251.4498990847691, "r6": 152.0653731725582, "r7": 150.6813059959232}, "datetime": {"datetime": "2022-04-21 12:30:40", "elapsed": 3.076104, "delta": 0.035189}}
{"target": -25229.478196870536, "params": {"r1": 147.80010545114266, "r2": 137.07848417551048, "r3": 181.64569384939347, "r4": 115.05929809140808, "r5": 131.07487011650574, "r6": 238.167164515048, "r7": 261.9575420105034}, "datetime": {"datetime": "2022-04-21 12:30:40", "elapsed": 3.111534, "delta": 0.03543}}
{"target": -22333.211604097603, "params": {"r1": 125.30061015439333, "r2": 154.0234389923005, "r3": 149.44887574272474, "r4": 284.2933769855098, "r5": 245.14975844593246, "r6": 215.2380760997687, "r7": 167.85841770491785}, "datetime": {"datetime": "2022-04-21 12:30:40", "elapsed": 3.146915, "delta": 0.035381}}
{"target": -20025.304931930455, "params": {"r1": 268.6222690500417, "r2": 192.7081319496088, "r3": 285.4566808725673, "r4": 244.1498428238273, "r5": 200.82594851340383, "r6": 133.97991971237815, "r7": 295.44827458887204}, "datetime": {"datetime": "2022-04-21 12:30:40", "elapsed": 3.182739, "delta": 0.035824}}
{"target": -28314.255234979173, "params": {"r1": 140.36839356537774, "r2": 148.4944037917359, "r3": 191.92453348047047, "r4": 186.79836209727796, "r5": 137.88278134521588, "r6": 248.57059467861345, "r7": 145.86156270666532}, "datetime": {"datetime": "2022-04-21 12:30:40", "elapsed": 3.217978, "delta": 0.035239}}
{"target": -19565.075230850372, "params": {"r1": 232.34017241921595, "r2": 253.31813060949676, "r3": 150.03915449583093, "r4": 224.1813071404516, "r5": 252.29639129670892, "r6": 231.26155501786334, "r7": 223.45418755986333}, "datetime": {"datetime": "2022-04-21 12:30:41", "elapsed": 3.253069, "delta": 0.035091}}
{"target": -14205.025927529989, "params": {"r1": 166.14163427454446, "r2": 249.00522953588668, "r3": 289.6086035999905, "r4": 190.85666414969393, "r5": 258.614545197967, "r6": 120.6667975357639, "r7": 268.70160447309354}, "datetime": {"datetime": "2022-04-21 12:30:41", "elapsed": 3.288403, "delta": 0.035334}}
{"target": -25724.21551830329, "params": {"r1": 146.52750319620807, "r2": 185.0684050890949, "r3": 167.01539872581773, "r4": 125.21969232314936, "r5": 281.87989055788614, "r6": 180.32929373521029, "r7": 210.83251331046648}, "datetime": {"datetime": "2022-04-21 12:30:41", "elapsed": 3.323542, "delta": 0.035139}}
{"target": -25283.609117738786, "params": {"r1": 203.88209052030174, "r2": 135.11061696915826, "r3": 149.22627118899226, "r4": 124.47587371614102, "r5": 206.50512298960462, "r6": 159.69441484826754, "r7": 177.84170568773047}, "datetime": {"datetime": "2022-04-21 12:30:41", "elapsed": 3.358825, "delta": 0.035283}}
{"target": -19488.810861219794, "params": {"r1": 130.532412452475, "r2": 259.63484953397636, "r3": 130.2509365898722, "r4": 297.2846765055057, "r5": 143.6606212432993, "r6": 218.75697136258339, "r7": 118.52061357192675}, "datetime": {"datetime": "2022-04-21 12:30:41", "elapsed": 3.393926, "delta": 0.035101}}
{"target": -23606.229779426572, "params": {"r1": 259.5520950346085, "r2": 146.02513008547635, "r3": 210.30175589754407, "r4": 250.6147332002236, "r5": 138.48698213427863, "r6": 214.70656309552464, "r7": 151.15726958246807}, "datetime": {"datetime": "2022-04-21 12:30:41", "elapsed": 3.429018, "delta": 0.035092}}
{"target": -13550.906623164039, "params": {"r1": 254.2472493702575, "r2": 247.3538867756806, "r3": 143.54431651264576, "r4": 273.77364595674396, "r5": 113.75726890810542, "r6": 273.4450295103919, "r7": 216.19172412057827}, "datetime": {"datetime": "2022-04-21 12:30:41", "elapsed": 3.464688, "delta": 0.03567}}
{"target": -9126.762339669414, "params": {"r1": 186.61188970011136, "r2": 254.16191689424394, "r3": 246.21651032156927, "r4": 297.591973213601, "r5": 162.83615923646673, "r6": 110.72079775777509, "r7": 287.4414955798287}, "datetime": {"datetime": "2022-04-21 12:30:41", "elapsed": 3.499747, "delta": 0.035059}}
{"target": -14886.000033395896, "params": {"r1": 273.00044986219984, "r2": 248.48166672865864, "r3": 208.1708687550923, "r4": 244.3216865972646, "r5": 258.30061580658116, "r6": 181.2264292720033, "r7": 256.3612798126919}, "datetime": {"datetime": "2022-04-21 12:30:41", "elapsed": 3.534855, "delta": 0.035108}}
{"target": -18289.10488959289, "params": {"r1": 252.61862064328332, "r2": 226.51013019340934, "r3": 186.35452555388912, "r4": 242.48852366022479, "r5": 110.5914429867865, "r6": 257.23036287767354, "r7": 280.3191544668009}, "datetime": {"datetime": "2022-04-21 12:30:41", "elapsed": 3.569891, "delta": 0.035036}}
{"target": -24050.469230969677, "params": {"r1": 155.46998441312587, "r2": 132.94576501875366, "r3": 151.85395768080824, "r4": 167.39837894511868, "r5": 277.7754166271285, "r6": 213.20162174523796, "r7": 164.4752134252218}, "datetime": {"datetime": "2022-04-21 12:30:41", "elapsed": 3.605111, "delta": 0.03522}}
{"target": -15307.555176047801, "params": {"r1": 248.585562668669, "r2": 247.73418197163264, "r3": 172.77443180872353, "r4": 270.26388395209455, "r5": 191.40407043070394, "r6": 274.2903675050715, "r7": 234.842430678349}, "datetime": {"datetime": "2022-04-21 12:30:41", "elapsed": 3.955668, "delta": 0.350557}}
{"target": -11918.651229787887, "params": {"r1": 182.54628358248078, "r2": 273.974613767941, "r3": 300.0, "r4": 300.0, "r5": 191.64634585911784, "r6": 110.0, "r7": 282.7866669248087}, "datetime": {"datetime": "2022-04-21 12:30:42", "elapsed": 4.613415, "delta": 0.657747}}
{"target": -9531.168780739288, "params": {"r1": 212.97767055715144, "r2": 263.27643333994934, "r3": 266.58953575490165, "r4": 300.0, "r5": 111.30358515667041, "r6": 110.0, "r7": 276.45147374437414}, "datetime": {"datetime": "2022-04-21 12:30:43", "elapsed": 5.396196, "delta": 0.782781}}
{"target": -7159.128525374774, "params": {"r1": 222.31801903190131, "r2": 300.0, "r3": 210.94491666352002, "r4": 300.0, "r5": 300.0, "r6": 296.8744952698586, "r7": 246.78582770022294}, "datetime": {"datetime": "2022-04-21 12:30:43", "elapsed": 6.130919, "delta": 0.734723}}
{"target": -6702.400462154684, "params": {"r1": 241.7761871764484, "r2": 292.418983162086, "r3": 244.59081823902937, "r4": 300.0, "r5": 300.0, "r6": 243.5629456969657, "r7": 267.318767043889}, "datetime": {"datetime": "2022-04-21 12:30:44", "elapsed": 6.994905, "delta": 0.863986}}
{"target": -8222.856541610534, "params": {"r1": 300.0, "r2": 300.0, "r3": 223.83424026626898, "r4": 300.0, "r5": 300.0, "r6": 260.30572284294226, "r7": 242.65073833107473}, "datetime": {"datetime": "2022-04-21 12:30:45", "elapsed": 7.961809, "delta": 0.966904}}
{"target": -5530.732039497094, "params": {"r1": 265.343760086657, "r2": 300.0, "r3": 260.1959084900108, "r4": 300.0, "r5": 300.0, "r6": 300.0, "r7": 300.0}, "datetime": {"datetime": "2022-04-21 12:30:46", "elapsed": 8.644939, "delta": 0.68313}}
{"target": -5796.076964414948, "params": {"r1": 299.70511048613605, "r2": 300.0, "r3": 300.0, "r4": 300.0, "r5": 300.0, "r6": 248.43556599588265, "r7": 300.0}, "datetime": {"datetime": "2022-04-21 12:30:47", "elapsed": 9.435848, "delta": 0.790909}}
{"target": -5579.431185278554, "params": {"r1": 276.7951728603785, "r2": 246.04273551234223, "r3": 300.0, "r4": 300.0, "r5": 300.0, "r6": 290.6170714939064, "r7": 287.91173003452747}, "datetime": {"datetime": "2022-04-21 12:30:48", "elapsed": 10.303731, "delta": 0.867883}}
{"target": -8260.419272369552, "params": {"r1": 253.63517746446135, "r2": 300.0, "r3": 300.0, "r4": 300.0, "r5": 300.0, "r6": 300.0, "r7": 259.41944723802044}, "datetime": {"datetime": "2022-04-21 12:30:49", "elapsed": 11.310411, "delta": 1.00668}}
{"target": -18858.77048764721, "params": {"r1": 277.0946519473051, "r2": 283.70059922790807, "r3": 232.42111345401503, "r4": 164.25729529383602, "r5": 148.20277607971056, "r6": 284.2735679269824, "r7": 208.2243782310203}, "datetime": {"datetime": "2022-04-21 12:30:49", "elapsed": 11.742674, "delta": 0.432263}}
{"target": -6450.843970147626, "params": {"r1": 300.0, "r2": 250.16443291978118, "r3": 253.64698164266088, "r4": 300.0, "r5": 300.0, "r6": 254.46887871816412, "r7": 300.0}, "datetime": {"datetime": "2022-04-21 12:30:50", "elapsed": 12.516899, "delta": 0.774225}}
{"target": -15742.005031451035, "params": {"r1": 264.39776608062937, "r2": 250.20241478390014, "r3": 146.940228501005, "r4": 264.3022821433243, "r5": 120.99499953680062, "r6": 269.42329567311845, "r7": 208.6659162872105}, "datetime": {"datetime": "2022-04-21 12:30:50", "elapsed": 12.960242, "delta": 0.443343}}
{"target": -20349.451125378466, "params": {"r1": 223.99173634187957, "r2": 159.08119282989512, "r3": 271.59727777317005, "r4": 211.0724060012205, "r5": 174.03826251847983, "r6": 275.49355772643344, "r7": 225.38928149236665}, "datetime": {"datetime": "2022-04-21 12:30:51", "elapsed": 13.40872, "delta": 0.448478}}
{"target": -10688.037114657824, "params": {"r1": 300.0, "r2": 285.6420220325035, "r3": 291.81912641391244, "r4": 300.0, "r5": 236.9410119903453, "r6": 300.0, "r7": 300.0}, "datetime": {"datetime": "2022-04-21 12:30:51", "elapsed": 14.233864, "delta": 0.825144}}
{"target": -5410.9415208540995, "params": {"r1": 219.1900989567103, "r2": 244.17109716451978, "r3": 265.23901680448193, "r4": 300.0, "r5": 300.0, "r6": 300.0, "r7": 300.0}, "datetime": {"datetime": "2022-04-21 12:30:52", "elapsed": 14.908194, "delta": 0.67433}}
{"target": -5503.585581138435, "params": {"r1": 237.24889567563883, "r2": 248.15346485743888, "r3": 300.0, "r4": 300.0, "r5": 300.0, "r6": 232.7140546955736, "r7": 300.0}, "datetime": {"datetime": "2022-04-21 12:30:53", "elapsed": 15.630148, "delta": 0.721954}}
{"target": -24098.7187804994, "params": {"r1": 159.82625667532187, "r2": 189.6649577896554, "r3": 172.6020220639896, "r4": 138.4093668642212, "r5": 289.25327159451143, "r6": 125.96626843179502, "r7": 210.62916133380872}, "datetime": {"datetime": "2022-04-21 12:30:53", "elapsed": 16.100799, "delta": 0.470651}}
{"target": -5564.1484281431985, "params": {"r1": 300.0, "r2": 277.25445092452145, "r3": 300.0, "r4": 300.0, "r5": 300.0, "r6": 133.21814996821786, "r7": 242.87574216179627}, "datetime": {"datetime": "2022-04-21 12:30:54", "elapsed": 17.105347, "delta": 1.004548}}
{"target": -10592.497384796763, "params": {"r1": 300.0, "r2": 255.4347960420919, "r3": 300.0, "r4": 300.0, "r5": 300.0, "r6": 110.0, "r7": 152.7538282306988}, "datetime": {"datetime": "2022-04-21 12:30:55", "elapsed": 17.891148, "delta": 0.785801}}
{"target": -5226.94438187898, "params": {"r1": 300.0, "r2": 300.0, "r3": 278.01349903482014, "r4": 300.0, "r5": 300.0, "r6": 110.0, "r7": 300.0}, "datetime": {"datetime": "2022-04-21 12:30:56", "elapsed": 18.564289, "delta": 0.673141}}
{"target": -4728.931120464328, "params": {"r1": 300.0, "r2": 300.0, "r3": 300.0, "r4": 300.0, "r5": 300.0, "r6": 166.5830950791039, "r7": 300.0}, "datetime": {"datetime": "2022-04-21 12:30:56", "elapsed": 19.228333, "delta": 0.664044}}
{"target": -23487.288546904663, "params": {"r1": 163.93879076103252, "r2": 193.85080879424083, "r3": 155.5259025310162, "r4": 250.02293738598087, "r5": 203.4589838853098, "r6": 249.90783996264335, "r7": 189.41232408765453}, "datetime": {"datetime": "2022-04-21 12:30:57", "elapsed": 19.757758, "delta": 0.529425}}
{"target": -5037.365804834671, "params": {"r1": 300.0, "r2": 242.3131849862461, "r3": 300.0, "r4": 300.0, "r5": 300.0, "r6": 122.45400557214141, "r7": 300.0}, "datetime": {"datetime": "2022-04-21 12:30:58", "elapsed": 20.60117, "delta": 0.843412}}
{"target": -4686.229677250116, "params": {"r1": 234.11845728236312, "r2": 272.45332962195636, "r3": 300.0, "r4": 300.0, "r5": 300.0, "r6": 110.0, "r7": 300.0}, "datetime": {"datetime": "2022-04-21 12:30:59", "elapsed": 21.477986, "delta": 0.876816}}
{"target": -16502.297931870977, "params": {"r1": 300.0, "r2": 300.0, "r3": 300.0, "r4": 110.0, "r5": 300.0, "r6": 300.0, "r7": 300.0}, "datetime": {"datetime": "2022-04-21 12:30:59", "elapsed": 22.092903, "delta": 0.614917}}
{"target": -14877.828403519823, "params": {"r1": 230.83102994272795, "r2": 300.0, "r3": 110.0, "r4": 300.0, "r5": 110.0, "r6": 300.0, "r7": 297.3255959491367}, "datetime": {"datetime": "2022-04-21 12:31:00", "elapsed": 22.939816, "delta": 0.846913}}
{"target": -23841.551154082183, "params": {"r1": 174.37207528326806, "r2": 138.16365441752671, "r3": 150.60981871632674, "r4": 112.23895156088147, "r5": 135.82851288445164, "r6": 264.29575190001344, "r7": 201.71465337298852}, "datetime": {"datetime": "2022-04-21 12:31:01", "elapsed": 23.538956, "delta": 0.59914}}
{"target": -21186.7329380013, "params": {"r1": 254.59378431941235, "r2": 235.86308796417978, "r3": 143.43694119592692, "r4": 266.0316204935094, "r5": 231.5441461238168, "r6": 138.26074088864792, "r7": 289.940696697808}, "datetime": {"datetime": "2022-04-21 12:31:01", "elapsed": 24.14257, "delta": 0.603614}}
{"target": -4713.804562115314, "params": {"r1": 269.06363884555634, "r2": 300.0, "r3": 300.0, "r4": 300.0, "r5": 300.0, "r6": 110.0, "r7": 300.0}, "datetime": {"datetime": "2022-04-21 12:31:02", "elapsed": 25.117536, "delta": 0.974966}}
{"target": -21568.322295822523, "params": {"r1": 117.79329521272653, "r2": 124.91153754595848, "r3": 264.3187600062813, "r4": 206.4619131108222, "r5": 250.1781020120394, "r6": 140.04142549336743, "r7": 164.24708956439997}, "datetime": {"datetime": "2022-04-21 12:31:03", "elapsed": 25.739377, "delta": 0.621841}}
{"target": -8523.80111667211, "params": {"r1": 250.0943824866543, "r2": 161.91406571964717, "r3": 300.0, "r4": 300.0, "r5": 300.0, "r6": 300.0, "r7": 300.0}, "datetime": {"datetime": "2022-04-21 12:31:04", "elapsed": 26.483135, "delta": 0.743758}}
{"target": -6359.3137097169765, "params": {"r1": 285.72357649782657, "r2": 286.25559301793334, "r3": 300.0, "r4": 245.99014528683614, "r5": 300.0, "r6": 110.0, "r7": 300.0}, "datetime": {"datetime": "2022-04-21 12:31:05", "elapsed": 27.431158, "delta": 0.948023}}
{"target": -22271.704852092655, "params": {"r1": 148.37818203234198, "r2": 264.6589408452569, "r3": 140.77912640322364, "r4": 207.94291294635792, "r5": 139.31179526048487, "r6": 209.53874408478205, "r7": 159.82935774311733}, "datetime": {"datetime": "2022-04-21 12:31:05", "elapsed": 28.083207, "delta": 0.652049}}
{"target": -17424.253673410225, "params": {"r1": 300.0, "r2": 110.0, "r3": 300.0, "r4": 300.0, "r5": 300.0, "r6": 110.0, "r7": 110.0}, "datetime": {"datetime": "2022-04-21 12:31:06", "elapsed": 28.941839, "delta": 0.858632}}
{"target": -5098.723052512121, "params": {"r1": 263.5470491859955, "r2": 267.76254468757173, "r3": 275.2250565702364, "r4": 300.0, "r5": 300.0, "r6": 153.80921355926085, "r7": 300.0}, "datetime": {"datetime": "2022-04-21 12:31:07", "elapsed": 29.630892, "delta": 0.689053}}
{"target": -24653.6448542257, "params": {"r1": 245.9045645974034, "r2": 110.2973598630308, "r3": 183.38717901604468, "r4": 179.03719363587757, "r5": 224.8978180338073, "r6": 189.33923938499123, "r7": 143.72794951070262}, "datetime": {"datetime": "2022-04-21 12:31:08", "elapsed": 30.317315, "delta": 0.686423}}
{"target": -22318.90448159906, "params": {"r1": 152.8576790529713, "r2": 292.2906089474815, "r3": 127.41102979280672, "r4": 188.6007505663336, "r5": 145.03403036188524, "r6": 211.33254892064798, "r7": 180.55831007694482}, "datetime": {"datetime": "2022-04-21 12:31:08", "elapsed": 31.014833, "delta": 0.697518}}
{"target": -25963.07648595777, "params": {"r1": 275.71427754585824, "r2": 132.21836492540828, "r3": 174.07724836985628, "r4": 229.6734697571711, "r5": 152.1659210843782, "r6": 226.20609627966002, "r7": 116.40560573952565}, "datetime": {"datetime": "2022-04-21 12:31:09", "elapsed": 31.724244, "delta": 0.709411}}
{"target": -8587.964934509588, "params": {"r1": 120.03533158502161, "r2": 300.0, "r3": 300.0, "r4": 300.0, "r5": 300.0, "r6": 300.0, "r7": 300.0}, "datetime": {"datetime": "2022-04-21 12:31:10", "elapsed": 32.343752, "delta": 0.619508}}
{"target": -5772.102755343493, "params": {"r1": 170.57058046633566, "r2": 220.8194310432633, "r3": 300.0, "r4": 300.0, "r5": 300.0, "r6": 300.0, "r7": 300.0}, "datetime": {"datetime": "2022-04-21 12:31:10", "elapsed": 33.012895, "delta": 0.669143}}
{"target": -21510.527762058206, "params": {"r1": 276.61814156297123, "r2": 114.12970824722582, "r3": 198.53239459096017, "r4": 191.02233198552483, "r5": 191.37172283529316, "r6": 197.18353445006093, "r7": 273.7138490464637}, "datetime": {"datetime": "2022-04-21 12:31:11", "elapsed": 33.759499, "delta": 0.746604}}
{"target": -12280.590699241071, "params": {"r1": 194.11722593447064, "r2": 223.2795787796245, "r3": 232.52909692297743, "r4": 288.3320234273922, "r5": 120.48410162574528, "r6": 173.04891972294854, "r7": 190.81564528204626}, "datetime": {"datetime": "2022-04-21 12:31:12", "elapsed": 34.512056, "delta": 0.752557}}
{"target": -10003.630357378699, "params": {"r1": 300.0, "r2": 300.0, "r3": 110.0, "r4": 300.0, "r5": 300.0, "r6": 300.0, "r7": 110.0}, "datetime": {"datetime": "2022-04-21 12:31:13", "elapsed": 35.319513, "delta": 0.807457}}
{"target": -7825.235269101077, "params": {"r1": 115.16819925049971, "r2": 300.0, "r3": 300.0, "r4": 300.0, "r5": 300.0, "r6": 110.0, "r7": 300.0}, "datetime": {"datetime": "2022-04-21 12:31:13", "elapsed": 35.942723, "delta": 0.62321}}
{"target": -4123.158908571998, "params": {"r1": 185.8515683448276, "r2": 300.0, "r3": 300.0, "r4": 300.0, "r5": 300.0, "r6": 177.82361056981418, "r7": 300.0}, "datetime": {"datetime": "2022-04-21 12:31:14", "elapsed": 36.669496, "delta": 0.726773}}
