{"target": -18009.96978491298, "params": {"r1": 285.1411154608254, "r2": 208.5198621356485, "r3": 236.07525000781425, "r4": 285.06467741193455, "r5": 250.67819599757448, "r6": 110.51476067293046, "r7": 162.82482839794287}, "datetime": {"datetime": "2022-04-21 12:38:13", "elapsed": 455.91609, "delta": 6.845452}}
{"target": -12006.867448694971, "params": {"r1": 300.0, "r2": 300.0, "r3": 300.0, "r4": 300.0, "r5": 110.0, "r6": 205.0283093975155, "r7": 300.0}, "datetime": {"datetime": "2022-04-21 12:38:15", "elapsed": 457.782918, "delta": 1.866828}}
{"target": -10192.902301719332, "params": {"r1": 211.97446269541035, "r2": 229.93816654733496, "r3": 300.0, "r4": 300.0, "r5": 110.0, "r6": 196.1739719089329, "r7": 300.0}, "datetime": {"datetime": "2022-04-21 12:38:17", "elapsed": 459.568825, "delta": 1.785907}}
{"target": -11934.51683021272, "params": {"r1": 300.0, "r2": 235.8414656721466, "r3": 300.0, "r4": 300.0, "r5": 110.0, "r6": 229.17282290544674, "r7": 207.52024744154602}, "datetime": {"datetime": "2022-04-21 12:38:19", "elapsed": 461.86163, "delta": 2.292805}}
{"target": -9732.350972905964, "params": {"r1": 300.0, "r2": 225.8433591703298, "r3": 207.6489057298587, "r4": 300.0, "r5": 300.0, "r6": 300.0, "r7": 110.0}, "datetime": {"datetime": "2022-04-21 12:38:21", "elapsed": 463.61993, "delta": 1.7583}}
{"target": -14330.41235530015, "params": {"r1": 194.5450095629135, "r2": 300.0, "r3": 209.41505944525247, "r4": 300.0, "r5": 110.0, "r6": 110.0, "r7": 300.0}, "datetime": {"datetime": "2022-04-21 12:38:23", "elapsed": 465.387275, "delta": 1.767345}}
{"target": -5879.788709860916, "params": {"r1": 294.58672525533837, "r2": 248.074868979031, "r3": 277.9951431959432, "r4": 268.3305039418655, "r5": 300.0, "r6": 300.0, "r7": 300.0}, "datetime": {"datetime": "2022-04-21 12:38:25", "elapsed": 467.296235, "delta": 1.90896}}
{"target": -12947.64300089062, "params": {"r1": 300.0, "r2": 218.66698379471464, "r3": 300.0, "r4": 300.0, "r5": 110.0, "r6": 300.0, "r7": 300.0}, "datetime": {"datetime": "2022-04-21 12:38:26", "elapsed": 469.141552, "delta": 1.845317}}
{"target": -5791.9620881129595, "params": {"r1": 259.8600542691483, "r2": 283.26729392178913, "r3": 292.81836748371694, "r4": 300.0, "r5": 300.0, "r6": 243.5831065490377, "r7": 295.1292266063563}, "datetime": {"datetime": "2022-04-21 12:38:29", "elapsed": 471.459273, "delta": 2.317721}}
{"target": -19391.393075110347, "params": {"r1": 120.30011163955646, "r2": 210.65931995301509, "r3": 263.8955973661521, "r4": 230.36248646689936, "r5": 229.61962143375433, "r6": 299.0762106401702, "r7": 260.22988942267193}, "datetime": {"datetime": "2022-04-21 12:38:36", "elapsed": 478.642317, "delta": 7.183044}}
{"target": -5362.67486060089, "params": {"r1": 300.0, "r2": 238.94988205663464, "r3": 282.25866138929103, "r4": 300.0, "r5": 300.0, "r6": 144.3917788255805, "r7": 265.82667936613717}, "datetime": {"datetime": "2022-04-21 12:38:38", "elapsed": 480.835827, "delta": 2.19351}}
{"target": -27657.25105495441, "params": {"r1": 143.35947863640467, "r2": 155.3239479489778, "r3": 137.9284333191134, "r4": 252.59501711350882, "r5": 201.03384170953692, "r6": 186.76641947694134, "r7": 184.68675263596083}, "datetime": {"datetime": "2022-04-21 12:38:45", "elapsed": 487.982369, "delta": 7.146542}}
{"target": -4272.247328542253, "params": {"r1": 163.02725805497099, "r2": 288.56025657359567, "r3": 300.0, "r4": 299.9999999503713, "r5": 299.99999999999636, "r6": 214.89605407401612, "r7": 299.99999995838573}, "datetime": {"datetime": "2022-04-21 12:38:47", "elapsed": 489.695088, "delta": 1.712719}}
{"target": -5524.849503610691, "params": {"r1": 300.0, "r2": 294.2438865678601, "r3": 251.3675536933092, "r4": 300.0, "r5": 300.0, "r6": 135.20657890766145, "r7": 270.92530486704004}, "datetime": {"datetime": "2022-04-21 12:38:49", "elapsed": 491.707737, "delta": 2.012649}}
{"target": -11141.95925877255, "params": {"r1": 202.9694622953737, "r2": 219.17946722705008, "r3": 300.0, "r4": 300.0, "r5": 110.0, "r6": 110.0, "r7": 214.01677762026245}, "datetime": {"datetime": "2022-04-21 12:38:51", "elapsed": 493.267026, "delta": 1.559289}}
{"target": -4973.81321034063, "params": {"r1": 198.00459984668868, "r2": 286.9916625079928, "r3": 284.3460330325228, "r4": 287.29335668724724, "r5": 300.0, "r6": 208.22749674133988, "r7": 267.25576704083977}, "datetime": {"datetime": "2022-04-21 12:38:52", "elapsed": 495.133967, "delta": 1.866941}}
{"target": -20526.140073518312, "params": {"r1": 141.58761004517305, "r2": 297.56364194853734, "r3": 242.49157676710706, "r4": 179.14111498056238, "r5": 277.67766007806097, "r6": 243.9745132426073, "r7": 188.12866853143856}, "datetime": {"datetime": "2022-04-21 12:39:00", "elapsed": 502.660036, "delta": 7.526069}}
{"target": -24637.980431527656, "params": {"r1": 191.40862316001488, "r2": 121.41423768222664, "r3": 158.9942433524784, "r4": 233.66646975351964, "r5": 224.82672076016843, "r6": 176.20879776257584, "r7": 185.5807345119298}, "datetime": {"datetime": "2022-04-21 12:39:07", "elapsed": 510.076257, "delta": 7.416221}}
{"target": -4214.1485608397215, "params": {"r1": 170.61241018215202, "r2": 281.27104327614273, "r3": 300.0, "r4": 300.0, "r5": 300.0, "r6": 133.51476875441563, "r7": 276.35295083976285}, "datetime": {"datetime": "2022-04-21 12:39:09", "elapsed": 511.94593, "delta": 1.869673}}
{"target": -23063.175822947705, "params": {"r1": 190.2842799536901, "r2": 207.38590479546332, "r3": 182.5903824337692, "r4": 240.5820475730316, "r5": 232.2268087911345, "r6": 215.49031881746586, "r7": 170.16165733843897}, "datetime": {"datetime": "2022-04-21 12:39:17", "elapsed": 519.409309, "delta": 7.463379}}
{"target": -17082.9733092698, "params": {"r1": 193.6076288261127, "r2": 226.1335415019094, "r3": 212.04253775340518, "r4": 256.3682738293387, "r5": 169.86175869139976, "r6": 167.56919323403076, "r7": 217.69910997790944}, "datetime": {"datetime": "2022-04-21 12:39:24", "elapsed": 526.963131, "delta": 7.553822}}
{"target": -11338.531227822903, "params": {"r1": 271.44673903163664, "r2": 270.8531980133957, "r3": 290.8878926674329, "r4": 281.4452207325275, "r5": 280.1753562856002, "r6": 128.58535543243084, "r7": 209.2419386972873}, "datetime": {"datetime": "2022-04-21 12:39:25", "elapsed": 527.851288, "delta": 0.888157}}
{"target": -5647.28450337044, "params": {"r1": 299.98915260880756, "r2": 229.13972126705747, "r3": 274.6961666273354, "r4": 300.0, "r5": 300.0, "r6": 300.0, "r7": 300.0}, "datetime": {"datetime": "2022-04-21 12:39:27", "elapsed": 529.502543, "delta": 1.651255}}
{"target": -4422.398201558527, "params": {"r1": 172.96961532623365, "r2": 291.8271049093975, "r3": 272.99600733355436, "r4": 291.44133343094353, "r5": 300.0, "r6": 228.16088312009677, "r7": 281.8660622830596}, "datetime": {"datetime": "2022-04-21 12:39:29", "elapsed": 531.555161, "delta": 2.052618}}
{"target": -5197.308112136747, "params": {"r1": 183.16581281753486, "r2": 299.99999999987756, "r3": 275.3621030720344, "r4": 300.0, "r5": 300.0, "r6": 299.9999999998085, "r7": 300.0}, "datetime": {"datetime": "2022-04-21 12:39:31", "elapsed": 533.297568, "delta": 1.742407}}
{"target": -8666.719802926618, "params": {"r1": 110.49122966121318, "r2": 218.89676997875236, "r3": 300.0, "r4": 299.9517897630219, "r5": 300.0, "r6": 110.0, "r7": 300.0}, "datetime": {"datetime": "2022-04-21 12:39:33", "elapsed": 535.304745, "delta": 2.007177}}
{"target": -6538.958876532304, "params": {"r1": 269.1823018976634, "r2": 259.2641318467933, "r3": 110.0, "r4": 300.0, "r5": 300.0, "r6": 300.0, "r7": 300.0}, "datetime": {"datetime": "2022-04-21 12:39:34", "elapsed": 536.865376, "delta": 1.560631}}
{"target": -15331.119708359165, "params": {"r1": 300.0, "r2": 110.0, "r3": 300.0, "r4": 110.0, "r5": 300.0, "r6": 110.0, "r7": 110.0}, "datetime": {"datetime": "2022-04-21 12:39:36", "elapsed": 538.316951, "delta": 1.451575}}
{"target": -21529.07260320686, "params": {"r1": 237.20435123479527, "r2": 185.33647432232752, "r3": 204.6931136746544, "r4": 280.2539873517326, "r5": 189.85142750250537, "r6": 173.87587733665185, "r7": 268.92002616664695}, "datetime": {"datetime": "2022-04-21 12:39:43", "elapsed": 546.168944, "delta": 7.851993}}
{"target": -5872.469737722387, "params": {"r1": 300.0, "r2": 299.99999998971464, "r3": 203.95017746603293, "r4": 300.0, "r5": 300.0, "r6": 110.0, "r7": 300.0}, "datetime": {"datetime": "2022-04-21 12:39:46", "elapsed": 548.473187, "delta": 2.304243}}
{"target": -4785.3535176994665, "params": {"r1": 211.91794056636607, "r2": 282.34531055615037, "r3": 299.99999999433305, "r4": 299.9999999802778, "r5": 300.0, "r6": 199.41413352241386, "r7": 282.86337240390384}, "datetime": {"datetime": "2022-04-21 12:39:48", "elapsed": 550.355869, "delta": 1.882682}}
{"target": -4879.17640149575, "params": {"r1": 173.7347367255529, "r2": 263.99654079865354, "r3": 299.83722013076505, "r4": 281.900255286989, "r5": 300.0, "r6": 171.4197177678592, "r7": 299.3945874654697}, "datetime": {"datetime": "2022-04-21 12:39:49", "elapsed": 552.089945, "delta": 1.734076}}
{"target": -13812.520095301532, "params": {"r1": 110.0, "r2": 300.0, "r3": 300.0, "r4": 110.0, "r5": 300.0, "r6": 110.0, "r7": 110.0}, "datetime": {"datetime": "2022-04-21 12:39:51", "elapsed": 553.882344, "delta": 1.792399}}
{"target": -4634.300593800937, "params": {"r1": 165.0052965962046, "r2": 300.0, "r3": 289.97893772542693, "r4": 299.99999999765214, "r5": 300.0, "r6": 225.05780515567395, "r7": 298.21592623410345}, "datetime": {"datetime": "2022-04-21 12:39:53", "elapsed": 555.728407, "delta": 1.846063}}
{"target": -5978.4829451341075, "params": {"r1": 221.22188525507727, "r2": 299.9999999999998, "r3": 285.1132508507637, "r4": 281.34912333391827, "r5": 300.0, "r6": 299.99999999999636, "r7": 300.0}, "datetime": {"datetime": "2022-04-21 12:39:55", "elapsed": 557.856244, "delta": 2.127837}}
{"target": -11729.82701986899, "params": {"r1": 181.08972474648505, "r2": 261.9462688894821, "r3": 231.13956511309064, "r4": 278.0026115366072, "r5": 265.30055898294097, "r6": 285.2368404430325, "r7": 234.12866566196882}, "datetime": {"datetime": "2022-04-21 12:39:57", "elapsed": 559.360789, "delta": 1.504545}}
{"target": -22466.934592647638, "params": {"r1": 292.7170031935202, "r2": 193.90057617650905, "r3": 111.2402932571472, "r4": 242.87452544034696, "r5": 164.7632329466297, "r6": 210.77020576118866, "r7": 162.14418284208108}, "datetime": {"datetime": "2022-04-21 12:40:05", "elapsed": 567.58026, "delta": 8.219471}}
{"target": -5462.775762091849, "params": {"r1": 288.8012793389524, "r2": 258.073306677646, "r3": 159.63519979425143, "r4": 300.0, "r5": 300.0, "r6": 300.0, "r7": 300.0}, "datetime": {"datetime": "2022-04-21 12:40:07", "elapsed": 570.027182, "delta": 2.446922}}
{"target": -5722.284149042337, "params": {"r1": 212.5084348058191, "r2": 263.4764821875939, "r3": 260.63546429497626, "r4": 293.8625096938724, "r5": 297.0087468372967, "r6": 174.9456749280905, "r7": 248.0892464117367}, "datetime": {"datetime": "2022-04-21 12:40:16", "elapsed": 578.330358, "delta": 8.303176}}
{"target": -19436.46587803198, "params": {"r1": 159.27357012336282, "r2": 228.58442286686517, "r3": 231.53168398954352, "r4": 205.49528074771104, "r5": 113.83804736658574, "r6": 258.1589076939955, "r7": 150.6322981796717}, "datetime": {"datetime": "2022-04-21 12:40:24", "elapsed": 586.659797, "delta": 8.329439}}
{"target": -24406.62871502229, "params": {"r1": 164.21468505644185, "r2": 166.51964184858906, "r3": 177.0721298108387, "r4": 213.30039595075453, "r5": 121.0567463024918, "r6": 267.8614633809236, "r7": 197.95907376256258}, "datetime": {"datetime": "2022-04-21 12:40:32", "elapsed": 595.056135, "delta": 8.396338}}
{"target": -13355.912899776093, "params": {"r1": 300.0, "r2": 300.0, "r3": 300.0, "r4": 110.0, "r5": 300.0, "r6": 110.0, "r7": 110.0}, "datetime": {"datetime": "2022-04-21 12:40:35", "elapsed": 597.474015, "delta": 2.41788}}
{"target": -22996.077691534058, "params": {"r1": 180.5860101326042, "r2": 197.6999087993027, "r3": 233.26115900193156, "r4": 115.8693993280998, "r5": 264.73629880850547, "r6": 237.68532196504702, "r7": 182.8345594526504}, "datetime": {"datetime": "2022-04-21 12:40:43", "elapsed": 605.915371, "delta": 8.441356}}
{"target": -19375.75388991861, "params": {"r1": 110.0, "r2": 110.0, "r3": 300.0, "r4": 300.0, "r5": 110.0, "r6": 110.0, "r7": 110.0}, "datetime": {"datetime": "2022-04-21 12:40:45", "elapsed": 607.921988, "delta": 2.006617}}
{"target": -8001.19271620487, "params": {"r1": 300.0, "r2": 250.1102512514246, "r3": 215.90772580005205, "r4": 300.0, "r5": 300.0, "r6": 139.9771548633767, "r7": 299.7526366200338}, "datetime": {"datetime": "2022-04-21 12:40:48", "elapsed": 610.406798, "delta": 2.48481}}
{"target": -6255.644167499603, "params": {"r1": 271.10259748459094, "r2": 275.85139731185376, "r3": 222.22317839802963, "r4": 300.0, "r5": 300.0, "r6": 300.0, "r7": 300.0}, "datetime": {"datetime": "2022-04-21 12:40:50", "elapsed": 613.057535, "delta": 2.650737}}
{"target": -22244.641563753798, "params": {"r1": 240.73582310216142, "r2": 275.81781907605233, "r3": 118.58952379650496, "r4": 210.70408938816144, "r5": 136.0201254268843, "r6": 278.47877465559816, "r7": 145.4372212561854}, "datetime": {"datetime": "2022-04-21 12:40:59", "elapsed": 621.701928, "delta": 8.644393}}
{"target": -15671.643718051302, "params": {"r1": 110.0, "r2": 300.0, "r3": 300.0, "r4": 110.0, "r5": 110.0, "r6": 110.0, "r7": 110.0}, "datetime": {"datetime": "2022-04-21 12:41:01", "elapsed": 623.579492, "delta": 1.877564}}
{"target": -21548.95910190502, "params": {"r1": 210.418240589222, "r2": 225.31586351624952, "r3": 170.24274892798974, "r4": 176.17056452853853, "r5": 269.52802915643264, "r6": 198.8954331301868, "r7": 293.9430403560419}, "datetime": {"datetime": "2022-04-21 12:41:10", "elapsed": 632.348487, "delta": 8.768995}}
{"target": -11800.9283944287, "params": {"r1": 110.0, "r2": 300.0, "r3": 300.0, "r4": 300.0, "r5": 110.0, "r6": 300.0, "r7": 110.0}, "datetime": {"datetime": "2022-04-21 12:41:12", "elapsed": 634.550323, "delta": 2.201836}}
{"target": -6119.052946175947, "params": {"r1": 300.0, "r2": 242.49987524395732, "r3": 300.0, "r4": 260.7029354682274, "r5": 300.0, "r6": 110.0, "r7": 265.6650476794784}, "datetime": {"datetime": "2022-04-21 12:41:14", "elapsed": 636.541553, "delta": 1.99123}}
{"target": -5566.99056324326, "params": {"r1": 205.65210962369912, "r2": 299.99999999487073, "r3": 300.0, "r4": 300.0, "r5": 300.0, "r6": 152.55671412305094, "r7": 249.87520706722077}, "datetime": {"datetime": "2022-04-21 12:41:16", "elapsed": 638.570303, "delta": 2.02875}}
{"target": -14165.69171918231, "params": {"r1": 300.0, "r2": 300.0, "r3": 300.0, "r4": 300.0, "r5": 110.0, "r6": 300.0, "r7": 110.0}, "datetime": {"datetime": "2022-04-21 12:41:18", "elapsed": 640.449945, "delta": 1.879642}}
{"target": -17189.351334792453, "params": {"r1": 110.0, "r2": 300.0, "r3": 300.0, "r4": 110.0, "r5": 300.0, "r6": 300.0, "r7": 300.0}, "datetime": {"datetime": "2022-04-21 12:41:21", "elapsed": 643.332494, "delta": 2.882549}}
{"target": -4349.354266514301, "params": {"r1": 193.51819582325524, "r2": 294.700003148648, "r3": 295.7289929321804, "r4": 297.4296157110119, "r5": 300.0, "r6": 133.35238454565246, "r7": 300.0}, "datetime": {"datetime": "2022-04-21 12:41:23", "elapsed": 645.536005, "delta": 2.203511}}
{"target": -24139.963221761172, "params": {"r1": 226.5112341851907, "r2": 208.4464572268277, "r3": 188.40553024023612, "r4": 193.60558486463088, "r5": 115.45949167906547, "r6": 167.727229882362, "r7": 239.27409872686738}, "datetime": {"datetime": "2022-04-21 12:41:32", "elapsed": 654.65055, "delta": 9.114545}}
{"target": -4646.697030741907, "params": {"r1": 181.26772914270796, "r2": 274.6042527923225, "r3": 300.0, "r4": 279.9800098199582, "r5": 300.0, "r6": 205.36427820266076, "r7": 300.0}, "datetime": {"datetime": "2022-04-21 12:41:34", "elapsed": 656.916711, "delta": 2.266161}}
{"target": -10482.148045854974, "params": {"r1": 172.4477399800198, "r2": 232.56960103099567, "r3": 278.7901923113314, "r4": 297.11904432671474, "r5": 290.05333935139055, "r6": 115.68756705480699, "r7": 196.12931162527565}, "datetime": {"datetime": "2022-04-21 12:41:36", "elapsed": 658.374934, "delta": 1.458223}}
{"target": -5139.5516476845805, "params": {"r1": 283.4319576481042, "r2": 293.4452019996953, "r3": 152.1402498510759, "r4": 300.0, "r5": 300.0, "r6": 300.0, "r7": 285.64941642720345}, "datetime": {"datetime": "2022-04-21 12:41:38", "elapsed": 660.795764, "delta": 2.42083}}
{"target": -20094.109875810027, "params": {"r1": 300.0, "r2": 300.0, "r3": 300.0, "r4": 110.0, "r5": 300.0, "r6": 300.0, "r7": 110.0}, "datetime": {"datetime": "2022-04-21 12:41:40", "elapsed": 663.078166, "delta": 2.282402}}
{"target": -6035.008855841072, "params": {"r1": 261.8289768537272, "r2": 241.33723765134474, "r3": 288.68396699032564, "r4": 283.3007480522527, "r5": 299.9565513022453, "r6": 163.05303629457103, "r7": 276.1892019968079}, "datetime": {"datetime": "2022-04-21 12:41:42", "elapsed": 665.220016, "delta": 2.14185}}
{"target": -6244.185642867125, "params": {"r1": 220.72298351972984, "r2": 259.90456422696747, "r3": 282.3348709203549, "r4": 296.92633266608163, "r5": 284.2957004748741, "r6": 140.49611625233877, "r7": 268.1238438408585}, "datetime": {"datetime": "2022-04-21 12:41:44", "elapsed": 666.457783, "delta": 1.237767}}
{"target": -26888.42790495285, "params": {"r1": 135.86517040155545, "r2": 238.2163122848851, "r3": 127.83735548392734, "r4": 222.96335596418157, "r5": 282.7491292948188, "r6": 181.48864913916256, "r7": 131.59512830899254}, "datetime": {"datetime": "2022-04-21 12:41:53", "elapsed": 675.731949, "delta": 9.274166}}
{"target": -6064.191518712573, "params": {"r1": 272.7363675330853, "r2": 244.23010950562252, "r3": 295.4021732999531, "r4": 283.07694381986323, "r5": 299.7030082059398, "r6": 155.4127274477812, "r7": 292.18126278365446}, "datetime": {"datetime": "2022-04-21 12:41:54", "elapsed": 677.149171, "delta": 1.417222}}
{"target": -5444.574740103497, "params": {"r1": 183.83869943020534, "r2": 110.0, "r3": 248.61268234957367, "r4": 300.0, "r5": 300.0, "r6": 300.0, "r7": 300.0}, "datetime": {"datetime": "2022-04-21 12:41:56", "elapsed": 679.036995, "delta": 1.887824}}
{"target": -5706.378335173601, "params": {"r1": 243.2159148157228, "r2": 110.0, "r3": 227.991203906096, "r4": 300.0, "r5": 300.0, "r6": 300.0, "r7": 300.0}, "datetime": {"datetime": "2022-04-21 12:41:58", "elapsed": 680.995628, "delta": 1.958633}}
{"target": -5126.038068474325, "params": {"r1": 299.86742274017564, "r2": 253.15831244339245, "r3": 286.77836857720195, "r4": 300.0, "r5": 300.0, "r6": 151.11536480391152, "r7": 284.64840797657155}, "datetime": {"datetime": "2022-04-21 12:42:00", "elapsed": 683.143689, "delta": 2.148061}}
{"target": -5949.227712277025, "params": {"r1": 300.0, "r2": 300.0, "r3": 110.0, "r4": 300.0, "r5": 300.0, "r6": 110.0, "r7": 300.0}, "datetime": {"datetime": "2022-04-21 12:42:03", "elapsed": 685.502574, "delta": 2.358885}}
{"target": -7345.340571305054, "params": {"r1": 135.73639432134217, "r2": 254.4815272892566, "r3": 300.0, "r4": 299.5010057111414, "r5": 300.0, "r6": 135.1668982985011, "r7": 244.83975341314215}, "datetime": {"datetime": "2022-04-21 12:42:06", "elapsed": 688.247365, "delta": 2.744791}}
{"target": -27276.03512817485, "params": {"r1": 127.74254905362456, "r2": 210.6259586687524, "r3": 119.95423928407857, "r4": 172.39209835075573, "r5": 131.32582826934132, "r6": 236.67001704410575, "r7": 240.35650321148492}, "datetime": {"datetime": "2022-04-21 12:42:15", "elapsed": 698.096909, "delta": 9.849544}}
{"target": -7546.735656730194, "params": {"r1": 300.0, "r2": 251.97442857103616, "r3": 162.79090551050493, "r4": 300.0, "r5": 300.0, "r6": 300.0, "r7": 240.4341379943613}, "datetime": {"datetime": "2022-04-21 12:42:17", "elapsed": 699.966281, "delta": 1.869372}}
{"target": -5657.278485985224, "params": {"r1": 300.0, "r2": 300.0, "r3": 110.0, "r4": 300.0, "r5": 300.0, "r6": 110.0, "r7": 234.818162471575}, "datetime": {"datetime": "2022-04-21 12:42:19", "elapsed": 702.106049, "delta": 2.139768}}
{"target": -19083.625572826157, "params": {"r1": 201.02213752555434, "r2": 284.48993005862553, "r3": 143.6735342209351, "r4": 265.7455331369693, "r5": 198.73346147237288, "r6": 164.57436919621614, "r7": 248.96945782777772}, "datetime": {"datetime": "2022-04-21 12:42:30", "elapsed": 712.247389, "delta": 10.14134}}
{"target": -21403.96975533489, "params": {"r1": 265.2002448718383, "r2": 256.8664152481016, "r3": 212.58479322568914, "r4": 117.31832306682459, "r5": 191.11098383735913, "r6": 210.01885870295303, "r7": 212.92622278963353}, "datetime": {"datetime": "2022-04-21 12:42:39", "elapsed": 722.14187, "delta": 9.894481}}
{"target": -23921.34941094194, "params": {"r1": 136.51281954996145, "r2": 128.45379365334193, "r3": 256.73571920116, "r4": 213.93750149446072, "r5": 159.12881965449122, "r6": 170.84911482171123, "r7": 175.92381106572338}, "datetime": {"datetime": "2022-04-21 12:42:50", "elapsed": 732.463274, "delta": 10.321404}}
{"target": -21071.91887977437, "params": {"r1": 300.0, "r2": 300.0, "r3": 110.0, "r4": 251.38022435730798, "r5": 300.0, "r6": 110.0, "r7": 276.54136121185513}, "datetime": {"datetime": "2022-04-21 12:42:52", "elapsed": 734.613191, "delta": 2.149917}}
{"target": -17552.593162424448, "params": {"r1": 110.0, "r2": 300.0, "r3": 300.0, "r4": 110.0, "r5": 110.0, "r6": 300.0, "r7": 110.0}, "datetime": {"datetime": "2022-04-21 12:42:55", "elapsed": 737.326997, "delta": 2.713806}}
{"target": -14338.84845668485, "params": {"r1": 186.62123150702652, "r2": 110.0, "r3": 110.0, "r4": 300.0, "r5": 300.0, "r6": 300.0, "r7": 110.0}, "datetime": {"datetime": "2022-04-21 12:42:58", "elapsed": 740.5046, "delta": 3.177603}}
{"target": -7520.056859424258, "params": {"r1": 259.3495884762185, "r2": 300.0, "r3": 110.0, "r4": 300.0, "r5": 300.0, "r6": 218.96389089090775, "r7": 300.0}, "datetime": {"datetime": "2022-04-21 12:43:01", "elapsed": 743.519279, "delta": 3.014679}}
