{"target": -19374.395601081087, "params": {"r1": 264.6238803424311, "r2": 232.95205904211014, "r3": 282.82253921365304, "r4": 171.50460835324287, "r5": 217.00641189152594, "r6": 291.2998145172404, "r7": 166.47341423220203}, "datetime": {"datetime": "2022-04-21 13:32:05", "elapsed": 3687.282318, "delta": 31.330496}}
{"target": -20151.142103816303, "params": {"r1": 116.01120021780451, "r2": 228.93496475165298, "r3": 287.45764934258193, "r4": 233.74201336324768, "r5": 187.6045046452907, "r6": 163.1282492942245, "r7": 276.7757508229621}, "datetime": {"datetime": "2022-04-21 13:32:37", "elapsed": 3720.024696, "delta": 32.742378}}
{"target": -22846.42029549682, "params": {"r1": 282.1116970092703, "r2": 201.9831879530783, "r3": 173.28194826031014, "r4": 159.64137022701098, "r5": 224.14078312170267, "r6": 271.1690569776423, "r7": 268.50312591798104}, "datetime": {"datetime": "2022-04-21 13:32:52", "elapsed": 3735.172773, "delta": 15.148077}}
{"target": -23356.71930022334, "params": {"r1": 300.0, "r2": 110.0, "r3": 300.0, "r4": 110.0, "r5": 110.0, "r6": 300.0, "r7": 300.0}, "datetime": {"datetime": "2022-04-21 13:33:02", "elapsed": 3744.976353, "delta": 9.80358}}
{"target": -5307.637223248412, "params": {"r1": 277.45643244966544, "r2": 255.32411301697627, "r3": 298.7910657207508, "r4": 292.723870910121, "r5": 297.7622357558291, "r6": 195.7816917308898, "r7": 281.33722733041714}, "datetime": {"datetime": "2022-04-21 13:33:09", "elapsed": 3752.162363, "delta": 7.18601}}
{"target": -16762.850410829436, "params": {"r1": 276.42811822216083, "r2": 187.3301532399573, "r3": 112.18157202633299, "r4": 113.28949213138144, "r5": 112.58859458251776, "r6": 145.00154869345423, "r7": 182.07720553946922}, "datetime": {"datetime": "2022-04-21 13:33:41", "elapsed": 3783.696995, "delta": 31.534632}}
{"target": -22345.448372974504, "params": {"r1": 143.30475880593636, "r2": 264.5027992600447, "r3": 225.31183647137254, "r4": 138.37499337568107, "r5": 297.329765378881, "r6": 218.92173224690742, "r7": 152.85471571078358}, "datetime": {"datetime": "2022-04-21 13:34:13", "elapsed": 3815.390591, "delta": 31.693596}}
{"target": -7420.126858018824, "params": {"r1": 175.10747366558434, "r2": 254.89135289668485, "r3": 191.853187507343, "r4": 300.0, "r5": 300.0, "r6": 256.5443123503186, "r7": 299.9999999954153}, "datetime": {"datetime": "2022-04-21 13:34:21", "elapsed": 3823.607026, "delta": 8.216435}}
{"target": -19263.75858410655, "params": {"r1": 285.006220036585, "r2": 269.1336026042054, "r3": 113.27274020064661, "r4": 265.08555243526143, "r5": 251.69913146238596, "r6": 186.64101518256348, "r7": 203.7179608843511}, "datetime": {"datetime": "2022-04-21 13:34:55", "elapsed": 3857.48853, "delta": 33.881504}}
{"target": -19805.120582360458, "params": {"r1": 300.0, "r2": 110.0, "r3": 110.0, "r4": 110.0, "r5": 110.0, "r6": 110.0, "r7": 300.0}, "datetime": {"datetime": "2022-04-21 13:35:03", "elapsed": 3865.251218, "delta": 7.762688}}
{"target": -9915.843004187085, "params": {"r1": 216.6755528418652, "r2": 300.0, "r3": 192.90230787725113, "r4": 300.0, "r5": 300.0, "r6": 160.7569505379483, "r7": 110.0}, "datetime": {"datetime": "2022-04-21 13:35:12", "elapsed": 3874.787053, "delta": 9.535835}}
{"target": -5059.639044740386, "params": {"r1": 300.0, "r2": 299.77320244627333, "r3": 135.3354671974405, "r4": 300.0, "r5": 300.0, "r6": 283.7480987240011, "r7": 269.5310563945379}, "datetime": {"datetime": "2022-04-21 13:35:19", "elapsed": 3881.904979, "delta": 7.117926}}
{"target": -9467.810749189848, "params": {"r1": 259.42700529565326, "r2": 221.54112046280773, "r3": 300.0, "r4": 236.60145520303385, "r5": 300.0, "r6": 300.0, "r7": 300.0}, "datetime": {"datetime": "2022-04-21 13:35:30", "elapsed": 3892.696635, "delta": 10.791656}}
{"target": -5311.001292964014, "params": {"r1": 163.21789960103183, "r2": 300.0, "r3": 275.4650362862474, "r4": 300.0, "r5": 300.0, "r6": 110.0, "r7": 258.76686140852667}, "datetime": {"datetime": "2022-04-21 13:35:39", "elapsed": 3901.718253, "delta": 9.021618}}
{"target": -8509.698381073804, "params": {"r1": 110.0, "r2": 110.0, "r3": 300.0, "r4": 300.0, "r5": 300.0, "r6": 260.16006436582234, "r7": 300.0}, "datetime": {"datetime": "2022-04-21 13:35:46", "elapsed": 3908.767632, "delta": 7.049379}}
{"target": -5398.666158289987, "params": {"r1": 179.5577122510691, "r2": 218.3386653491171, "r3": 300.0, "r4": 258.77156397704374, "r5": 300.0, "r6": 300.0, "r7": 300.0}, "datetime": {"datetime": "2022-04-21 13:35:54", "elapsed": 3916.659066, "delta": 7.891434}}
{"target": -5989.41621012044, "params": {"r1": 187.64723222826217, "r2": 244.50368709036792, "r3": 285.7919552577943, "r4": 295.95985750064006, "r5": 281.0291348738754, "r6": 212.85167243599602, "r7": 284.27484154805654}, "datetime": {"datetime": "2022-04-21 13:36:02", "elapsed": 3924.766041, "delta": 8.106975}}
{"target": -7601.721102306967, "params": {"r1": 179.34893894163127, "r2": 280.4667193501343, "r3": 290.5465595921874, "r4": 299.61431220809686, "r5": 289.9614171784592, "r6": 115.22851846479419, "r7": 238.22589063908808}, "datetime": {"datetime": "2022-04-21 13:36:35", "elapsed": 3957.844044, "delta": 33.078003}}
{"target": -9379.801991225468, "params": {"r1": 200.93893072547695, "r2": 299.6038089982526, "r3": 246.65149978582903, "r4": 285.8784641181032, "r5": 276.6668070859294, "r6": 178.72063565471026, "r7": 281.26304071549686}, "datetime": {"datetime": "2022-04-21 13:37:09", "elapsed": 3991.432695, "delta": 33.588651}}
{"target": -4783.474889618878, "params": {"r1": 300.0, "r2": 300.0, "r3": 143.32299567363904, "r4": 300.0, "r5": 300.0, "r6": 110.0, "r7": 249.51181991438773}, "datetime": {"datetime": "2022-04-21 13:37:22", "elapsed": 4004.47873, "delta": 13.046035}}
{"target": -4646.809929483923, "params": {"r1": 189.38089341049752, "r2": 300.0, "r3": 110.0, "r4": 300.0, "r5": 300.0, "r6": 110.0, "r7": 253.0124879811244}, "datetime": {"datetime": "2022-04-21 13:37:33", "elapsed": 4015.511916, "delta": 11.033186}}
{"target": -18289.52431707248, "params": {"r1": 283.7451658739909, "r2": 237.85023057701596, "r3": 202.21495887986904, "r4": 254.81052809704778, "r5": 186.53084587762393, "r6": 190.64434774134807, "r7": 184.68241243019924}, "datetime": {"datetime": "2022-04-21 13:38:06", "elapsed": 4049.043588, "delta": 33.531672}}
{"target": -21820.596337362178, "params": {"r1": 216.57722505376643, "r2": 211.60579562243166, "r3": 116.95156809467554, "r4": 165.94715631698318, "r5": 251.5077816548397, "r6": 297.5090081681635, "r7": 113.15504832809044}, "datetime": {"datetime": "2022-04-21 13:38:40", "elapsed": 4082.827647, "delta": 33.784059}}
{"target": -5250.433240252427, "params": {"r1": 190.00418684744176, "r2": 282.58362625152915, "r3": 300.0, "r4": 299.99999998763684, "r5": 300.0, "r6": 175.10728887507153, "r7": 249.62784983220686}, "datetime": {"datetime": "2022-04-21 13:38:48", "elapsed": 4090.394598, "delta": 7.566951}}
{"target": -6040.688175369385, "params": {"r1": 264.47061286354, "r2": 211.2236378398091, "r3": 182.1952448849873, "r4": 289.4553405304201, "r5": 292.5131595396772, "r6": 293.24364509097916, "r7": 292.538449325539}, "datetime": {"datetime": "2022-04-21 13:39:21", "elapsed": 4124.109798, "delta": 33.7152}}
{"target": -9546.47899562638, "params": {"r1": 260.11624453678917, "r2": 300.0, "r3": 110.0, "r4": 300.0, "r5": 110.0, "r6": 175.62697014530656, "r7": 300.0}, "datetime": {"datetime": "2022-04-21 13:39:30", "elapsed": 4133.139653, "delta": 9.029855}}
{"target": -4509.035765378094, "params": {"r1": 170.81811747448643, "r2": 243.34334292553658, "r3": 286.95544536089, "r4": 299.99999999482156, "r5": 300.0, "r6": 230.4294432102068, "r7": 289.5539631757459}, "datetime": {"datetime": "2022-04-21 13:39:40", "elapsed": 4142.270889, "delta": 9.131236}}
{"target": -4488.995376450309, "params": {"r1": 165.07870436133945, "r2": 273.7717643644526, "r3": 299.9999999778592, "r4": 300.0, "r5": 299.99999999524334, "r6": 224.12450698157198, "r7": 287.8165541971472}, "datetime": {"datetime": "2022-04-21 13:39:48", "elapsed": 4150.765647, "delta": 8.494758}}
{"target": -4616.851572351368, "params": {"r1": 244.59496980765468, "r2": 143.58808365657634, "r3": 183.3384379289958, "r4": 300.0, "r5": 300.0, "r6": 300.0, "r7": 300.0}, "datetime": {"datetime": "2022-04-21 13:39:58", "elapsed": 4160.75917, "delta": 9.993523}}
{"target": -5174.834283348066, "params": {"r1": 171.39918926426256, "r2": 257.61902029689264, "r3": 203.10486858506508, "r4": 300.0, "r5": 300.0, "r6": 110.0, "r7": 259.57892238210127}, "datetime": {"datetime": "2022-04-21 13:40:08", "elapsed": 4171.054085, "delta": 10.294915}}
{"target": -6143.063758421805, "params": {"r1": 217.90483985778067, "r2": 281.4549840408473, "r3": 110.0, "r4": 300.0, "r5": 300.0, "r6": 263.8080024575537, "r7": 300.0}, "datetime": {"datetime": "2022-04-21 13:40:16", "elapsed": 4178.476556, "delta": 7.422471}}
{"target": -24296.30547202788, "params": {"r1": 145.0899449729065, "r2": 126.98814042751962, "r3": 206.68256526220148, "r4": 113.4431897959986, "r5": 220.7853976570305, "r6": 156.49441713257113, "r7": 215.20176774377734}, "datetime": {"datetime": "2022-04-21 13:40:50", "elapsed": 4212.663109, "delta": 34.186553}}
{"target": -5546.842278258324, "params": {"r1": 233.00285723996024, "r2": 161.80643367258418, "r3": 183.3487774454127, "r4": 300.0, "r5": 300.0, "r6": 300.0, "r7": 275.31980048783305}, "datetime": {"datetime": "2022-04-21 13:41:00", "elapsed": 4222.435812, "delta": 9.772703}}
{"target": -23691.780088698368, "params": {"r1": 164.28774770120884, "r2": 112.7092951094918, "r3": 158.79794952452107, "r4": 123.39872892923896, "r5": 206.79769926056454, "r6": 233.10914636452225, "r7": 270.94542834643744}, "datetime": {"datetime": "2022-04-21 13:41:34", "elapsed": 4257.029386, "delta": 34.593574}}
{"target": -21174.744334388462, "params": {"r1": 271.56042345244464, "r2": 158.28203316824357, "r3": 285.64419951862374, "r4": 222.60196048399436, "r5": 236.82768175788357, "r6": 263.3525112003502, "r7": 192.2372136768225}, "datetime": {"datetime": "2022-04-21 13:42:09", "elapsed": 4291.476207, "delta": 34.446821}}
{"target": -21167.130471836444, "params": {"r1": 265.83554096629314, "r2": 221.13976091359336, "r3": 264.46169520763, "r4": 167.2817029751745, "r5": 123.51643000979354, "r6": 289.9734245980826, "r7": 157.79705389440846}, "datetime": {"datetime": "2022-04-21 13:42:45", "elapsed": 4327.425939, "delta": 35.949732}}
{"target": -4652.0341689654915, "params": {"r1": 226.19320812047317, "r2": 155.0801705403869, "r3": 194.77330341850498, "r4": 299.99999999970504, "r5": 300.0, "r6": 299.99999999971163, "r7": 299.9999999947093}, "datetime": {"datetime": "2022-04-21 13:42:53", "elapsed": 4335.811024, "delta": 8.385085}}
{"target": -11367.385401380936, "params": {"r1": 215.61229483046228, "r2": 300.0, "r3": 110.0, "r4": 300.0, "r5": 110.0, "r6": 110.0, "r7": 231.83601135834996}, "datetime": {"datetime": "2022-04-21 13:43:01", "elapsed": 4343.714035, "delta": 7.903011}}
{"target": -9718.980750492943, "params": {"r1": 110.0, "r2": 182.03530330743072, "r3": 300.0, "r4": 300.0, "r5": 300.0, "r6": 300.0, "r7": 183.73944011148706}, "datetime": {"datetime": "2022-04-21 13:43:09", "elapsed": 4352.222966, "delta": 8.508931}}
{"target": -8605.816912157166, "params": {"r1": 241.59706752099632, "r2": 250.01000500012535, "r3": 300.0, "r4": 226.90950475927187, "r5": 300.0, "r6": 110.0, "r7": 288.00267311355213}, "datetime": {"datetime": "2022-04-21 13:43:20", "elapsed": 4362.72141, "delta": 10.498444}}
{"target": -8945.757555604647, "params": {"r1": 172.88252137895407, "r2": 300.0, "r3": 160.99711827021358, "r4": 300.0, "r5": 300.0, "r6": 110.0, "r7": 218.95736926224248}, "datetime": {"datetime": "2022-04-21 13:43:29", "elapsed": 4371.988368, "delta": 9.266958}}
{"target": -12473.730152006061, "params": {"r1": 192.4774389995025, "r2": 266.851409279319, "r3": 161.96697101542335, "r4": 300.0, "r5": 110.0, "r6": 225.8648643718286, "r7": 225.83903108812007}, "datetime": {"datetime": "2022-04-21 13:43:39", "elapsed": 4382.084627, "delta": 10.096259}}
{"target": -6226.97334735117, "params": {"r1": 278.21324994239734, "r2": 181.34565737396528, "r3": 192.92709573347653, "r4": 300.0, "r5": 271.0342290291098, "r6": 300.0, "r7": 299.999999998389}, "datetime": {"datetime": "2022-04-21 13:43:48", "elapsed": 4390.681937, "delta": 8.59731}}
{"target": -20748.681765054687, "params": {"r1": 300.0, "r2": 178.4452318823845, "r3": 110.0, "r4": 110.0, "r5": 110.0, "r6": 110.0, "r7": 110.0}, "datetime": {"datetime": "2022-04-21 13:43:55", "elapsed": 4397.540165, "delta": 6.858228}}
{"target": -4605.997133907816, "params": {"r1": 278.08171240819837, "r2": 184.01381726469393, "r3": 176.56516392704768, "r4": 300.0, "r5": 300.0, "r6": 286.72484874186875, "r7": 281.6632757728684}, "datetime": {"datetime": "2022-04-21 13:44:02", "elapsed": 4405.183795, "delta": 7.64363}}
{"target": -5455.727144424978, "params": {"r1": 300.0, "r2": 186.8047656632258, "r3": 187.33904895721756, "r4": 300.0, "r5": 300.0, "r6": 300.0, "r7": 270.2157391002844}, "datetime": {"datetime": "2022-04-21 13:44:12", "elapsed": 4415.077759, "delta": 9.893964}}
{"target": -8098.627364972837, "params": {"r1": 208.17868633471141, "r2": 110.0, "r3": 272.51531158971153, "r4": 258.53679686990034, "r5": 300.0, "r6": 300.0, "r7": 300.0}, "datetime": {"datetime": "2022-04-21 13:44:25", "elapsed": 4427.737234, "delta": 12.659475}}
{"target": -9115.014563139133, "params": {"r1": 110.0, "r2": 300.0, "r3": 227.46291283403585, "r4": 300.0, "r5": 300.0, "r6": 300.0, "r7": 300.0}, "datetime": {"datetime": "2022-04-21 13:44:45", "elapsed": 4447.583078, "delta": 19.845844}}
{"target": -5106.255060395924, "params": {"r1": 214.0486323712687, "r2": 132.043790281322, "r3": 155.49421524883485, "r4": 300.0, "r5": 300.0, "r6": 300.0, "r7": 300.0}, "datetime": {"datetime": "2022-04-21 13:44:56", "elapsed": 4459.146398, "delta": 11.56332}}
{"target": -5839.15119587183, "params": {"r1": 242.28985678606202, "r2": 300.0, "r3": 163.13194339684125, "r4": 300.0, "r5": 300.0, "r6": 232.7099870696921, "r7": 256.1528299069266}, "datetime": {"datetime": "2022-04-21 13:45:05", "elapsed": 4467.518227, "delta": 8.371829}}
{"target": -20866.07705786066, "params": {"r1": 259.7201350867, "r2": 216.59817093322482, "r3": 230.7947068016693, "r4": 222.3960566590244, "r5": 274.35731503334637, "r6": 120.31195323786702, "r7": 140.5136633971969}, "datetime": {"datetime": "2022-04-21 13:45:41", "elapsed": 4503.765628, "delta": 36.247401}}
{"target": -11717.600942702882, "params": {"r1": 300.0, "r2": 110.0, "r3": 300.0, "r4": 300.0, "r5": 110.0, "r6": 110.0, "r7": 300.0}, "datetime": {"datetime": "2022-04-21 13:45:50", "elapsed": 4512.92268, "delta": 9.157052}}
{"target": -18573.74981631224, "params": {"r1": 250.60731017339103, "r2": 272.7377160471407, "r3": 267.72900904561016, "r4": 203.11775182238694, "r5": 232.6341224969138, "r6": 173.15264328577106, "r7": 166.4550541949876}, "datetime": {"datetime": "2022-04-21 13:46:26", "elapsed": 4549.182282, "delta": 36.259602}}
{"target": -6051.240430666969, "params": {"r1": 163.05532241657295, "r2": 300.0, "r3": 110.0, "r4": 300.0, "r5": 300.0, "r6": 110.0, "r7": 240.0526169683742}, "datetime": {"datetime": "2022-04-21 13:46:34", "elapsed": 4557.1829, "delta": 8.000618}}
{"target": -24298.375023764078, "params": {"r1": 236.97268335392, "r2": 136.02838101222474, "r3": 183.43727036893856, "r4": 262.06304462577435, "r5": 231.68429321689905, "r6": 245.54632917558519, "r7": 173.7424830266134}, "datetime": {"datetime": "2022-04-21 13:47:12", "elapsed": 4594.308764, "delta": 37.125864}}
{"target": -22881.195665235966, "params": {"r1": 135.29995998071212, "r2": 239.55854315815196, "r3": 184.65506091510125, "r4": 281.9826879698476, "r5": 173.4812424357595, "r6": 248.39089398960513, "r7": 122.33429058309088}, "datetime": {"datetime": "2022-04-21 13:47:49", "elapsed": 4631.664753, "delta": 37.355989}}
{"target": -4391.252781652222, "params": {"r1": 230.36326129525, "r2": 160.22107208614145, "r3": 167.9845422906241, "r4": 300.0, "r5": 300.0, "r6": 299.29129201677324, "r7": 300.0}, "datetime": {"datetime": "2022-04-21 13:47:57", "elapsed": 4640.215651, "delta": 8.550898}}
{"target": -7799.337716058328, "params": {"r1": 300.0, "r2": 276.76399242773334, "r3": 110.0, "r4": 300.0, "r5": 300.0, "r6": 170.49629276213275, "r7": 273.18098674864063}, "datetime": {"datetime": "2022-04-21 13:48:05", "elapsed": 4648.022372, "delta": 7.806721}}
{"target": -24760.367742734088, "params": {"r1": 253.73804903530805, "r2": 161.15583888155376, "r3": 234.05267700533187, "r4": 142.7914521535486, "r5": 229.43927004222562, "r6": 212.380882107028, "r7": 214.19099101712231}, "datetime": {"datetime": "2022-04-21 13:48:42", "elapsed": 4684.944636, "delta": 36.922264}}
{"target": -5315.245843793307, "params": {"r1": 174.6453227059792, "r2": 300.0, "r3": 300.0, "r4": 300.0, "r5": 300.0, "r6": 300.0, "r7": 300.0}, "datetime": {"datetime": "2022-04-21 13:48:52", "elapsed": 4695.070269, "delta": 10.125633}}
{"target": -12389.102225333509, "params": {"r1": 295.457251258856, "r2": 210.08595808085158, "r3": 299.29708926471983, "r4": 207.59292260146935, "r5": 295.4789764813793, "r6": 124.72382465814538, "r7": 116.95021244563522}, "datetime": {"datetime": "2022-04-21 13:49:29", "elapsed": 4732.190449, "delta": 37.12018}}
{"target": -15650.967753565288, "params": {"r1": 131.67914241293687, "r2": 290.748135204379, "r3": 264.5434350946829, "r4": 177.84809936687344, "r5": 117.67242028286616, "r6": 114.18058037239729, "r7": 244.69651763353326}, "datetime": {"datetime": "2022-04-21 13:50:08", "elapsed": 4771.041504, "delta": 38.851055}}
{"target": -6790.957528034896, "params": {"r1": 274.5447363447806, "r2": 253.2384118569208, "r3": 279.2495568900038, "r4": 294.7539939458135, "r5": 298.614028824628, "r6": 139.49458171131786, "r7": 224.24293786976665}, "datetime": {"datetime": "2022-04-21 13:50:46", "elapsed": 4808.911086, "delta": 37.869582}}
{"target": -22675.38241781779, "params": {"r1": 266.25828619916376, "r2": 180.70186969964902, "r3": 243.98963226424848, "r4": 272.228257256883, "r5": 161.222305731105, "r6": 207.33511895216122, "r7": 173.3611743832625}, "datetime": {"datetime": "2022-04-21 13:51:24", "elapsed": 4846.255379, "delta": 37.344293}}
{"target": -23708.781495676587, "params": {"r1": 279.24237404014326, "r2": 233.61233451474448, "r3": 222.1384415996937, "r4": 207.6520262508792, "r5": 219.68488827758333, "r6": 142.61594626792305, "r7": 200.48135436911033}, "datetime": {"datetime": "2022-04-21 13:52:01", "elapsed": 4883.86709, "delta": 37.611711}}
{"target": -23498.767185668574, "params": {"r1": 114.18601174185238, "r2": 207.35115054245324, "r3": 261.4230621711993, "r4": 177.73766623729878, "r5": 231.85622889876606, "r6": 279.9413848111, "r7": 137.09658141701857}, "datetime": {"datetime": "2022-04-21 13:52:39", "elapsed": 4921.936905, "delta": 38.069815}}
{"target": -7946.775789152161, "params": {"r1": 153.10082982063292, "r2": 267.9534273898535, "r3": 262.6727536027123, "r4": 289.1445066170228, "r5": 291.31068473887973, "r6": 110.6920776900544, "r7": 298.19013783508126}, "datetime": {"datetime": "2022-04-21 13:53:18", "elapsed": 4960.477016, "delta": 38.540111}}
{"target": -10560.598237308415, "params": {"r1": 187.3830808541045, "r2": 204.6003164196036, "r3": 232.43134343691577, "r4": 297.4674493728901, "r5": 265.3092363059578, "r6": 111.83864128173244, "r7": 247.57646646268157}, "datetime": {"datetime": "2022-04-21 13:53:27", "elapsed": 4969.496398, "delta": 9.019382}}
{"target": -16523.929945272073, "params": {"r1": 235.88830192917862, "r2": 190.92665793816298, "r3": 144.46580501598527, "r4": 287.21368262911096, "r5": 174.99360508016827, "r6": 287.7111333384199, "r7": 260.6809061065992}, "datetime": {"datetime": "2022-04-21 13:54:05", "elapsed": 5008.225574, "delta": 38.729176}}
{"target": -19088.079823601303, "params": {"r1": 110.0, "r2": 110.0, "r3": 300.0, "r4": 223.04625824554728, "r5": 300.0, "r6": 300.0, "r7": 110.0}, "datetime": {"datetime": "2022-04-21 13:54:15", "elapsed": 5018.105548, "delta": 9.879974}}
{"target": -4662.511230032596, "params": {"r1": 200.26656056659684, "r2": 150.31303582658876, "r3": 173.7388949171591, "r4": 300.0, "r5": 300.0, "r6": 300.0, "r7": 300.0}, "datetime": {"datetime": "2022-04-21 13:54:24", "elapsed": 5026.292262, "delta": 8.186714}}
{"target": -4294.44166018449, "params": {"r1": 177.77578946694283, "r2": 300.0, "r3": 300.0, "r4": 299.9999999807204, "r5": 300.0, "r6": 110.0, "r7": 274.22284515757946}, "datetime": {"datetime": "2022-04-21 13:54:34", "elapsed": 5037.06012, "delta": 10.767858}}
{"target": -4850.5083796358285, "params": {"r1": 157.63995961600205, "r2": 291.97180655362894, "r3": 257.9491192754515, "r4": 253.24044041674134, "r5": 300.0, "r6": 110.0, "r7": 258.2852194296494}, "datetime": {"datetime": "2022-04-21 13:54:44", "elapsed": 5047.033744, "delta": 9.973624}}
{"target": -4880.278710137376, "params": {"r1": 261.8440259646643, "r2": 249.39679323120703, "r3": 299.2152983935422, "r4": 300.0, "r5": 300.0, "r6": 110.00000001706327, "r7": 298.84051786114065}, "datetime": {"datetime": "2022-04-21 13:54:55", "elapsed": 5057.473622, "delta": 10.439878}}
{"target": -7304.365621111123, "params": {"r1": 163.74928568165598, "r2": 223.33414589937848, "r3": 243.3544429922941, "r4": 287.98625735032454, "r5": 291.1852523876363, "r6": 139.06934458039186, "r7": 292.87395273884283}, "datetime": {"datetime": "2022-04-21 13:55:34", "elapsed": 5096.274986, "delta": 38.801364}}
{"target": -12082.113496960998, "params": {"r1": 213.02501517780803, "r2": 300.0, "r3": 300.0, "r4": 300.0, "r5": 110.0, "r6": 231.60541897204163, "r7": 224.97104370617768}, "datetime": {"datetime": "2022-04-21 13:55:42", "elapsed": 5104.763709, "delta": 8.488723}}
