{"target": -5194.275682515388, "params": {"r1": 212.70907008763575, "r2": 229.79327114152161, "r3": 300.0, "r4": 300.0, "r5": 300.0, "r6": 184.4891573511196, "r7": 259.26565699634347}, "datetime": {"datetime": "2022-04-21 14:25:03", "elapsed": 6866.233352, "delta": 11.943417}}
{"target": -5497.3533928513, "params": {"r1": 229.71806138590634, "r2": 299.99999981356683, "r3": 300.0, "r4": 300.0, "r5": 285.61522242795604, "r6": 193.41305763064074, "r7": 300.0}, "datetime": {"datetime": "2022-04-21 14:25:14", "elapsed": 6877.083209, "delta": 10.849857}}
{"target": -4646.968185946122, "params": {"r1": 250.89725833062835, "r2": 228.6945053213581, "r3": 182.3790712831597, "r4": 300.0, "r5": 300.0, "r6": 110.0, "r7": 262.4370133546965}, "datetime": {"datetime": "2022-04-21 14:25:29", "elapsed": 6891.72364, "delta": 14.640431}}
{"target": -6124.531110481279, "params": {"r1": 133.55560453902808, "r2": 110.0, "r3": 266.6146947564679, "r4": 300.0, "r5": 300.0, "r6": 300.0, "r7": 300.0}, "datetime": {"datetime": "2022-04-21 14:25:41", "elapsed": 6903.724778, "delta": 12.001138}}
{"target": -9887.39605327947, "params": {"r1": 225.93806077051497, "r2": 245.43546533707635, "r3": 300.0, "r4": 300.0, "r5": 230.21706311576474, "r6": 192.76421501344709, "r7": 300.0}, "datetime": {"datetime": "2022-04-21 14:25:54", "elapsed": 6917.018114, "delta": 13.293336}}
{"target": -5199.431973670693, "params": {"r1": 151.42478437718603, "r2": 256.229891146221, "r3": 299.1431242192104, "r4": 268.28507635810604, "r5": 300.0, "r6": 117.29344871046368, "r7": 297.21392658585995}, "datetime": {"datetime": "2022-04-21 14:26:06", "elapsed": 6928.413429, "delta": 11.395315}}
{"target": -5287.195598166491, "params": {"r1": 282.846310193699, "r2": 223.830129953205, "r3": 151.84521871286984, "r4": 300.0, "r5": 300.0, "r6": 300.0, "r7": 264.01651991606377}, "datetime": {"datetime": "2022-04-21 14:26:16", "elapsed": 6938.719685, "delta": 10.306256}}
{"target": -7414.77774694391, "params": {"r1": 300.0, "r2": 198.8444474638099, "r3": 162.3116300779008, "r4": 300.0, "r5": 300.0, "r6": 110.0, "r7": 266.88946170581715}, "datetime": {"datetime": "2022-04-21 14:26:30", "elapsed": 6952.762277, "delta": 14.042592}}
{"target": -17654.2144809425, "params": {"r1": 265.12076493330324, "r2": 248.42412289235455, "r3": 283.34333551380155, "r4": 223.4004865581885, "r5": 158.91020678013123, "r6": 230.0569544016833, "r7": 229.32839063898138}, "datetime": {"datetime": "2022-04-21 14:27:17", "elapsed": 6999.879938, "delta": 47.117661}}
{"target": -5048.194302713554, "params": {"r1": 259.9514017889247, "r2": 168.47905517902564, "r3": 185.18724668756022, "r4": 300.0, "r5": 299.9999999987743, "r6": 299.9893743761073, "r7": 290.043388836056}, "datetime": {"datetime": "2022-04-21 14:27:28", "elapsed": 7010.861932, "delta": 10.981994}}
{"target": -14151.751922494073, "params": {"r1": 300.0, "r2": 300.0, "r3": 300.0, "r4": 300.0, "r5": 110.0, "r6": 300.0, "r7": 223.07952877580382}, "datetime": {"datetime": "2022-04-21 14:27:39", "elapsed": 7021.769687, "delta": 10.907755}}
{"target": -7550.188669709154, "params": {"r1": 300.0, "r2": 217.04925912000536, "r3": 300.0, "r4": 300.0, "r5": 273.8581198784211, "r6": 300.0, "r7": 300.0}, "datetime": {"datetime": "2022-04-21 14:27:50", "elapsed": 7032.353542, "delta": 10.583855}}
{"target": -5997.807579305844, "params": {"r1": 225.03470163021717, "r2": 257.630278120988, "r3": 269.6262108602049, "r4": 284.3533350086543, "r5": 297.88212544824466, "r6": 174.60738699448322, "r7": 266.6960594028185}, "datetime": {"datetime": "2022-04-21 14:28:02", "elapsed": 7044.617217, "delta": 12.263675}}
{"target": -10027.729601721609, "params": {"r1": 268.0346794317875, "r2": 290.50756167333344, "r3": 300.0, "r4": 300.0, "r5": 171.25122010637236, "r6": 110.0, "r7": 300.0}, "datetime": {"datetime": "2022-04-21 14:28:13", "elapsed": 7055.8799, "delta": 11.262683}}
{"target": -6048.847402156877, "params": {"r1": 251.39113607005373, "r2": 266.10404386409635, "r3": 195.98546407029966, "r4": 299.7045307697023, "r5": 299.28346253124073, "r6": 126.23426001313433, "r7": 277.2405878229401}, "datetime": {"datetime": "2022-04-21 14:28:27", "elapsed": 7069.926453, "delta": 14.046553}}
{"target": -26454.919101228137, "params": {"r1": 131.01933048583095, "r2": 221.73745029564134, "r3": 208.91327987576247, "r4": 150.22583976848688, "r5": 136.31585180051934, "r6": 253.94242720507356, "r7": 198.71823413098156}, "datetime": {"datetime": "2022-04-21 14:29:15", "elapsed": 7117.851212, "delta": 47.924759}}
{"target": -13674.003902349188, "params": {"r1": 222.95923795878758, "r2": 241.1340665919162, "r3": 257.0689351591517, "r4": 252.03617880756823, "r5": 258.6172741812504, "r6": 288.2910989949776, "r7": 265.5847446404972}, "datetime": {"datetime": "2022-04-21 14:30:04", "elapsed": 7167.015848, "delta": 49.164636}}
{"target": -20980.86297798103, "params": {"r1": 299.13749701786827, "r2": 197.45443826915596, "r3": 268.92715857305296, "r4": 157.92714466140785, "r5": 293.02943814851704, "r6": 184.36721699555162, "r7": 226.30278058731773}, "datetime": {"datetime": "2022-04-21 14:30:52", "elapsed": 7214.601543, "delta": 47.585695}}
{"target": -5895.078701801967, "params": {"r1": 221.08313065339863, "r2": 267.9597582258896, "r3": 110.00000000000003, "r4": 300.0, "r5": 300.0, "r6": 110.0, "r7": 251.78266686686024}, "datetime": {"datetime": "2022-04-21 14:31:03", "elapsed": 7225.661643, "delta": 11.0601}}
{"target": -5526.796691512076, "params": {"r1": 269.839518142158, "r2": 233.9589679186964, "r3": 291.1355211863496, "r4": 295.1584595205112, "r5": 295.20139612803143, "r6": 225.29464902995727, "r7": 283.27199234168216}, "datetime": {"datetime": "2022-04-21 14:31:17", "elapsed": 7239.437509, "delta": 13.775866}}
{"target": -5185.505810877223, "params": {"r1": 263.88163353162986, "r2": 206.21207684095822, "r3": 140.48351904867255, "r4": 297.99855844028235, "r5": 295.8244333014834, "r6": 277.400479219129, "r7": 288.6072050298193}, "datetime": {"datetime": "2022-04-21 14:31:31", "elapsed": 7253.677836, "delta": 14.240327}}
{"target": -6307.226207920991, "params": {"r1": 146.659426585269, "r2": 279.207027875462, "r3": 241.44346651927034, "r4": 253.17676844972019, "r5": 299.21577154796535, "r6": 114.51526381965245, "r7": 246.46374489958436}, "datetime": {"datetime": "2022-04-21 14:31:47", "elapsed": 7269.359185, "delta": 15.681349}}
{"target": -4623.659066452677, "params": {"r1": 180.57827145613126, "r2": 300.0, "r3": 300.0, "r4": 300.0, "r5": 300.0, "r6": 173.96418513332793, "r7": 259.4427596462401}, "datetime": {"datetime": "2022-04-21 14:32:00", "elapsed": 7282.89688, "delta": 13.537695}}
{"target": -6169.366684218272, "params": {"r1": 154.78528386629668, "r2": 284.0380960813652, "r3": 275.0229833346681, "r4": 294.1596208274584, "r5": 295.0956639931477, "r6": 217.49516070635013, "r7": 273.32744672130593}, "datetime": {"datetime": "2022-04-21 14:32:12", "elapsed": 7295.100055, "delta": 12.203175}}
{"target": -5143.340411640892, "params": {"r1": 200.51745958802314, "r2": 235.15204797453305, "r3": 299.94839813094416, "r4": 279.49079257764254, "r5": 300.0, "r6": 299.99999999841117, "r7": 299.9943678466455}, "datetime": {"datetime": "2022-04-21 14:32:27", "elapsed": 7309.625764, "delta": 14.525709}}
{"target": -10540.156097367511, "params": {"r1": 300.0, "r2": 152.86700091784587, "r3": 175.62924756313987, "r4": 300.0, "r5": 300.0, "r6": 110.0, "r7": 110.0}, "datetime": {"datetime": "2022-04-21 14:32:45", "elapsed": 7327.271956, "delta": 17.646192}}
{"target": -5878.094884561349, "params": {"r1": 254.36374857225806, "r2": 169.39740447167298, "r3": 159.05918567158892, "r4": 300.0, "r5": 300.0, "r6": 273.9897736216151, "r7": 300.0}, "datetime": {"datetime": "2022-04-21 14:32:58", "elapsed": 7341.11987, "delta": 13.847914}}
{"target": -8266.570476037954, "params": {"r1": 198.70969461993053, "r2": 110.0, "r3": 300.0, "r4": 300.0, "r5": 300.0, "r6": 300.0, "r7": 300.0}, "datetime": {"datetime": "2022-04-21 14:33:13", "elapsed": 7355.324516, "delta": 14.204646}}
{"target": -5331.104339843694, "params": {"r1": 205.44372333124176, "r2": 255.60717383906146, "r3": 241.8502708170795, "r4": 293.7142872568535, "r5": 300.0, "r6": 300.0, "r7": 299.999999999999}, "datetime": {"datetime": "2022-04-21 14:33:28", "elapsed": 7370.691282, "delta": 15.366766}}
{"target": -4970.851608030767, "params": {"r1": 261.02797444930377, "r2": 296.01994001553373, "r3": 300.0, "r4": 300.0, "r5": 300.0, "r6": 198.0954855734588, "r7": 300.0}, "datetime": {"datetime": "2022-04-21 14:33:44", "elapsed": 7386.683435, "delta": 15.992153}}
{"target": -6678.268496707412, "params": {"r1": 253.3634016949087, "r2": 207.03120344811083, "r3": 110.0, "r4": 300.0, "r5": 300.0, "r6": 292.77168408466736, "r7": 300.0}, "datetime": {"datetime": "2022-04-21 14:33:58", "elapsed": 7400.531144, "delta": 13.847709}}
{"target": -4554.786001001095, "params": {"r1": 283.89073147029063, "r2": 202.39394695490074, "r3": 152.78117706318815, "r4": 300.0, "r5": 300.0, "r6": 283.79459986948416, "r7": 295.8118762950892}, "datetime": {"datetime": "2022-04-21 14:34:09", "elapsed": 7411.983918, "delta": 11.452774}}
{"target": -4511.7850587351895, "params": {"r1": 299.9999999998032, "r2": 300.0, "r3": 183.5265014145323, "r4": 299.9999999994615, "r5": 299.9999999981322, "r6": 110.00000000035914, "r7": 267.07061819562205}, "datetime": {"datetime": "2022-04-21 14:34:19", "elapsed": 7422.218612, "delta": 10.234694}}
{"target": -5628.0361875874405, "params": {"r1": 263.53110272110325, "r2": 261.0376020474281, "r3": 249.19462379314194, "r4": 300.0, "r5": 300.0, "r6": 300.0, "r7": 288.3471696651953}, "datetime": {"datetime": "2022-04-21 14:34:45", "elapsed": 7447.634843, "delta": 25.416231}}
{"target": -5942.398635677556, "params": {"r1": 153.59780698983445, "r2": 300.0, "r3": 299.28606050791547, "r4": 299.999999988365, "r5": 300.0, "r6": 110.0, "r7": 299.99999999958584}, "datetime": {"datetime": "2022-04-21 14:35:15", "elapsed": 7478.167406, "delta": 30.532563}}
{"target": -6318.927085973586, "params": {"r1": 115.0469646646875, "r2": 119.64722252330218, "r3": 300.0, "r4": 299.99181669216114, "r5": 300.0, "r6": 300.0, "r7": 300.0}, "datetime": {"datetime": "2022-04-21 14:35:32", "elapsed": 7494.644979, "delta": 16.477573}}
{"target": -5638.295825291937, "params": {"r1": 277.5350289930706, "r2": 270.12964358078614, "r3": 298.61897588415115, "r4": 300.0, "r5": 290.52878998282534, "r6": 223.89705887468085, "r7": 259.7049800524112}, "datetime": {"datetime": "2022-04-21 14:35:54", "elapsed": 7516.329449, "delta": 21.68447}}
{"target": -5772.751388015075, "params": {"r1": 178.24171837280758, "r2": 206.08543837676223, "r3": 215.34528100807188, "r4": 300.0, "r5": 300.0, "r6": 300.0, "r7": 300.0}, "datetime": {"datetime": "2022-04-21 14:36:16", "elapsed": 7538.724904, "delta": 22.395455}}
{"target": -6386.879680665092, "params": {"r1": 297.87810652256786, "r2": 210.27145662326532, "r3": 176.6729698596207, "r4": 300.0, "r5": 300.0, "r6": 110.00000000257945, "r7": 226.3756596790658}, "datetime": {"datetime": "2022-04-21 14:36:34", "elapsed": 7556.495191, "delta": 17.770287}}
{"target": -5282.106310711122, "params": {"r1": 202.15810660787676, "r2": 257.5990262432759, "r3": 300.0, "r4": 300.0, "r5": 300.0, "r6": 207.1174281388914, "r7": 258.04478275326767}, "datetime": {"datetime": "2022-04-21 14:36:55", "elapsed": 7577.885762, "delta": 21.390571}}
{"target": -5879.036097146331, "params": {"r1": 299.99999999053955, "r2": 299.99999997904547, "r3": 221.57920743906354, "r4": 300.0, "r5": 300.0, "r6": 110.0, "r7": 250.61030819299592}, "datetime": {"datetime": "2022-04-21 14:37:12", "elapsed": 7594.878518, "delta": 16.992756}}
{"target": -7996.251234653939, "params": {"r1": 297.3392351940142, "r2": 221.78041773407355, "r3": 270.62980475598124, "r4": 285.1429832688253, "r5": 296.3478255592356, "r6": 231.84646678903516, "r7": 258.74390442148126}, "datetime": {"datetime": "2022-04-21 14:37:28", "elapsed": 7611.092966, "delta": 16.214448}}
{"target": -4857.765210635806, "params": {"r1": 181.31382082635605, "r2": 300.0, "r3": 299.99999990747915, "r4": 272.7955891058337, "r5": 300.0, "r6": 224.30776047117013, "r7": 299.9999999164137}, "datetime": {"datetime": "2022-04-21 14:37:52", "elapsed": 7634.365023, "delta": 23.272057}}
{"target": -6281.115772325853, "params": {"r1": 172.42317798006292, "r2": 242.87395283075318, "r3": 193.38625283479448, "r4": 300.0, "r5": 300.0, "r6": 299.9999999991587, "r7": 296.26174159616585}, "datetime": {"datetime": "2022-04-21 14:38:14", "elapsed": 7656.964978, "delta": 22.599955}}
{"target": -4813.4292284004605, "params": {"r1": 300.0, "r2": 284.09458271486244, "r3": 300.0, "r4": 299.076624051693, "r5": 300.0, "r6": 172.74486264193217, "r7": 292.2694406596997}, "datetime": {"datetime": "2022-04-21 14:38:35", "elapsed": 7677.805295, "delta": 20.840317}}
{"target": -9477.246439365998, "params": {"r1": 232.43420142538957, "r2": 248.50182882785398, "r3": 203.5159190561926, "r4": 300.0, "r5": 300.0, "r6": 242.5121713086802, "r7": 110.0}, "datetime": {"datetime": "2022-04-21 14:38:52", "elapsed": 7694.606626, "delta": 16.801331}}
{"target": -5137.679501358882, "params": {"r1": 190.98748951505638, "r2": 214.45835734499678, "r3": 291.7925894880784, "r4": 298.240884294274, "r5": 295.43540986096406, "r6": 190.88794068048182, "r7": 282.13555523037746}, "datetime": {"datetime": "2022-04-21 14:39:13", "elapsed": 7716.180899, "delta": 21.574273}}
{"target": -5135.864652123533, "params": {"r1": 208.49140734642188, "r2": 300.0, "r3": 110.0, "r4": 300.0, "r5": 300.0, "r6": 110.0, "r7": 264.4286227381428}, "datetime": {"datetime": "2022-04-21 14:39:29", "elapsed": 7731.967851, "delta": 15.786952}}
{"target": -4850.015099888701, "params": {"r1": 190.89894940141866, "r2": 286.75012992762515, "r3": 263.14011849311885, "r4": 300.0, "r5": 300.0, "r6": 170.44917294076754, "r7": 258.474616046892}, "datetime": {"datetime": "2022-04-21 14:39:44", "elapsed": 7746.414024, "delta": 14.446173}}
{"target": -4770.4812985024255, "params": {"r1": 166.08042715960912, "r2": 237.1433381931779, "r3": 272.7273770823757, "r4": 300.0, "r5": 300.0, "r6": 128.9741537115262, "r7": 273.67965082767904}, "datetime": {"datetime": "2022-04-21 14:40:18", "elapsed": 7780.501439, "delta": 34.087415}}
{"target": -9523.293546484274, "params": {"r1": 232.74488206702097, "r2": 232.3084569215157, "r3": 299.9911989586651, "r4": 298.6487903255127, "r5": 265.74501046142063, "r6": 117.51962186182253, "r7": 281.5205079095665}, "datetime": {"datetime": "2022-04-21 14:40:36", "elapsed": 7798.585231, "delta": 18.083792}}
{"target": -5774.486594539692, "params": {"r1": 256.99016608479604, "r2": 234.85675617650747, "r3": 146.3290984020808, "r4": 300.0, "r5": 300.0, "r6": 110.0, "r7": 245.59044121458294}, "datetime": {"datetime": "2022-04-21 14:40:51", "elapsed": 7813.438187, "delta": 14.852956}}
{"target": -12612.324546177946, "params": {"r1": 110.0, "r2": 300.0, "r3": 300.0, "r4": 300.0, "r5": 217.45467196572795, "r6": 300.0, "r7": 204.4455703977338}, "datetime": {"datetime": "2022-04-21 14:41:06", "elapsed": 7828.70538, "delta": 15.267193}}
{"target": -4776.489932187935, "params": {"r1": 186.64249772917316, "r2": 271.804819140183, "r3": 255.50130292212705, "r4": 288.44513805733067, "r5": 298.30856456510134, "r6": 187.39194873515896, "r7": 282.26914677817126}, "datetime": {"datetime": "2022-04-21 14:41:23", "elapsed": 7846.220538, "delta": 17.515158}}
{"target": -4491.107200484625, "params": {"r1": 271.3388168080086, "r2": 201.9309610550912, "r3": 139.30669176645117, "r4": 300.0, "r5": 300.0, "r6": 297.67681821989277, "r7": 278.1276063500433}, "datetime": {"datetime": "2022-04-21 14:41:42", "elapsed": 7864.647944, "delta": 18.427406}}
{"target": -6527.5590075456785, "params": {"r1": 200.02334089320425, "r2": 299.9999999991309, "r3": 249.3332986783077, "r4": 300.0, "r5": 298.56841823881996, "r6": 240.06971953861546, "r7": 285.78861887774536}, "datetime": {"datetime": "2022-04-21 14:42:03", "elapsed": 7885.752469, "delta": 21.104525}}
{"target": -5304.374735297237, "params": {"r1": 217.31593167038162, "r2": 210.81061547873762, "r3": 300.0, "r4": 300.0, "r5": 300.0, "r6": 110.24753703244383, "r7": 263.89858119686943}, "datetime": {"datetime": "2022-04-21 14:42:18", "elapsed": 7900.353657, "delta": 14.601188}}
{"target": -5633.555504561577, "params": {"r1": 299.9999999999953, "r2": 300.0, "r3": 263.88233084699976, "r4": 300.0, "r5": 300.0, "r6": 300.0, "r7": 299.99999999999847}, "datetime": {"datetime": "2022-04-21 14:42:35", "elapsed": 7917.733975, "delta": 17.380318}}
{"target": -11515.522186729366, "params": {"r1": 261.5207386273615, "r2": 253.6526473805158, "r3": 300.0, "r4": 300.0, "r5": 110.0, "r6": 157.89873505007984, "r7": 166.903792673433}, "datetime": {"datetime": "2022-04-21 14:42:59", "elapsed": 7941.433928, "delta": 23.699953}}
{"target": -5652.37881160204, "params": {"r1": 300.0, "r2": 287.5813656962017, "r3": 130.42031341608592, "r4": 300.0, "r5": 300.0, "r6": 229.34724327162508, "r7": 244.0987515641093}, "datetime": {"datetime": "2022-04-21 14:43:27", "elapsed": 7969.941042, "delta": 28.507114}}
{"target": -6460.830726289518, "params": {"r1": 185.0489202982325, "r2": 300.0, "r3": 300.0, "r4": 300.0, "r5": 300.0, "r6": 154.70037620179036, "r7": 229.82445585211542}, "datetime": {"datetime": "2022-04-21 14:43:46", "elapsed": 7989.216018, "delta": 19.274976}}
{"target": -4704.452299669876, "params": {"r1": 254.8548010087838, "r2": 190.36381628936542, "r3": 159.9866422323577, "r4": 300.0, "r5": 300.0, "r6": 286.3119100424312, "r7": 299.9999999981961}, "datetime": {"datetime": "2022-04-21 14:44:05", "elapsed": 8007.35825, "delta": 18.142232}}
{"target": -4738.187611539172, "params": {"r1": 205.96311110125393, "r2": 288.9987988235548, "r3": 296.49517488111, "r4": 292.1509904887279, "r5": 300.0, "r6": 118.00463861535825, "r7": 299.99999999614613}, "datetime": {"datetime": "2022-04-21 14:44:22", "elapsed": 8024.924097, "delta": 17.565847}}
{"target": -5465.527971872583, "params": {"r1": 300.0, "r2": 300.0, "r3": 110.01953620249672, "r4": 300.0, "r5": 300.0, "r6": 241.5195998532127, "r7": 268.6964326734908}, "datetime": {"datetime": "2022-04-21 14:44:41", "elapsed": 8043.766119, "delta": 18.842022}}
{"target": -5348.198005823655, "params": {"r1": 202.42409400575093, "r2": 295.8800995590577, "r3": 272.03050834762007, "r4": 280.6400514487817, "r5": 295.3430828816233, "r6": 212.98112547177465, "r7": 299.0325063101253}, "datetime": {"datetime": "2022-04-21 14:44:56", "elapsed": 8059.092339, "delta": 15.32622}}
{"target": -13145.872764207457, "params": {"r1": 257.9735586166419, "r2": 300.0, "r3": 110.0, "r4": 251.22105991410348, "r5": 110.0, "r6": 110.0, "r7": 300.0}, "datetime": {"datetime": "2022-04-21 14:45:23", "elapsed": 8085.977109, "delta": 26.88477}}
{"target": -5152.7318978566545, "params": {"r1": 208.86796666641857, "r2": 263.5441023083391, "r3": 251.1685404033217, "r4": 296.6625616263527, "r5": 296.60498811571244, "r6": 195.31259752024553, "r7": 271.9885849068851}, "datetime": {"datetime": "2022-04-21 14:45:42", "elapsed": 8104.562077, "delta": 18.584968}}
{"target": -6831.804247278528, "params": {"r1": 221.88408092644286, "r2": 137.23076387554028, "r3": 220.34208440990236, "r4": 271.7581126884675, "r5": 300.0, "r6": 300.0, "r7": 300.0}, "datetime": {"datetime": "2022-04-21 14:46:03", "elapsed": 8126.064282, "delta": 21.502205}}
{"target": -8088.2434533598735, "params": {"r1": 300.0, "r2": 300.0, "r3": 153.36521084754352, "r4": 276.7983324324196, "r5": 300.0, "r6": 300.0, "r7": 285.9650538940955}, "datetime": {"datetime": "2022-04-21 14:46:18", "elapsed": 8140.904151, "delta": 14.839869}}
{"target": -7589.360500738554, "params": {"r1": 167.10822547742183, "r2": 203.78410593905673, "r3": 299.99999998965603, "r4": 300.0, "r5": 300.0, "r6": 208.9205712215674, "r7": 261.0931680367126}, "datetime": {"datetime": "2022-04-21 14:46:37", "elapsed": 8159.785554, "delta": 18.881403}}
{"target": -4729.588522729824, "params": {"r1": 236.33591530149124, "r2": 251.23868059544793, "r3": 194.0509055030143, "r4": 300.0, "r5": 300.0, "r6": 110.0, "r7": 267.4551085953804}, "datetime": {"datetime": "2022-04-21 14:46:58", "elapsed": 8180.435435, "delta": 20.649881}}
{"target": -7989.4605052142515, "params": {"r1": 127.90036627324656, "r2": 245.671699595344, "r3": 222.48300245616613, "r4": 300.0, "r5": 300.0, "r6": 110.0, "r7": 255.2066883605163}, "datetime": {"datetime": "2022-04-21 14:47:12", "elapsed": 8194.522606, "delta": 14.087171}}
{"target": -6083.231585891262, "params": {"r1": 163.70223052928418, "r2": 243.6870371450744, "r3": 273.9578757576303, "r4": 262.9043296187818, "r5": 297.9716042076144, "r6": 137.5702683994844, "r7": 276.33391883236186}, "datetime": {"datetime": "2022-04-21 14:47:26", "elapsed": 8208.975116, "delta": 14.45251}}
{"target": -5252.9754185259735, "params": {"r1": 274.8601632388129, "r2": 244.47258759555442, "r3": 275.29288078856473, "r4": 299.57806067724135, "r5": 298.1875281600302, "r6": 150.98713919808216, "r7": 280.14111704443405}, "datetime": {"datetime": "2022-04-21 14:47:42", "elapsed": 8224.328214, "delta": 15.353098}}
{"target": -13528.277290157213, "params": {"r1": 110.0, "r2": 300.0, "r3": 300.0, "r4": 300.0, "r5": 110.0, "r6": 204.92353844762422, "r7": 170.43741531241332}, "datetime": {"datetime": "2022-04-21 14:48:21", "elapsed": 8263.604867, "delta": 39.276653}}
{"target": -12841.504491921518, "params": {"r1": 300.0, "r2": 110.0, "r3": 182.13024366879517, "r4": 300.0, "r5": 300.0, "r6": 300.0, "r7": 110.0}, "datetime": {"datetime": "2022-04-21 14:48:39", "elapsed": 8282.031449, "delta": 18.426582}}
{"target": -7206.964871904331, "params": {"r1": 226.08385886825366, "r2": 208.69334627477792, "r3": 295.6771915823298, "r4": 283.5193350769457, "r5": 298.25404303924597, "r6": 217.37491569144356, "r7": 289.68265866912395}, "datetime": {"datetime": "2022-04-21 14:49:20", "elapsed": 8322.975798, "delta": 40.944349}}
