{"target": -4936.568166438879, "params": {"r1": 299.99999999989757, "r2": 299.99999999951586, "r3": 300.0, "r4": 300.0, "r5": 300.0, "r6": 175.77612868630493, "r7": 275.89850045185693}, "datetime": {"datetime": "2022-04-21 12:34:28", "elapsed": 230.918653, "delta": 1.381185}}
{"target": -4226.571095115134, "params": {"r1": 186.06160921741122, "r2": 277.7791234489291, "r3": 282.37063330325896, "r4": 296.6950110809538, "r5": 298.11439986702817, "r6": 192.1119354250473, "r7": 294.7308903618412}, "datetime": {"datetime": "2022-04-21 12:34:29", "elapsed": 232.14342, "delta": 1.224767}}
{"target": -7362.6984647469035, "params": {"r1": 110.0000000002971, "r2": 162.02818402915275, "r3": 300.0, "r4": 300.0, "r5": 300.0, "r6": 300.0, "r7": 300.0}, "datetime": {"datetime": "2022-04-21 12:34:31", "elapsed": 233.46298, "delta": 1.31956}}
{"target": -4293.333834617764, "params": {"r1": 182.70861425431957, "r2": 296.6568330951282, "r3": 277.65271219401177, "r4": 300.0, "r5": 300.0, "r6": 110.0, "r7": 300.0}, "datetime": {"datetime": "2022-04-21 12:34:32", "elapsed": 234.699807, "delta": 1.236827}}
{"target": -4842.722668171702, "params": {"r1": 280.4436868472702, "r2": 289.6639196903872, "r3": 300.0, "r4": 300.0, "r5": 300.0, "r6": 171.10690713429528, "r7": 300.0}, "datetime": {"datetime": "2022-04-21 12:34:34", "elapsed": 236.357531, "delta": 1.657724}}
{"target": -14480.0729138176, "params": {"r1": 300.0, "r2": 300.0, "r3": 300.0, "r4": 176.55912545852533, "r5": 300.0, "r6": 110.0, "r7": 300.0}, "datetime": {"datetime": "2022-04-21 12:34:35", "elapsed": 237.34851, "delta": 0.990979}}
{"target": -15469.497266450939, "params": {"r1": 110.0, "r2": 300.0, "r3": 300.0, "r4": 110.0, "r5": 110.0, "r6": 300.0, "r7": 300.0}, "datetime": {"datetime": "2022-04-21 12:34:36", "elapsed": 238.488071, "delta": 1.139561}}
{"target": -16545.613572530936, "params": {"r1": 110.0, "r2": 110.0, "r3": 300.0, "r4": 110.0, "r5": 300.0, "r6": 110.0, "r7": 300.0}, "datetime": {"datetime": "2022-04-21 12:34:37", "elapsed": 239.819389, "delta": 1.331318}}
{"target": -22716.028020914677, "params": {"r1": 190.91506765992546, "r2": 190.82167142251262, "r3": 180.42028222250997, "r4": 248.10892794752425, "r5": 294.0888466271124, "r6": 138.3211425224203, "r7": 152.24326147241553}, "datetime": {"datetime": "2022-04-21 12:34:42", "elapsed": 244.431045, "delta": 4.611656}}
{"target": -12034.352776590753, "params": {"r1": 233.20834074721392, "r2": 245.98615355068037, "r3": 224.48094180450812, "r4": 283.29972234643543, "r5": 255.80684565887663, "r6": 288.7618641447623, "r7": 158.17972547962538}, "datetime": {"datetime": "2022-04-21 12:34:42", "elapsed": 244.969244, "delta": 0.538199}}
{"target": -6295.684600100812, "params": {"r1": 165.736691309062, "r2": 293.2804209613701, "r3": 282.47815206741916, "r4": 300.0, "r5": 284.114366785223, "r6": 168.32968977650924, "r7": 300.0}, "datetime": {"datetime": "2022-04-21 12:34:43", "elapsed": 246.22116, "delta": 1.251916}}
{"target": -15580.403215591647, "params": {"r1": 300.0, "r2": 300.0, "r3": 300.0, "r4": 110.0, "r5": 110.0, "r6": 300.0, "r7": 300.0}, "datetime": {"datetime": "2022-04-21 12:34:45", "elapsed": 247.913657, "delta": 1.692497}}
{"target": -5302.197966696194, "params": {"r1": 172.0006501584495, "r2": 233.12631874148386, "r3": 300.0, "r4": 272.19977616844716, "r5": 300.0, "r6": 110.87163721727681, "r7": 272.6965771535431}, "datetime": {"datetime": "2022-04-21 12:34:46", "elapsed": 249.191003, "delta": 1.277346}}
{"target": -6623.906597841486, "params": {"r1": 196.5859913188758, "r2": 300.0, "r3": 237.26803414596588, "r4": 300.0, "r5": 300.0, "r6": 110.00000000420697, "r7": 237.51196526152984}, "datetime": {"datetime": "2022-04-21 12:34:48", "elapsed": 250.627108, "delta": 1.436105}}
{"target": -5095.644007583922, "params": {"r1": 299.9999999999916, "r2": 300.0, "r3": 300.0, "r4": 300.0, "r5": 300.0, "r6": 110.0, "r7": 274.77626434153507}, "datetime": {"datetime": "2022-04-21 12:34:49", "elapsed": 252.096053, "delta": 1.468945}}
{"target": -6199.178100199644, "params": {"r1": 300.0, "r2": 300.0, "r3": 110.0, "r4": 300.0, "r5": 300.0, "r6": 300.0, "r7": 300.0}, "datetime": {"datetime": "2022-04-21 12:34:50", "elapsed": 253.225032, "delta": 1.128979}}
{"target": -26168.86413592862, "params": {"r1": 126.10820495552646, "r2": 134.2670162078183, "r3": 287.9632941412905, "r4": 150.73038242683444, "r5": 246.7022365581305, "r6": 210.16748652405477, "r7": 230.5977110267417}, "datetime": {"datetime": "2022-04-21 12:34:55", "elapsed": 258.105164, "delta": 4.880132}}
{"target": -6179.02541382002, "params": {"r1": 232.00252819272137, "r2": 300.0, "r3": 110.0, "r4": 300.0, "r5": 300.0, "r6": 300.0, "r7": 300.0}, "datetime": {"datetime": "2022-04-21 12:34:56", "elapsed": 259.235282, "delta": 1.130118}}
{"target": -9263.263273158293, "params": {"r1": 164.26711119635834, "r2": 300.0, "r3": 269.85732811780207, "r4": 300.0, "r5": 300.0, "r6": 300.0, "r7": 241.07924809571628}, "datetime": {"datetime": "2022-04-21 12:34:58", "elapsed": 261.091486, "delta": 1.856204}}
{"target": -9398.00795857825, "params": {"r1": 264.13768586474026, "r2": 300.0, "r3": 110.0, "r4": 300.0, "r5": 300.0, "r6": 300.0, "r7": 223.38087142380266}, "datetime": {"datetime": "2022-04-21 12:35:00", "elapsed": 262.547833, "delta": 1.456347}}
{"target": -21447.144297314942, "params": {"r1": 300.0, "r2": 300.0, "r3": 110.0, "r4": 110.0, "r5": 300.0, "r6": 300.0, "r7": 300.0}, "datetime": {"datetime": "2022-04-21 12:35:01", "elapsed": 264.031858, "delta": 1.484025}}
{"target": -23800.649728986, "params": {"r1": 294.1177051572084, "r2": 172.45542988919075, "r3": 192.85094668110196, "r4": 232.1729033750612, "r5": 154.25078652390584, "r6": 219.8651789250237, "r7": 257.5534257640394}, "datetime": {"datetime": "2022-04-21 12:35:02", "elapsed": 265.051611, "delta": 1.019753}}
{"target": -5544.8818116786915, "params": {"r1": 248.34876229668865, "r2": 221.42011568225968, "r3": 299.99999995616156, "r4": 300.0, "r5": 300.0, "r6": 203.73209008813515, "r7": 258.4921391422615}, "datetime": {"datetime": "2022-04-21 12:35:05", "elapsed": 267.453845, "delta": 2.402234}}
{"target": -16095.874743497488, "params": {"r1": 141.32822685703673, "r2": 251.9189558598775, "r3": 277.94256279774, "r4": 213.0504413229168, "r5": 115.99286356027883, "r6": 151.34888435171518, "r7": 278.4182026689582}, "datetime": {"datetime": "2022-04-21 12:35:10", "elapsed": 272.536794, "delta": 5.082949}}
{"target": -11222.771066567599, "params": {"r1": 239.55195196250813, "r2": 300.0, "r3": 110.0, "r4": 300.0, "r5": 300.0, "r6": 200.98300898343976, "r7": 110.0}, "datetime": {"datetime": "2022-04-21 12:35:11", "elapsed": 273.907914, "delta": 1.37112}}
{"target": -4037.743270784029, "params": {"r1": 182.47691507949696, "r2": 296.07155144361957, "r3": 300.0, "r4": 300.0, "r5": 300.0, "r6": 162.70821498980806, "r7": 300.0}, "datetime": {"datetime": "2022-04-21 12:35:13", "elapsed": 275.460053, "delta": 1.552139}}
{"target": -22253.21180321436, "params": {"r1": 163.18039194477248, "r2": 231.7228975050192, "r3": 159.4127364976705, "r4": 211.4179048405007, "r5": 264.331831836247, "r6": 197.69826693543496, "r7": 153.7138430167973}, "datetime": {"datetime": "2022-04-21 12:35:18", "elapsed": 280.673715, "delta": 5.213662}}
{"target": -4994.050581421282, "params": {"r1": 282.60553625800145, "r2": 254.77331333622604, "r3": 299.8845908396438, "r4": 299.9999999988164, "r5": 300.0, "r6": 110.00000000173021, "r7": 271.5323936130572}, "datetime": {"datetime": "2022-04-21 12:35:19", "elapsed": 281.901793, "delta": 1.228078}}
{"target": -6844.988004446927, "params": {"r1": 151.32687200426884, "r2": 300.0, "r3": 192.02314481677618, "r4": 300.0, "r5": 300.0, "r6": 300.0, "r7": 300.0}, "datetime": {"datetime": "2022-04-21 12:35:21", "elapsed": 283.758992, "delta": 1.857199}}
{"target": -23312.922946173792, "params": {"r1": 236.33858306941016, "r2": 142.79036920738235, "r3": 128.99158659930626, "r4": 124.0426234739179, "r5": 287.49249672022177, "r6": 189.0781066138125, "r7": 288.2855785453379}, "datetime": {"datetime": "2022-04-21 12:35:26", "elapsed": 289.041108, "delta": 5.282116}}
{"target": -18332.029898479377, "params": {"r1": 210.73083198485426, "r2": 229.37880693006787, "r3": 207.89338198649222, "r4": 138.57772157453599, "r5": 263.4347293044247, "r6": 275.73911350039657, "r7": 221.68253605631904}, "datetime": {"datetime": "2022-04-21 12:35:32", "elapsed": 294.354186, "delta": 5.313078}}
{"target": -17494.732054223325, "params": {"r1": 244.26545569727648, "r2": 272.75811688233046, "r3": 294.13051880741034, "r4": 111.46862775685938, "r5": 163.36661597377122, "r6": 132.62920375919663, "r7": 247.91272957310176}, "datetime": {"datetime": "2022-04-21 12:35:37", "elapsed": 299.678044, "delta": 5.323858}}
{"target": -17755.237699391953, "params": {"r1": 228.39877395958092, "r2": 250.26218093430148, "r3": 187.86102765538487, "r4": 248.85298835868002, "r5": 162.34971502467363, "r6": 151.3460074333107, "r7": 276.0336060724388}, "datetime": {"datetime": "2022-04-21 12:35:42", "elapsed": 305.011361, "delta": 5.333317}}
{"target": -12644.797172846738, "params": {"r1": 110.0, "r2": 207.46506230841888, "r3": 248.95393858949956, "r4": 300.0, "r5": 300.0, "r6": 300.0, "r7": 110.0}, "datetime": {"datetime": "2022-04-21 12:35:44", "elapsed": 306.768447, "delta": 1.757086}}
{"target": -5459.037874385669, "params": {"r1": 254.80567920893017, "r2": 300.0, "r3": 146.96182907979286, "r4": 300.0, "r5": 300.0, "r6": 300.0, "r7": 300.0}, "datetime": {"datetime": "2022-04-21 12:35:45", "elapsed": 308.089455, "delta": 1.321008}}
{"target": -19939.518775237622, "params": {"r1": 212.7625654408057, "r2": 122.03418285371994, "r3": 207.0784667499355, "r4": 134.91255588634937, "r5": 135.49371226427178, "r6": 126.57697306365903, "r7": 205.6317062047148}, "datetime": {"datetime": "2022-04-21 12:35:51", "elapsed": 313.546734, "delta": 5.457279}}
{"target": -26410.530154060787, "params": {"r1": 119.67644328135765, "r2": 180.5633170988595, "r3": 144.24090198510018, "r4": 275.3246266352991, "r5": 261.4314904115594, "r6": 229.4391017235442, "r7": 172.91858199690535}, "datetime": {"datetime": "2022-04-21 12:35:56", "elapsed": 319.108453, "delta": 5.561719}}
{"target": -13637.839403197082, "params": {"r1": 127.9443462674401, "r2": 247.10031493410617, "r3": 289.79463193074037, "r4": 266.5410985370314, "r5": 214.93349746302113, "r6": 216.10202949362554, "r7": 253.74476645744895}, "datetime": {"datetime": "2022-04-21 12:36:02", "elapsed": 324.637878, "delta": 5.529425}}
{"target": -18956.133428599795, "params": {"r1": 271.14757292118594, "r2": 255.24345987221474, "r3": 110.0, "r4": 300.0, "r5": 195.2875333702842, "r6": 300.0, "r7": 110.0}, "datetime": {"datetime": "2022-04-21 12:36:04", "elapsed": 326.774357, "delta": 2.136479}}
{"target": -12701.64690964467, "params": {"r1": 110.0, "r2": 247.92343710072043, "r3": 300.0, "r4": 300.0, "r5": 110.0, "r6": 225.85880915281933, "r7": 262.103231398848}, "datetime": {"datetime": "2022-04-21 12:36:05", "elapsed": 328.225563, "delta": 1.451206}}
{"target": -8567.986246498405, "params": {"r1": 136.22400968886848, "r2": 110.0, "r3": 300.0, "r4": 300.0, "r5": 300.0, "r6": 300.0, "r7": 277.53216849674425}, "datetime": {"datetime": "2022-04-21 12:36:07", "elapsed": 329.814381, "delta": 1.588818}}
{"target": -22367.939959378673, "params": {"r1": 172.83051835609106, "r2": 129.8769985974053, "r3": 252.5597262826424, "r4": 228.44375690250544, "r5": 253.12514196218055, "r6": 126.11449531743557, "r7": 112.16108532803602}, "datetime": {"datetime": "2022-04-21 12:36:13", "elapsed": 335.428711, "delta": 5.61433}}
{"target": -22137.941726078192, "params": {"r1": 212.1182757240044, "r2": 181.0919590883549, "r3": 161.65717140410644, "r4": 159.30199939082246, "r5": 209.19815123066843, "r6": 275.9363021419887, "r7": 245.5218927860369}, "datetime": {"datetime": "2022-04-21 12:36:18", "elapsed": 341.12432, "delta": 5.695609}}
{"target": -7252.069071325246, "params": {"r1": 300.0, "r2": 228.19741415563087, "r3": 164.97974964879765, "r4": 300.0, "r5": 300.0, "r6": 110.0, "r7": 110.0}, "datetime": {"datetime": "2022-04-21 12:36:20", "elapsed": 342.584709, "delta": 1.460389}}
{"target": -5237.7312548717755, "params": {"r1": 157.57827736970364, "r2": 295.8152567789214, "r3": 300.0, "r4": 299.61502255193665, "r5": 300.0, "r6": 139.79505151605667, "r7": 254.47702871280634}, "datetime": {"datetime": "2022-04-21 12:36:21", "elapsed": 343.835853, "delta": 1.251144}}
{"target": -6949.444503333172, "params": {"r1": 300.0, "r2": 300.0, "r3": 300.0, "r4": 259.4497214566761, "r5": 300.0, "r6": 198.84684742613425, "r7": 299.9999999998576}, "datetime": {"datetime": "2022-04-21 12:36:23", "elapsed": 345.335035, "delta": 1.499182}}
{"target": -5304.914033356015, "params": {"r1": 279.1130021165343, "r2": 248.4730161291749, "r3": 274.7074739816134, "r4": 300.0, "r5": 300.0, "r6": 204.6064368081238, "r7": 280.9292991510185}, "datetime": {"datetime": "2022-04-21 12:36:24", "elapsed": 346.825469, "delta": 1.490434}}
{"target": -5847.655232738179, "params": {"r1": 267.2226449838241, "r2": 287.2636568124115, "r3": 300.0, "r4": 300.0, "r5": 300.0, "r6": 275.24655944660594, "r7": 300.0}, "datetime": {"datetime": "2022-04-21 12:36:26", "elapsed": 348.326912, "delta": 1.501443}}
{"target": -9919.6016337531, "params": {"r1": 110.0, "r2": 110.0, "r3": 300.0, "r4": 300.0, "r5": 300.0, "r6": 300.0, "r7": 157.06146790227504}, "datetime": {"datetime": "2022-04-21 12:36:27", "elapsed": 349.733006, "delta": 1.406094}}
{"target": -9015.638448696494, "params": {"r1": 300.0, "r2": 232.2714313907873, "r3": 257.83668547440624, "r4": 300.0, "r5": 300.0, "r6": 201.06044808620575, "r7": 208.0355793200085}, "datetime": {"datetime": "2022-04-21 12:36:29", "elapsed": 351.722203, "delta": 1.989197}}
{"target": -9862.544546629324, "params": {"r1": 180.6426241928006, "r2": 209.01071139124028, "r3": 300.0, "r4": 300.0, "r5": 300.0, "r6": 300.0, "r7": 110.0}, "datetime": {"datetime": "2022-04-21 12:36:31", "elapsed": 353.886597, "delta": 2.164394}}
{"target": -23701.020492412026, "params": {"r1": 261.2334709787244, "r2": 153.9771970508731, "r3": 293.91840153943605, "r4": 165.63178715622303, "r5": 119.92907831864196, "r6": 211.3928194561979, "r7": 178.87160254220794}, "datetime": {"datetime": "2022-04-21 12:36:37", "elapsed": 359.920982, "delta": 6.034385}}
{"target": -10481.823661981793, "params": {"r1": 232.93751935073675, "r2": 240.3579546129672, "r3": 212.34117988787628, "r4": 292.5380664892492, "r5": 267.8106571038511, "r6": 289.08007986778296, "r7": 161.28067329411675}, "datetime": {"datetime": "2022-04-21 12:36:43", "elapsed": 365.943228, "delta": 6.022246}}
{"target": -8713.90293963215, "params": {"r1": 251.68379533941882, "r2": 264.242980112811, "r3": 157.1116802319721, "r4": 300.0, "r5": 300.0, "r6": 110.0, "r7": 110.0}, "datetime": {"datetime": "2022-04-21 12:36:45", "elapsed": 368.015246, "delta": 2.072018}}
{"target": -10322.726789158807, "params": {"r1": 300.0, "r2": 216.5530459774009, "r3": 110.0, "r4": 300.0, "r5": 300.0, "r6": 110.0, "r7": 110.0}, "datetime": {"datetime": "2022-04-21 12:36:47", "elapsed": 369.474917, "delta": 1.459671}}
{"target": -5728.352529378333, "params": {"r1": 254.3670641695408, "r2": 252.2298200223752, "r3": 245.78887166738397, "r4": 300.0, "r5": 300.0, "r6": 162.88296281942252, "r7": 264.8711325821303}, "datetime": {"datetime": "2022-04-21 12:36:49", "elapsed": 371.281005, "delta": 1.806088}}
{"target": -4261.158219475419, "params": {"r1": 172.03670749190286, "r2": 292.412961424144, "r3": 267.9282709069405, "r4": 299.9999999745799, "r5": 300.0, "r6": 214.01566265306633, "r7": 297.53121786639537}, "datetime": {"datetime": "2022-04-21 12:36:50", "elapsed": 372.606583, "delta": 1.325578}}
{"target": -11853.229721198622, "params": {"r1": 110.0, "r2": 110.0, "r3": 300.0, "r4": 244.0133196318757, "r5": 300.0, "r6": 300.0, "r7": 300.0}, "datetime": {"datetime": "2022-04-21 12:36:51", "elapsed": 374.050873, "delta": 1.44429}}
{"target": -14339.828129044548, "params": {"r1": 110.0, "r2": 110.0, "r3": 300.0, "r4": 110.0, "r5": 110.0, "r6": 110.0, "r7": 300.0}, "datetime": {"datetime": "2022-04-21 12:36:53", "elapsed": 375.793348, "delta": 1.742475}}
{"target": -11640.907682736686, "params": {"r1": 110.0, "r2": 300.0, "r3": 300.0, "r4": 110.0, "r5": 110.0, "r6": 110.0, "r7": 300.0}, "datetime": {"datetime": "2022-04-21 12:36:55", "elapsed": 377.666363, "delta": 1.873015}}
{"target": -11650.423942414036, "params": {"r1": 110.0, "r2": 110.0, "r3": 300.0, "r4": 300.0, "r5": 300.0, "r6": 110.0, "r7": 300.0}, "datetime": {"datetime": "2022-04-21 12:36:57", "elapsed": 379.411101, "delta": 1.744738}}
{"target": -4959.483785485283, "params": {"r1": 257.4210261724642, "r2": 297.7947890547342, "r3": 299.9999999998875, "r4": 300.0, "r5": 300.0, "r6": 141.21874085953507, "r7": 279.4212546641689}, "datetime": {"datetime": "2022-04-21 12:36:58", "elapsed": 381.208125, "delta": 1.797024}}
{"target": -4702.6383321863705, "params": {"r1": 175.599364496281, "r2": 244.53815563066635, "r3": 290.1395715873133, "r4": 292.85717448858406, "r5": 300.0, "r6": 130.83961926131022, "r7": 263.6585731380305}, "datetime": {"datetime": "2022-04-21 12:37:00", "elapsed": 383.042392, "delta": 1.834267}}
{"target": -21565.13103117375, "params": {"r1": 142.87536098615266, "r2": 259.84551799932, "r3": 185.40158514208372, "r4": 135.0068475240717, "r5": 243.4910308156708, "r6": 139.97553235078885, "r7": 237.13957477065952}, "datetime": {"datetime": "2022-04-21 12:37:07", "elapsed": 389.549104, "delta": 6.506712}}
{"target": -26024.79853254145, "params": {"r1": 241.48058024932038, "r2": 156.16499481758612, "r3": 185.16181893722796, "r4": 245.85745458849144, "r5": 110.76552430191957, "r6": 120.59380973124604, "r7": 146.67108085946685}, "datetime": {"datetime": "2022-04-21 12:37:13", "elapsed": 396.190175, "delta": 6.641071}}
{"target": -7748.526293647243, "params": {"r1": 188.3694113854252, "r2": 179.73384930771437, "r3": 300.0, "r4": 300.0, "r5": 300.0, "r6": 266.4939223100101, "r7": 300.0}, "datetime": {"datetime": "2022-04-21 12:37:15", "elapsed": 397.784044, "delta": 1.593869}}
{"target": -4810.791127162137, "params": {"r1": 295.4078102025166, "r2": 299.99999999588687, "r3": 299.99999998138674, "r4": 299.03970552900535, "r5": 300.0, "r6": 199.2579124505349, "r7": 293.84486423362085}, "datetime": {"datetime": "2022-04-21 12:37:17", "elapsed": 400.152003, "delta": 2.367959}}
{"target": -20131.95208285492, "params": {"r1": 181.78623515112088, "r2": 196.5896067098077, "r3": 270.27683731353295, "r4": 181.1301697040455, "r5": 280.9024249040551, "r6": 198.10626840593045, "r7": 263.74367230308724}, "datetime": {"datetime": "2022-04-21 12:37:24", "elapsed": 406.756791, "delta": 6.604788}}
{"target": -25882.33415351875, "params": {"r1": 244.33439816250484, "r2": 175.89390988502717, "r3": 171.39893082678284, "r4": 165.65809376966104, "r5": 126.54641956386729, "r6": 152.283557127545, "r7": 217.6410993301414}, "datetime": {"datetime": "2022-04-21 12:37:31", "elapsed": 413.330467, "delta": 6.573676}}
{"target": -14387.155881917053, "params": {"r1": 110.0, "r2": 110.0, "r3": 300.0, "r4": 110.0, "r5": 110.0, "r6": 110.0, "r7": 110.0}, "datetime": {"datetime": "2022-04-21 12:37:32", "elapsed": 415.205328, "delta": 1.874861}}
{"target": -6879.707119564147, "params": {"r1": 300.0, "r2": 226.88458567593918, "r3": 247.08078107113172, "r4": 300.0, "r5": 300.0, "r6": 110.0, "r7": 219.27903258153304}, "datetime": {"datetime": "2022-04-21 12:37:34", "elapsed": 417.089481, "delta": 1.884153}}
{"target": -19270.29860865086, "params": {"r1": 114.4234314306391, "r2": 125.63853317871042, "r3": 267.64617467531366, "r4": 287.96774896228203, "r5": 289.48524169582697, "r6": 119.24631552699246, "r7": 244.55495842000892}, "datetime": {"datetime": "2022-04-21 12:37:41", "elapsed": 423.765283, "delta": 6.675802}}
{"target": -23785.19152036907, "params": {"r1": 179.90798528037894, "r2": 158.6748493629746, "r3": 202.86610448137918, "r4": 256.4819936771222, "r5": 244.61935770574897, "r6": 146.44487961991268, "r7": 285.24387847599223}, "datetime": {"datetime": "2022-04-21 12:37:48", "elapsed": 430.515195, "delta": 6.749912}}
{"target": -6344.613978839916, "params": {"r1": 176.3130583303551, "r2": 242.42476242665953, "r3": 292.1922840026633, "r4": 291.37771174381646, "r5": 289.10103198346974, "r6": 163.83043739464011, "r7": 273.76526198242755}, "datetime": {"datetime": "2022-04-21 12:37:49", "elapsed": 431.989341, "delta": 1.474146}}
{"target": -5705.5055806020355, "params": {"r1": 241.18521782392486, "r2": 298.92721094958944, "r3": 288.06949095373915, "r4": 295.7092775886505, "r5": 296.8275705079643, "r6": 198.282052598441, "r7": 256.23660959004235}, "datetime": {"datetime": "2022-04-21 12:37:51", "elapsed": 433.707265, "delta": 1.717924}}
{"target": -15391.391859282216, "params": {"r1": 278.54466935012, "r2": 209.87441468408673, "r3": 286.50321529302494, "r4": 241.46560214437304, "r5": 156.5518687255934, "r6": 220.7580866954736, "r7": 277.22282794942873}, "datetime": {"datetime": "2022-04-21 12:37:58", "elapsed": 440.541533, "delta": 6.834268}}
{"target": -6492.080054759149, "params": {"r1": 231.18235890119084, "r2": 250.1526824219568, "r3": 204.32432036625192, "r4": 300.0, "r5": 300.0, "r6": 300.0, "r7": 300.0}, "datetime": {"datetime": "2022-04-21 12:38:00", "elapsed": 442.279563, "delta": 1.73803}}
{"target": -27371.350216861978, "params": {"r1": 113.76478366286715, "r2": 165.8587251069421, "r3": 174.13650114073414, "r4": 211.18038464337764, "r5": 254.05898523112265, "r6": 284.9164776437623, "r7": 203.0815992166523}, "datetime": {"datetime": "2022-04-21 12:38:06", "elapsed": 449.070638, "delta": 6.791075}}
