{"target": -17757.61168838852, "params": {"r1": 258.1070984249185, "r2": 268.5853388183059, "r3": 270.5512183141917, "r4": 199.60537214229714, "r5": 267.7384159974157, "r6": 178.45227488308097, "r7": 206.05742333602552}, "datetime": {"datetime": "2022-04-21 12:32:28", "elapsed": 111.06139, "delta": 2.002795}}
{"target": -10949.885572767842, "params": {"r1": 300.0, "r2": 232.3721675114614, "r3": 110.0, "r4": 300.0, "r5": 213.84510962853312, "r6": 110.0, "r7": 110.0}, "datetime": {"datetime": "2022-04-21 12:32:29", "elapsed": 112.089389, "delta": 1.027999}}
{"target": -6378.691598574744, "params": {"r1": 255.06494229891098, "r2": 261.0772184521615, "r3": 278.1697456980039, "r4": 286.0676288865203, "r5": 295.6015567771602, "r6": 144.89819637860305, "r7": 299.2079386993357}, "datetime": {"datetime": "2022-04-21 12:32:30", "elapsed": 112.443613, "delta": 0.354224}}
{"target": -4349.314521429744, "params": {"r1": 181.5304285763617, "r2": 266.87084268885303, "r3": 278.30808613530735, "r4": 300.0, "r5": 300.0, "r6": 110.34059430315753, "r7": 280.66772462754}, "datetime": {"datetime": "2022-04-21 12:32:31", "elapsed": 113.648849, "delta": 1.205236}}
{"target": -4570.237463359745, "params": {"r1": 155.05654748484736, "r2": 300.0, "r3": 281.62217627680985, "r4": 300.0, "r5": 300.0, "r6": 185.5161134042444, "r7": 300.0}, "datetime": {"datetime": "2022-04-21 12:32:32", "elapsed": 114.721084, "delta": 1.072235}}
{"target": -24267.944104294453, "params": {"r1": 252.2750851049772, "r2": 139.93797609773873, "r3": 164.61737744408723, "r4": 171.53816164879663, "r5": 193.66415360455034, "r6": 130.06588833430075, "r7": 235.2174257227196}, "datetime": {"datetime": "2022-04-21 12:32:34", "elapsed": 116.850697, "delta": 2.129613}}
{"target": -5597.897635359001, "params": {"r1": 300.0, "r2": 265.50645472702655, "r3": 300.0, "r4": 300.0, "r5": 300.0, "r6": 300.0, "r7": 300.0}, "datetime": {"datetime": "2022-04-21 12:32:35", "elapsed": 117.874894, "delta": 1.024197}}
{"target": -4756.271260176949, "params": {"r1": 195.98623395271287, "r2": 266.3111811144912, "r3": 269.1076881752589, "r4": 300.0, "r5": 300.0, "r6": 159.67383195798575, "r7": 272.56998667547066}, "datetime": {"datetime": "2022-04-21 12:32:36", "elapsed": 118.883228, "delta": 1.008334}}
{"target": -4565.1677325254905, "params": {"r1": 230.19384733981116, "r2": 300.0, "r3": 300.0, "r4": 300.0, "r5": 300.0, "r6": 110.00000000001862, "r7": 299.99999999996834}, "datetime": {"datetime": "2022-04-21 12:32:37", "elapsed": 119.996612, "delta": 1.113384}}
{"target": -5275.375647037099, "params": {"r1": 189.174172880855, "r2": 268.1853431778442, "r3": 254.31373784644055, "r4": 291.04813631054736, "r5": 294.7173030608307, "r6": 158.37691931399158, "r7": 268.037940388083}, "datetime": {"datetime": "2022-04-21 12:32:38", "elapsed": 120.341858, "delta": 0.345246}}
{"target": -6600.080868676821, "params": {"r1": 164.9517176028267, "r2": 278.8300726044727, "r3": 236.50127725865147, "r4": 300.0, "r5": 300.0, "r6": 185.33761955607162, "r7": 268.243527555898}, "datetime": {"datetime": "2022-04-21 12:32:39", "elapsed": 121.41125, "delta": 1.069392}}
{"target": -5573.25478204042, "params": {"r1": 169.96981083007847, "r2": 287.9943437486677, "r3": 299.5533177715188, "r4": 263.3015947203803, "r5": 300.0, "r6": 173.2268772093314, "r7": 289.38681054762657}, "datetime": {"datetime": "2022-04-21 12:32:40", "elapsed": 122.501943, "delta": 1.090693}}
{"target": -21796.661037659564, "params": {"r1": 232.38623721218698, "r2": 129.0771222001207, "r3": 284.4232802312801, "r4": 218.21385143625798, "r5": 193.52668987212977, "r6": 258.02325324765195, "r7": 161.0954093814291}, "datetime": {"datetime": "2022-04-21 12:32:42", "elapsed": 124.72793, "delta": 2.225987}}
{"target": -21477.587418072268, "params": {"r1": 300.0, "r2": 110.0, "r3": 300.0, "r4": 110.0, "r5": 300.0, "r6": 300.0, "r7": 300.0}, "datetime": {"datetime": "2022-04-21 12:32:43", "elapsed": 125.768354, "delta": 1.040424}}
{"target": -10307.384563901138, "params": {"r1": 300.0, "r2": 173.33658899675294, "r3": 300.0, "r4": 300.0, "r5": 300.0, "r6": 187.61663512144196, "r7": 300.0}, "datetime": {"datetime": "2022-04-21 12:32:44", "elapsed": 126.932303, "delta": 1.163949}}
{"target": -10796.627809218166, "params": {"r1": 300.0, "r2": 189.9283913299678, "r3": 110.0, "r4": 300.0, "r5": 300.0, "r6": 300.0, "r7": 110.0}, "datetime": {"datetime": "2022-04-21 12:32:45", "elapsed": 127.899127, "delta": 0.966824}}
{"target": -5167.628208066926, "params": {"r1": 110.0, "r2": 110.0, "r3": 300.0, "r4": 300.0, "r5": 300.0, "r6": 300.0, "r7": 300.0}, "datetime": {"datetime": "2022-04-21 12:32:46", "elapsed": 128.839379, "delta": 0.940252}}
{"target": -10409.289581955947, "params": {"r1": 110.0, "r2": 300.0, "r3": 300.0, "r4": 300.0, "r5": 300.0, "r6": 110.0, "r7": 110.0}, "datetime": {"datetime": "2022-04-21 12:32:47", "elapsed": 130.145049, "delta": 1.30567}}
{"target": -10357.12845079723, "params": {"r1": 200.0629152935836, "r2": 254.1635991866905, "r3": 237.81709005543388, "r4": 300.0, "r5": 300.0, "r6": 110.0, "r7": 110.0}, "datetime": {"datetime": "2022-04-21 12:32:49", "elapsed": 131.357406, "delta": 1.212357}}
{"target": -12347.70498248481, "params": {"r1": 110.0, "r2": 300.0, "r3": 110.0, "r4": 300.0, "r5": 300.0, "r6": 300.0, "r7": 110.0}, "datetime": {"datetime": "2022-04-21 12:32:50", "elapsed": 132.377753, "delta": 1.020347}}
{"target": -17591.236953545813, "params": {"r1": 147.97118625626132, "r2": 215.05842985182153, "r3": 156.38748564448926, "r4": 264.05375321570716, "r5": 125.3323429081718, "r6": 210.96188784950243, "r7": 126.7946277166522}, "datetime": {"datetime": "2022-04-21 12:32:52", "elapsed": 134.772574, "delta": 2.394821}}
{"target": -5984.293706815548, "params": {"r1": 163.30920472310464, "r2": 110.0, "r3": 300.0, "r4": 300.0, "r5": 300.0, "r6": 300.0, "r7": 300.0}, "datetime": {"datetime": "2022-04-21 12:32:53", "elapsed": 135.816175, "delta": 1.043601}}
{"target": -5364.988058943264, "params": {"r1": 175.81235411613594, "r2": 299.4530636620839, "r3": 266.3808584859367, "r4": 294.8337767461144, "r5": 286.7549638407682, "r6": 223.28403676109897, "r7": 281.1466450696465}, "datetime": {"datetime": "2022-04-21 12:32:53", "elapsed": 136.214415, "delta": 0.39824}}
{"target": -11626.072955638065, "params": {"r1": 190.5380685722203, "r2": 231.25886051171898, "r3": 235.89980302327297, "r4": 290.24247745695664, "r5": 117.38281908838445, "r6": 170.15392618422135, "r7": 206.68580180448214}, "datetime": {"datetime": "2022-04-21 12:32:56", "elapsed": 138.689482, "delta": 2.475067}}
{"target": -10356.309778250015, "params": {"r1": 300.0, "r2": 254.14176389014025, "r3": 163.73587229190588, "r4": 300.0, "r5": 300.0, "r6": 199.39726060706684, "r7": 110.0}, "datetime": {"datetime": "2022-04-21 12:32:57", "elapsed": 140.11757, "delta": 1.428088}}
{"target": -25139.435986422915, "params": {"r1": 117.42286981353922, "r2": 221.73345614987574, "r3": 169.0005861642552, "r4": 225.47196080540385, "r5": 142.33885438506064, "r6": 150.02815530080267, "r7": 272.00135618086284}, "datetime": {"datetime": "2022-04-21 12:33:00", "elapsed": 142.599588, "delta": 2.482018}}
{"target": -16769.05151262007, "params": {"r1": 198.06883055987993, "r2": 191.9710481024438, "r3": 110.0, "r4": 300.0, "r5": 110.0, "r6": 110.0, "r7": 110.0}, "datetime": {"datetime": "2022-04-21 12:33:01", "elapsed": 143.462524, "delta": 0.862936}}
{"target": -6599.3869732865205, "params": {"r1": 300.0, "r2": 300.0, "r3": 192.52608246761744, "r4": 300.0, "r5": 300.0, "r6": 300.0, "r7": 300.0}, "datetime": {"datetime": "2022-04-21 12:33:02", "elapsed": 144.375487, "delta": 0.912963}}
{"target": -12447.602159943388, "params": {"r1": 300.0, "r2": 300.0, "r3": 300.0, "r4": 300.0, "r5": 110.0, "r6": 110.0, "r7": 110.0}, "datetime": {"datetime": "2022-04-21 12:33:03", "elapsed": 145.821113, "delta": 1.445626}}
{"target": -23358.600865294844, "params": {"r1": 271.08567667673344, "r2": 265.23554175174667, "r3": 175.62672242340673, "r4": 139.69403943155098, "r5": 242.8232275695588, "r6": 120.79415007149564, "r7": 152.24803598510942}, "datetime": {"datetime": "2022-04-21 12:33:06", "elapsed": 148.381631, "delta": 2.560518}}
{"target": -25799.429307865437, "params": {"r1": 249.67181382752335, "r2": 116.33427947252011, "r3": 125.75897553900438, "r4": 169.74195794911296, "r5": 125.09791823540314, "r6": 197.24447045796984, "r7": 186.6573844125876}, "datetime": {"datetime": "2022-04-21 12:33:08", "elapsed": 150.995933, "delta": 2.614302}}
{"target": -7736.236488289456, "params": {"r1": 300.0, "r2": 300.0, "r3": 237.46034230810355, "r4": 254.70755968142157, "r5": 300.0, "r6": 300.0, "r7": 300.0}, "datetime": {"datetime": "2022-04-21 12:33:10", "elapsed": 152.737069, "delta": 1.741136}}
{"target": -5138.562051887815, "params": {"r1": 200.4475766914021, "r2": 260.02338536267024, "r3": 250.82205511976792, "r4": 299.63847489257273, "r5": 293.61148658877335, "r6": 154.53722189250908, "r7": 268.94098454034247}, "datetime": {"datetime": "2022-04-21 12:33:10", "elapsed": 153.22713, "delta": 0.490061}}
{"target": -5502.688116513899, "params": {"r1": 226.74575724146257, "r2": 236.52534980838098, "r3": 300.0, "r4": 300.0, "r5": 300.0, "r6": 300.0, "r7": 300.0}, "datetime": {"datetime": "2022-04-21 12:33:11", "elapsed": 154.227936, "delta": 1.000806}}
{"target": -4285.425700901989, "params": {"r1": 175.7308189105779, "r2": 300.0, "r3": 300.0, "r4": 300.0, "r5": 300.0, "r6": 212.46977773542054, "r7": 269.42125333788056}, "datetime": {"datetime": "2022-04-21 12:33:12", "elapsed": 155.206069, "delta": 0.978133}}
{"target": -22993.58967962607, "params": {"r1": 214.50921104312607, "r2": 199.2132467808612, "r3": 258.1440953865118, "r4": 240.55619091882275, "r5": 171.92891260693744, "r6": 205.42450910097827, "r7": 176.25596070875451}, "datetime": {"datetime": "2022-04-21 12:33:16", "elapsed": 158.480541, "delta": 3.274472}}
{"target": -22438.698272388316, "params": {"r1": 130.33024829794633, "r2": 132.62638117666629, "r3": 190.25961471796455, "r4": 183.8076997577973, "r5": 184.93280065875229, "r6": 198.16871713847866, "r7": 111.7991977227612}, "datetime": {"datetime": "2022-04-21 12:33:19", "elapsed": 161.549151, "delta": 3.06861}}
{"target": -5457.313727981533, "params": {"r1": 300.0, "r2": 242.03891854918558, "r3": 246.5486698840168, "r4": 300.0, "r5": 300.0, "r6": 110.0, "r7": 269.48982106669297}, "datetime": {"datetime": "2022-04-21 12:33:20", "elapsed": 162.919819, "delta": 1.370668}}
{"target": -4024.6741022106985, "params": {"r1": 169.82329238279047, "r2": 279.8206125248222, "r3": 300.0, "r4": 300.0, "r5": 300.0, "r6": 189.06389927441944, "r7": 281.14429893914036}, "datetime": {"datetime": "2022-04-21 12:33:21", "elapsed": 164.001153, "delta": 1.081334}}
{"target": -6375.674754385353, "params": {"r1": 300.0, "r2": 246.17043793094308, "r3": 239.22986281735422, "r4": 300.0, "r5": 300.0, "r6": 300.0, "r7": 269.7946101233734}, "datetime": {"datetime": "2022-04-21 12:33:22", "elapsed": 165.024791, "delta": 1.023638}}
{"target": -16455.05819999565, "params": {"r1": 136.64831264160813, "r2": 282.57534283750795, "r3": 231.78457355516326, "r4": 298.7475989073855, "r5": 191.60173378514645, "r6": 251.45030043674822, "r7": 168.57444653149162}, "datetime": {"datetime": "2022-04-21 12:33:26", "elapsed": 168.428303, "delta": 3.403512}}
{"target": -6043.444356455955, "params": {"r1": 230.28511750935857, "r2": 299.9999999997009, "r3": 206.92009221500248, "r4": 300.0, "r5": 300.0, "r6": 300.0, "r7": 300.0}, "datetime": {"datetime": "2022-04-21 12:33:27", "elapsed": 169.446016, "delta": 1.017713}}
{"target": -7523.0262272243, "params": {"r1": 280.26557594235464, "r2": 266.08018659959737, "r3": 282.04114023892384, "r4": 294.96318374736984, "r5": 296.9810326641067, "r6": 135.17177903290602, "r7": 218.85611613103072}, "datetime": {"datetime": "2022-04-21 12:33:27", "elapsed": 169.884023, "delta": 0.438007}}
{"target": -13512.272722654321, "params": {"r1": 225.66312107328636, "r2": 110.0, "r3": 300.0, "r4": 300.0, "r5": 300.0, "r6": 300.0, "r7": 110.0}, "datetime": {"datetime": "2022-04-21 12:33:28", "elapsed": 171.042675, "delta": 1.158652}}
{"target": -4637.11624113988, "params": {"r1": 198.24667091400985, "r2": 270.4822327044528, "r3": 300.0, "r4": 300.0, "r5": 300.0, "r6": 110.0, "r7": 281.132699426308}, "datetime": {"datetime": "2022-04-21 12:33:29", "elapsed": 172.21708, "delta": 1.174405}}
{"target": -20290.019983133298, "params": {"r1": 295.49920638178753, "r2": 277.74789829834185, "r3": 264.6672171114366, "r4": 115.00273619310181, "r5": 235.42017969410318, "r6": 174.96019626325227, "r7": 241.34388232061286}, "datetime": {"datetime": "2022-04-21 12:33:33", "elapsed": 175.739497, "delta": 3.522417}}
{"target": -23752.807843605806, "params": {"r1": 271.56083997690286, "r2": 188.85015577804975, "r3": 208.11353463857688, "r4": 160.99636797477376, "r5": 216.2182100422508, "r6": 217.60475566960207, "r7": 123.61911373058598}, "datetime": {"datetime": "2022-04-21 12:33:36", "elapsed": 178.398401, "delta": 2.658904}}
{"target": -14857.610899874831, "params": {"r1": 132.32920760267498, "r2": 146.12813197799713, "r3": 111.59508836823159, "r4": 145.86705385903355, "r5": 186.62510337879513, "r6": 137.39975361841795, "r7": 111.09301424757435}, "datetime": {"datetime": "2022-04-21 12:33:36", "elapsed": 178.80164, "delta": 0.403239}}
{"target": -22092.048088501415, "params": {"r1": 178.96149788522564, "r2": 146.5837387077859, "r3": 254.7041055582034, "r4": 192.08446855494708, "r5": 295.81165835228273, "r6": 160.182851290889, "r7": 224.7911520364401}, "datetime": {"datetime": "2022-04-21 12:33:40", "elapsed": 182.313446, "delta": 3.511806}}
{"target": -23402.27640857888, "params": {"r1": 300.0, "r2": 110.0, "r3": 300.0, "r4": 110.0, "r5": 110.0, "r6": 110.0, "r7": 110.0}, "datetime": {"datetime": "2022-04-21 12:33:41", "elapsed": 183.455661, "delta": 1.142215}}
{"target": -23319.922242082823, "params": {"r1": 275.58708965368214, "r2": 214.30208256095773, "r3": 188.74399288005097, "r4": 162.13645335758056, "r5": 267.3566714616138, "r6": 245.73684662768824, "r7": 153.87887063798667}, "datetime": {"datetime": "2022-04-21 12:33:44", "elapsed": 187.164707, "delta": 3.709046}}
{"target": -15668.180460833275, "params": {"r1": 300.0, "r2": 300.0, "r3": 179.34773299957956, "r4": 300.0, "r5": 198.80795735953188, "r6": 110.0, "r7": 110.0}, "datetime": {"datetime": "2022-04-21 12:33:45", "elapsed": 188.179836, "delta": 1.015129}}
{"target": -7899.715754815479, "params": {"r1": 110.0, "r2": 110.0, "r3": 300.0, "r4": 300.0, "r5": 300.0, "r6": 300.0, "r7": 225.99294970065048}, "datetime": {"datetime": "2022-04-21 12:33:47", "elapsed": 189.414253, "delta": 1.234417}}
{"target": -8696.379740547298, "params": {"r1": 175.2308332385074, "r2": 227.79712579218744, "r3": 300.0, "r4": 300.0, "r5": 300.0, "r6": 110.0, "r7": 201.9055062022115}, "datetime": {"datetime": "2022-04-21 12:33:48", "elapsed": 190.697154, "delta": 1.282901}}
{"target": -10747.637755179476, "params": {"r1": 230.4292103322386, "r2": 246.05389076126423, "r3": 219.1775254441336, "r4": 294.31335750907044, "r5": 259.8004104848024, "r6": 298.6436410706008, "r7": 165.7068133231884}, "datetime": {"datetime": "2022-04-21 12:33:52", "elapsed": 194.393887, "delta": 3.696733}}
{"target": -5836.794797230363, "params": {"r1": 206.29160784887657, "r2": 242.9135179732596, "r3": 243.19070828007153, "r4": 300.0, "r5": 300.0, "r6": 110.0, "r7": 300.0}, "datetime": {"datetime": "2022-04-21 12:33:53", "elapsed": 195.492251, "delta": 1.098364}}
{"target": -14637.933434097014, "params": {"r1": 110.0, "r2": 255.08354839264828, "r3": 300.0, "r4": 300.0, "r5": 110.0, "r6": 110.0, "r7": 110.0}, "datetime": {"datetime": "2022-04-21 12:33:54", "elapsed": 196.631233, "delta": 1.138982}}
{"target": -4061.8569402034636, "params": {"r1": 168.26704586897608, "r2": 286.4436687689643, "r3": 284.26589550785263, "r4": 300.0, "r5": 300.0, "r6": 150.51532030501366, "r7": 295.84590250299976}, "datetime": {"datetime": "2022-04-21 12:33:55", "elapsed": 197.824058, "delta": 1.192825}}
{"target": -4258.238206545243, "params": {"r1": 184.07861454980969, "r2": 300.0, "r3": 300.0, "r4": 300.0, "r5": 300.0, "r6": 214.85706607904453, "r7": 299.99999999659957}, "datetime": {"datetime": "2022-04-21 12:33:56", "elapsed": 199.102729, "delta": 1.278671}}
{"target": -27692.902570002967, "params": {"r1": 110.64366268625623, "r2": 229.01669727353223, "r3": 150.1166610358104, "r4": 205.0851648778783, "r5": 259.7950176694919, "r6": 201.28273960425503, "r7": 124.82118181630517}, "datetime": {"datetime": "2022-04-21 12:33:59", "elapsed": 201.381778, "delta": 2.279049}}
{"target": -7519.943351561168, "params": {"r1": 300.0, "r2": 273.8739207278191, "r3": 211.88328862314918, "r4": 300.0, "r5": 300.0, "r6": 110.0, "r7": 214.24164427907516}, "datetime": {"datetime": "2022-04-21 12:34:00", "elapsed": 202.813203, "delta": 1.431425}}
{"target": -24428.776935589263, "params": {"r1": 292.86349580989406, "r2": 154.07808964266155, "r3": 111.79508459416402, "r4": 242.26163042595454, "r5": 279.05616757386815, "r6": 157.08492823462015, "r7": 176.87736635292939}, "datetime": {"datetime": "2022-04-21 12:34:04", "elapsed": 206.631949, "delta": 3.818746}}
{"target": -13235.404102143357, "params": {"r1": 253.1571750874923, "r2": 255.4562629027628, "r3": 145.39010732550835, "r4": 276.96401644953505, "r5": 123.48157479024542, "r6": 279.3209152151635, "r7": 215.3420539267905}, "datetime": {"datetime": "2022-04-21 12:34:08", "elapsed": 210.546903, "delta": 3.914954}}
{"target": -5394.821639360089, "params": {"r1": 210.8257791945512, "r2": 256.8516939710063, "r3": 252.20446959938803, "r4": 297.89284789081285, "r5": 298.99205846634777, "r6": 167.28877191049258, "r7": 251.34154710684052}, "datetime": {"datetime": "2022-04-21 12:34:08", "elapsed": 211.108068, "delta": 0.561165}}
{"target": -17453.12846458566, "params": {"r1": 110.0, "r2": 173.37191955744845, "r3": 300.0, "r4": 300.0, "r5": 110.0, "r6": 300.0, "r7": 110.0}, "datetime": {"datetime": "2022-04-21 12:34:10", "elapsed": 212.502596, "delta": 1.394528}}
{"target": -13129.25065082403, "params": {"r1": 110.0, "r2": 110.0, "r3": 300.0, "r4": 300.0, "r5": 228.57190440360037, "r6": 300.0, "r7": 300.0}, "datetime": {"datetime": "2022-04-21 12:34:11", "elapsed": 213.789976, "delta": 1.28738}}
{"target": -11008.084568185603, "params": {"r1": 213.26471483401497, "r2": 240.25211572438513, "r3": 110.0, "r4": 300.0, "r5": 300.0, "r6": 300.0, "r7": 110.0}, "datetime": {"datetime": "2022-04-21 12:34:12", "elapsed": 215.096132, "delta": 1.306156}}
{"target": -5376.712304249377, "params": {"r1": 204.03064949393865, "r2": 300.0, "r3": 300.0, "r4": 272.36256355428236, "r5": 300.0, "r6": 110.0, "r7": 300.0}, "datetime": {"datetime": "2022-04-21 12:34:13", "elapsed": 216.218767, "delta": 1.122635}}
{"target": -25803.790285920168, "params": {"r1": 248.1011141103555, "r2": 114.63663146331959, "r3": 142.97937156692575, "r4": 129.64647328527877, "r5": 202.91123918202237, "r6": 239.99934949761587, "r7": 144.12083115454345}, "datetime": {"datetime": "2022-04-21 12:34:17", "elapsed": 220.24028, "delta": 4.021513}}
{"target": -5302.360648421918, "params": {"r1": 300.0, "r2": 253.496266349321, "r3": 272.82644395307165, "r4": 300.0, "r5": 300.0, "r6": 110.0, "r7": 300.0}, "datetime": {"datetime": "2022-04-21 12:34:19", "elapsed": 221.545697, "delta": 1.305417}}
{"target": -5333.029586991865, "params": {"r1": 206.26449136197226, "r2": 253.2998537333252, "r3": 278.50934129774714, "r4": 296.54382985559005, "r5": 292.6732541354698, "r6": 137.27973232739333, "r7": 278.50458151790104}, "datetime": {"datetime": "2022-04-21 12:34:19", "elapsed": 222.05422, "delta": 0.508523}}
{"target": -5563.3125530564, "params": {"r1": 286.34985058251334, "r2": 233.8910499814745, "r3": 298.7855067687608, "r4": 296.3358442896314, "r5": 292.48108608117775, "r6": 207.22024910485646, "r7": 262.7984644821438}, "datetime": {"datetime": "2022-04-21 12:34:20", "elapsed": 222.557469, "delta": 0.503249}}
{"target": -13616.243511985364, "params": {"r1": 110.0, "r2": 110.0, "r3": 300.0, "r4": 110.0, "r5": 300.0, "r6": 110.0, "r7": 110.0}, "datetime": {"datetime": "2022-04-21 12:34:21", "elapsed": 223.561824, "delta": 1.004355}}
{"target": -22622.842859193424, "params": {"r1": 184.6063401864709, "r2": 230.46011520268598, "r3": 172.74365201153682, "r4": 110.27777928201739, "r5": 222.94893962035178, "r6": 172.09355701432204, "r7": 148.96495862787035}, "datetime": {"datetime": "2022-04-21 12:34:21", "elapsed": 223.964555, "delta": 0.402731}}
{"target": -5818.414174161185, "params": {"r1": 300.0, "r2": 253.99364023103308, "r3": 300.0, "r4": 300.0, "r5": 300.0, "r6": 233.72349725399494, "r7": 256.77334542997704}, "datetime": {"datetime": "2022-04-21 12:34:22", "elapsed": 225.087422, "delta": 1.122867}}
{"target": -4395.680139545073, "params": {"r1": 169.16645410271218, "r2": 274.8511614903146, "r3": 300.0, "r4": 300.0, "r5": 293.4416546225348, "r6": 177.04305576299802, "r7": 300.0}, "datetime": {"datetime": "2022-04-21 12:34:24", "elapsed": 226.42085, "delta": 1.333428}}
{"target": -4136.654811207308, "params": {"r1": 180.54431307508233, "r2": 271.1029635272936, "r3": 277.5926066003256, "r4": 300.0, "r5": 300.0, "r6": 127.10033194626709, "r7": 300.0}, "datetime": {"datetime": "2022-04-21 12:34:25", "elapsed": 227.269446, "delta": 0.848596}}
{"target": -4056.941717902695, "params": {"r1": 178.04505747509387, "r2": 270.4365401309957, "r3": 294.02395183180215, "r4": 300.0, "r5": 300.0, "r6": 204.9586604352302, "r7": 285.5048909699821}, "datetime": {"datetime": "2022-04-21 12:34:26", "elapsed": 228.417079, "delta": 1.147633}}
{"target": -5479.000184518736, "params": {"r1": 297.78152537232256, "r2": 239.33081767479928, "r3": 252.31146794495163, "r4": 300.0, "r5": 300.0, "r6": 171.8064055215821, "r7": 253.59099667323764}, "datetime": {"datetime": "2022-04-21 12:34:27", "elapsed": 229.537468, "delta": 1.120389}}
