{"target": -11601.937820149298, "params": {"r1": 207.91944258001462, "r2": 300.0, "r3": 300.0, "r4": 300.0, "r5": 300.0, "r6": 110.0, "r7": 110.0}, "datetime": {"datetime": "2022-04-21 12:50:36", "elapsed": 1198.908663, "delta": 4.031493}}
{"target": -21200.812683868204, "params": {"r1": 221.57237395951603, "r2": 134.1338721287364, "r3": 263.36441310432025, "r4": 200.9386137891272, "r5": 127.61861435164552, "r6": 286.4861129513127, "r7": 195.39489891131046}, "datetime": {"datetime": "2022-04-21 12:50:51", "elapsed": 1213.602882, "delta": 14.694219}}
{"target": -5003.751287242154, "params": {"r1": 220.20505466664932, "r2": 300.0, "r3": 299.9999999917571, "r4": 299.99999998574225, "r5": 299.99999999801423, "r6": 223.49994586301793, "r7": 283.1545914370515}, "datetime": {"datetime": "2022-04-21 12:50:54", "elapsed": 1216.884861, "delta": 3.281979}}
{"target": -11248.39451808433, "params": {"r1": 188.63362961806183, "r2": 197.64813283855545, "r3": 228.63975273622776, "r4": 283.90940117347736, "r5": 271.79916652889926, "r6": 114.69282196181746, "r7": 242.48741445081268}, "datetime": {"datetime": "2022-04-21 12:51:09", "elapsed": 1231.775383, "delta": 14.890522}}
{"target": -5067.55682222778, "params": {"r1": 161.78931537131888, "r2": 225.92957680429242, "r3": 250.61215755104715, "r4": 294.37980581357215, "r5": 296.6149725814266, "r6": 135.9256468918784, "r7": 285.87349898580203}, "datetime": {"datetime": "2022-04-21 12:51:13", "elapsed": 1235.276444, "delta": 3.501061}}
{"target": -7080.433929860421, "params": {"r1": 172.68606746664182, "r2": 300.0, "r3": 110.0, "r4": 300.0, "r5": 300.0, "r6": 300.0, "r7": 300.0}, "datetime": {"datetime": "2022-04-21 12:51:16", "elapsed": 1238.916983, "delta": 3.640539}}
{"target": -4992.73534556487, "params": {"r1": 164.95714945855656, "r2": 241.6080471165395, "r3": 299.99999999830794, "r4": 299.99999999870016, "r5": 300.0, "r6": 219.75013251743067, "r7": 300.0}, "datetime": {"datetime": "2022-04-21 12:51:20", "elapsed": 1242.646556, "delta": 3.729573}}
{"target": -13612.995857333222, "params": {"r1": 110.0, "r2": 110.0, "r3": 110.0, "r4": 300.0, "r5": 300.0, "r6": 300.0, "r7": 300.0}, "datetime": {"datetime": "2022-04-21 12:51:24", "elapsed": 1246.967047, "delta": 4.320491}}
{"target": -21250.670135847227, "params": {"r1": 258.00147677534375, "r2": 209.66125943889676, "r3": 131.74014501521617, "r4": 264.1147733392138, "r5": 149.37355111634298, "r6": 167.59232045974525, "r7": 261.8211053223106}, "datetime": {"datetime": "2022-04-21 12:51:39", "elapsed": 1262.066695, "delta": 15.099648}}
{"target": -19710.906043448253, "params": {"r1": 300.0, "r2": 300.0, "r3": 110.0, "r4": 300.0, "r5": 246.78875883896686, "r6": 110.0, "r7": 271.00322517942783}, "datetime": {"datetime": "2022-04-21 12:51:44", "elapsed": 1267.09897, "delta": 5.032275}}
{"target": -16839.660469497212, "params": {"r1": 228.74615555000491, "r2": 110.0, "r3": 300.0, "r4": 110.0, "r5": 110.0, "r6": 110.0, "r7": 300.0}, "datetime": {"datetime": "2022-04-21 12:51:48", "elapsed": 1270.26465, "delta": 3.16568}}
{"target": -5278.6092985818705, "params": {"r1": 237.0649208761134, "r2": 274.70120282106706, "r3": 299.3634293368255, "r4": 299.87989012968626, "r5": 299.9999999957358, "r6": 216.8714779268292, "r7": 266.81314528370734}, "datetime": {"datetime": "2022-04-21 12:51:52", "elapsed": 1274.344102, "delta": 4.079452}}
{"target": -23640.374070328653, "params": {"r1": 275.7811528213237, "r2": 135.90469166285945, "r3": 166.7778977414645, "r4": 118.57748721492804, "r5": 202.76841101017033, "r6": 251.4579976821468, "r7": 210.34857957213114}, "datetime": {"datetime": "2022-04-21 12:52:07", "elapsed": 1289.739649, "delta": 15.395547}}
{"target": -15850.86209042145, "params": {"r1": 112.22377378890529, "r2": 255.44924506449902, "r3": 136.42447969752052, "r4": 294.5953280780495, "r5": 127.62965495652344, "r6": 286.84386516379914, "r7": 118.57068458343025}, "datetime": {"datetime": "2022-04-21 12:52:22", "elapsed": 1305.085466, "delta": 15.345817}}
{"target": -23210.501333083397, "params": {"r1": 226.65031509091153, "r2": 185.19182816246703, "r3": 122.03707373391389, "r4": 181.99829245443644, "r5": 127.02151074050857, "r6": 216.57122886123662, "r7": 202.6993423227555}, "datetime": {"datetime": "2022-04-21 12:52:38", "elapsed": 1320.562042, "delta": 15.476576}}
{"target": -7054.4054909117585, "params": {"r1": 300.0, "r2": 300.0, "r3": 146.07070164098656, "r4": 300.0, "r5": 300.0, "r6": 138.80622730388745, "r7": 218.15377612546456}, "datetime": {"datetime": "2022-04-21 12:52:42", "elapsed": 1324.760006, "delta": 4.197964}}
{"target": -6220.309370773245, "params": {"r1": 222.22651959686632, "r2": 300.0, "r3": 155.49617979557684, "r4": 300.0, "r5": 300.0, "r6": 267.46197866497437, "r7": 299.7352276432619}, "datetime": {"datetime": "2022-04-21 12:52:47", "elapsed": 1330.117067, "delta": 5.357061}}
{"target": -4157.811132628001, "params": {"r1": 169.7209633794468, "r2": 285.1563710581406, "r3": 282.86355909126064, "r4": 294.94469175621674, "r5": 299.6026279257185, "r6": 167.24824168394377, "r7": 297.96844272561066}, "datetime": {"datetime": "2022-04-21 12:53:03", "elapsed": 1345.725825, "delta": 15.608758}}
{"target": -20219.44412017554, "params": {"r1": 203.41383046397354, "r2": 220.75807044076933, "r3": 297.50237079352576, "r4": 174.46877681247616, "r5": 205.42124532848766, "r6": 292.654965107504, "r7": 162.09649333877545}, "datetime": {"datetime": "2022-04-21 12:53:19", "elapsed": 1361.464713, "delta": 15.738888}}
{"target": -9980.873919980355, "params": {"r1": 174.94739939545693, "r2": 300.0, "r3": 162.34978575244935, "r4": 300.0, "r5": 300.0, "r6": 300.0, "r7": 206.9852789456978}, "datetime": {"datetime": "2022-04-21 12:53:22", "elapsed": 1365.018943, "delta": 3.55423}}
{"target": -7552.204925593303, "params": {"r1": 208.26295615844657, "r2": 227.9824651507606, "r3": 300.0, "r4": 300.0, "r5": 300.0, "r6": 168.6340591701668, "r7": 218.8312521217832}, "datetime": {"datetime": "2022-04-21 12:53:26", "elapsed": 1368.624947, "delta": 3.606004}}
{"target": -5129.289302601985, "params": {"r1": 167.102064869091, "r2": 215.54345408641888, "r3": 229.94721152639468, "r4": 300.0, "r5": 300.0, "r6": 110.0, "r7": 290.18331918675284}, "datetime": {"datetime": "2022-04-21 12:53:30", "elapsed": 1372.757667, "delta": 4.13272}}
{"target": -8956.877854379396, "params": {"r1": 227.2942900201292, "r2": 275.0919871237279, "r3": 298.8152045166582, "r4": 295.686668289413, "r5": 262.2935054964638, "r6": 217.40311663418788, "r7": 258.28916792984484}, "datetime": {"datetime": "2022-04-21 12:53:33", "elapsed": 1376.179257, "delta": 3.42159}}
{"target": -5020.424712926857, "params": {"r1": 282.05565573195827, "r2": 224.37119019864454, "r3": 300.0, "r4": 300.0, "r5": 300.0, "r6": 110.0, "r7": 289.5562361418683}, "datetime": {"datetime": "2022-04-21 12:53:37", "elapsed": 1380.225658, "delta": 4.046401}}
{"target": -19674.848881104495, "params": {"r1": 141.09140353583524, "r2": 249.40682721973164, "r3": 234.70778784443291, "r4": 261.34910967442045, "r5": 254.1905232465467, "r6": 150.1864846040543, "r7": 150.7891611816936}, "datetime": {"datetime": "2022-04-21 12:53:54", "elapsed": 1396.75904, "delta": 16.533382}}
{"target": -5258.540993524959, "params": {"r1": 299.9999999942311, "r2": 253.9871659743155, "r3": 299.9999999966226, "r4": 299.9999999902468, "r5": 300.0, "r6": 169.38728617963014, "r7": 258.451810332362}, "datetime": {"datetime": "2022-04-21 12:53:59", "elapsed": 1401.525875, "delta": 4.766835}}
{"target": -9189.241501642158, "params": {"r1": 300.0, "r2": 300.0, "r3": 300.0, "r4": 300.0, "r5": 300.0, "r6": 300.0, "r7": 110.0}, "datetime": {"datetime": "2022-04-21 12:54:03", "elapsed": 1405.529144, "delta": 4.003269}}
{"target": -7470.091635061512, "params": {"r1": 269.72586664253106, "r2": 249.4211975476094, "r3": 110.0, "r4": 300.0, "r5": 300.0, "r6": 110.0, "r7": 299.99999999537005}, "datetime": {"datetime": "2022-04-21 12:54:08", "elapsed": 1410.406255, "delta": 4.877111}}
{"target": -8505.416835278476, "params": {"r1": 300.0, "r2": 218.25547887849532, "r3": 300.0, "r4": 300.0, "r5": 300.0, "r6": 300.0, "r7": 110.0}, "datetime": {"datetime": "2022-04-21 12:54:11", "elapsed": 1413.775112, "delta": 3.368857}}
{"target": -5635.565898557299, "params": {"r1": 291.3771327008895, "r2": 299.9999999780913, "r3": 269.3114995884779, "r4": 300.0, "r5": 300.0, "r6": 203.65215422823314, "r7": 283.4686620230788}, "datetime": {"datetime": "2022-04-21 12:54:15", "elapsed": 1418.156649, "delta": 4.381537}}
{"target": -5118.203994985777, "params": {"r1": 299.999999992772, "r2": 241.4007347972323, "r3": 299.9999999977316, "r4": 300.0, "r5": 300.0, "r6": 126.65946949999955, "r7": 270.62490356324594}, "datetime": {"datetime": "2022-04-21 12:54:19", "elapsed": 1422.167437, "delta": 4.010788}}
{"target": -22650.02672144184, "params": {"r1": 161.46871117014888, "r2": 276.3596261837651, "r3": 182.91728827161995, "r4": 141.70025937326272, "r5": 159.38665200158545, "r6": 178.00046469803942, "r7": 112.06592458928297}, "datetime": {"datetime": "2022-04-21 12:54:36", "elapsed": 1438.485514, "delta": 16.318077}}
{"target": -11625.957566467896, "params": {"r1": 264.3313668298063, "r2": 210.54712796873997, "r3": 114.23976326894292, "r4": 281.55529995239624, "r5": 177.04482757377374, "r6": 111.81608794741018, "r7": 202.54288948718522}, "datetime": {"datetime": "2022-04-21 12:54:49", "elapsed": 1451.861567, "delta": 13.376053}}
{"target": -6109.541852034194, "params": {"r1": 160.77688491842346, "r2": 210.7676008032292, "r3": 272.7381948060836, "r4": 249.8373481850939, "r5": 300.0, "r6": 110.0, "r7": 300.0}, "datetime": {"datetime": "2022-04-21 12:54:53", "elapsed": 1455.388791, "delta": 3.527224}}
{"target": -13445.129030706219, "params": {"r1": 300.0, "r2": 218.37759372865614, "r3": 110.0, "r4": 300.0, "r5": 110.0, "r6": 110.0, "r7": 190.7937902239167}, "datetime": {"datetime": "2022-04-21 12:54:57", "elapsed": 1459.596353, "delta": 4.207562}}
{"target": -9565.27674060972, "params": {"r1": 237.18360384638146, "r2": 267.36416791990223, "r3": 110.0, "r4": 300.0, "r5": 110.0, "r6": 110.0, "r7": 300.0}, "datetime": {"datetime": "2022-04-21 12:55:04", "elapsed": 1466.294034, "delta": 6.697681}}
{"target": -6207.161418394266, "params": {"r1": 187.07399838180723, "r2": 110.0, "r3": 202.13409996783867, "r4": 300.0, "r5": 300.0, "r6": 300.0, "r7": 300.0}, "datetime": {"datetime": "2022-04-21 12:55:09", "elapsed": 1472.226162, "delta": 5.932128}}
{"target": -7813.809983613788, "params": {"r1": 300.0, "r2": 247.20040358882346, "r3": 122.418974239521, "r4": 300.0, "r5": 300.0, "r6": 110.0, "r7": 213.67455184929594}, "datetime": {"datetime": "2022-04-21 12:55:14", "elapsed": 1477.178324, "delta": 4.952162}}
{"target": -20598.973662861754, "params": {"r1": 203.68324602164452, "r2": 210.96336760732515, "r3": 235.85633675446786, "r4": 250.7037042555653, "r5": 132.88576861568527, "r6": 168.21632731004684, "r7": 203.03303856439567}, "datetime": {"datetime": "2022-04-21 12:55:32", "elapsed": 1494.649484, "delta": 17.47116}}
{"target": -4345.602577487405, "params": {"r1": 192.6565565542993, "r2": 281.6975625823908, "r3": 300.0, "r4": 300.0, "r5": 299.9999999695216, "r6": 167.03326148437856, "r7": 291.7212093741201}, "datetime": {"datetime": "2022-04-21 12:55:36", "elapsed": 1498.468889, "delta": 3.819405}}
{"target": -23661.41852989095, "params": {"r1": 126.32274416174755, "r2": 279.15086024230766, "r3": 161.23691735750262, "r4": 285.37028833039096, "r5": 204.53114135695364, "r6": 128.97295739584763, "r7": 265.0063370370855}, "datetime": {"datetime": "2022-04-21 12:55:53", "elapsed": 1515.516746, "delta": 17.047857}}
{"target": -6025.844979812866, "params": {"r1": 197.7144155505602, "r2": 245.02108048761758, "r3": 297.19498070901795, "r4": 283.6682031934839, "r5": 300.0, "r6": 110.5131650710237, "r7": 299.9999999828454}, "datetime": {"datetime": "2022-04-21 12:55:57", "elapsed": 1519.966264, "delta": 4.449518}}
{"target": -14413.383650444292, "params": {"r1": 300.0, "r2": 300.0, "r3": 300.0, "r4": 110.0, "r5": 110.0, "r6": 110.0, "r7": 110.0}, "datetime": {"datetime": "2022-04-21 12:56:01", "elapsed": 1523.807078, "delta": 3.840814}}
{"target": -23503.368682887718, "params": {"r1": 187.27520119797987, "r2": 128.83341202786926, "r3": 198.80341838098835, "r4": 161.6449008472708, "r5": 292.91272082021663, "r6": 244.0888124658859, "r7": 182.26240919603524}, "datetime": {"datetime": "2022-04-21 12:56:18", "elapsed": 1541.026499, "delta": 17.219421}}
{"target": -5444.7537596079455, "params": {"r1": 164.19656195278418, "r2": 212.8884763680246, "r3": 280.3138926864344, "r4": 300.0, "r5": 300.0, "r6": 110.0, "r7": 294.2832560659141}, "datetime": {"datetime": "2022-04-21 12:56:23", "elapsed": 1545.302, "delta": 4.275501}}
{"target": -4025.813155401529, "params": {"r1": 173.7610692438696, "r2": 247.7933051970188, "r3": 252.1064442221717, "r4": 267.9809898146849, "r5": 298.3437480230947, "r6": 117.06911999175502, "r7": 282.50136071445445}, "datetime": {"datetime": "2022-04-21 12:56:27", "elapsed": 1549.847263, "delta": 4.545263}}
{"target": -12639.911663828325, "params": {"r1": 300.0, "r2": 110.0, "r3": 300.0, "r4": 300.0, "r5": 110.0, "r6": 110.0, "r7": 220.9555677541113}, "datetime": {"datetime": "2022-04-21 12:56:31", "elapsed": 1553.620141, "delta": 3.772878}}
{"target": -23475.78928276896, "params": {"r1": 296.24667015121315, "r2": 209.93669679108075, "r3": 219.78800503345903, "r4": 176.04212494500635, "r5": 114.7993193949802, "r6": 210.51426443811567, "r7": 189.8294063079796}, "datetime": {"datetime": "2022-04-21 12:56:48", "elapsed": 1571.081811, "delta": 17.46167}}
{"target": -8534.714547463696, "params": {"r1": 174.70512846518142, "r2": 268.27154390210956, "r3": 259.8911254477059, "r4": 290.23212445068543, "r5": 281.88679891070143, "r6": 151.3300819202347, "r7": 258.929593744619}, "datetime": {"datetime": "2022-04-21 12:56:54", "elapsed": 1576.998795, "delta": 5.916984}}
{"target": -5901.129210946959, "params": {"r1": 214.32977610193214, "r2": 242.5902546101912, "r3": 243.72558065805967, "r4": 300.0, "r5": 300.0, "r6": 110.0000000367134, "r7": 250.51896267841798}, "datetime": {"datetime": "2022-04-21 12:56:59", "elapsed": 1581.379574, "delta": 4.380779}}
{"target": -4617.307030138643, "params": {"r1": 162.05237232358513, "r2": 287.6342253710452, "r3": 270.22013976909636, "r4": 297.09895032167697, "r5": 298.17686525945714, "r6": 205.95589249651, "r7": 299.43431457435315}, "datetime": {"datetime": "2022-04-21 12:57:03", "elapsed": 1585.513248, "delta": 4.133674}}
{"target": -6648.539959068352, "params": {"r1": 168.38138900570783, "r2": 272.261754491042, "r3": 239.84962356746416, "r4": 294.2009634576794, "r5": 298.99296969468867, "r6": 135.8840692078926, "r7": 296.4634644197053}, "datetime": {"datetime": "2022-04-21 12:57:07", "elapsed": 1590.188815, "delta": 4.675567}}
{"target": -7637.206152733608, "params": {"r1": 295.6322457380532, "r2": 292.80751569752334, "r3": 300.0, "r4": 246.64063916538552, "r5": 300.0, "r6": 300.0, "r7": 300.0}, "datetime": {"datetime": "2022-04-21 12:57:13", "elapsed": 1595.951418, "delta": 5.762603}}
{"target": -7951.483957912035, "params": {"r1": 264.06277751743187, "r2": 214.57252571825913, "r3": 261.5516368126115, "r4": 295.61844897087826, "r5": 293.7723135894016, "r6": 269.96823835736774, "r7": 282.57437175157975}, "datetime": {"datetime": "2022-04-21 12:57:17", "elapsed": 1599.632379, "delta": 3.680961}}
{"target": -5455.273204946598, "params": {"r1": 300.0, "r2": 276.9300020654917, "r3": 133.5037258268034, "r4": 300.0, "r5": 300.0, "r6": 265.5821200711292, "r7": 284.083436168191}, "datetime": {"datetime": "2022-04-21 12:57:21", "elapsed": 1603.618447, "delta": 3.986068}}
{"target": -4933.439332811549, "params": {"r1": 203.15151975861394, "r2": 273.53496043252596, "r3": 267.42966142700493, "r4": 297.1359043851234, "r5": 297.64993047498336, "r6": 183.11222292480068, "r7": 299.9741554645078}, "datetime": {"datetime": "2022-04-21 12:57:38", "elapsed": 1621.168813, "delta": 17.550366}}
{"target": -14480.014454139855, "params": {"r1": 168.64442675939753, "r2": 300.0, "r3": 211.81806681656863, "r4": 300.0, "r5": 110.0, "r6": 300.0, "r7": 110.0}, "datetime": {"datetime": "2022-04-21 12:57:44", "elapsed": 1626.763453, "delta": 5.59464}}
{"target": -9951.864024514603, "params": {"r1": 300.0, "r2": 300.0, "r3": 134.95308472605353, "r4": 300.0, "r5": 300.0, "r6": 110.0, "r7": 185.9700529306972}, "datetime": {"datetime": "2022-04-21 12:57:48", "elapsed": 1630.874953, "delta": 4.1115}}
{"target": -4646.915543500246, "params": {"r1": 205.03780028664, "r2": 284.07915985942265, "r3": 300.0, "r4": 300.0, "r5": 300.0, "r6": 116.15714421904029, "r7": 281.1244141596173}, "datetime": {"datetime": "2022-04-21 12:57:52", "elapsed": 1634.564352, "delta": 3.689399}}
{"target": -10213.689410305682, "params": {"r1": 300.0, "r2": 257.30381508352866, "r3": 300.0, "r4": 300.0, "r5": 300.0, "r6": 300.0, "r7": 176.43906399619038}, "datetime": {"datetime": "2022-04-21 12:57:56", "elapsed": 1638.584889, "delta": 4.020537}}
{"target": -21352.375471789423, "params": {"r1": 246.3495655726932, "r2": 173.76668520556606, "r3": 150.5305485470844, "r4": 290.8951093985398, "r5": 189.8412996101752, "r6": 135.31176299508533, "r7": 239.0505972683605}, "datetime": {"datetime": "2022-04-21 12:58:14", "elapsed": 1657.076861, "delta": 18.491972}}
{"target": -10823.673797407642, "params": {"r1": 300.0, "r2": 300.0, "r3": 300.0, "r4": 300.0, "r5": 300.0, "r6": 204.5066042546859, "r7": 110.0}, "datetime": {"datetime": "2022-04-21 12:58:21", "elapsed": 1663.255828, "delta": 6.178967}}
{"target": -17988.144308272822, "params": {"r1": 300.0, "r2": 300.0, "r3": 300.0, "r4": 110.0, "r5": 110.0, "r6": 110.0, "r7": 300.0}, "datetime": {"datetime": "2022-04-21 12:58:25", "elapsed": 1667.47245, "delta": 4.216622}}
{"target": -6310.0669237806, "params": {"r1": 202.20783337078575, "r2": 259.4053086809026, "r3": 266.29850848161436, "r4": 272.3424186338258, "r5": 299.77396333109283, "r6": 228.51890829839266, "r7": 291.2776111164054}, "datetime": {"datetime": "2022-04-21 12:58:30", "elapsed": 1672.405029, "delta": 4.932579}}
{"target": -23826.106936840195, "params": {"r1": 240.53175878345377, "r2": 234.79504941081228, "r3": 162.6234078574645, "r4": 183.72319998872365, "r5": 277.82950469977015, "r6": 163.25142124956184, "r7": 245.22767474780662}, "datetime": {"datetime": "2022-04-21 12:58:48", "elapsed": 1691.235853, "delta": 18.830824}}
{"target": -22470.266188894417, "params": {"r1": 190.9975073889688, "r2": 229.32721734582833, "r3": 187.8608791697085, "r4": 125.2553423840122, "r5": 126.30953350810731, "r6": 267.62361094045474, "r7": 277.7424226567688}, "datetime": {"datetime": "2022-04-21 12:59:08", "elapsed": 1710.400385, "delta": 19.164532}}
{"target": -6407.109873854747, "params": {"r1": 204.87063201233113, "r2": 298.41731184665207, "r3": 247.928528685902, "r4": 294.9111314229566, "r5": 292.07559655112567, "r6": 180.09222763126115, "r7": 282.56715173908503}, "datetime": {"datetime": "2022-04-21 12:59:12", "elapsed": 1715.222353, "delta": 4.821968}}
{"target": -20251.65494729063, "params": {"r1": 231.36845978216178, "r2": 271.0720488315565, "r3": 163.55567552833205, "r4": 264.6187994043097, "r5": 251.0018432821469, "r6": 119.79703636131836, "r7": 234.31810958726282}, "datetime": {"datetime": "2022-04-21 12:59:32", "elapsed": 1734.347764, "delta": 19.125411}}
{"target": -5257.594932874244, "params": {"r1": 255.19541286179523, "r2": 174.35636359298988, "r3": 204.57473173185124, "r4": 300.0, "r5": 300.0, "r6": 300.0, "r7": 300.0}, "datetime": {"datetime": "2022-04-21 12:59:36", "elapsed": 1738.593767, "delta": 4.246003}}
{"target": -9850.990003780651, "params": {"r1": 184.11517301596277, "r2": 247.1196207428574, "r3": 251.45621929509954, "r4": 297.09986121031477, "r5": 165.52038771559887, "r6": 122.4204814481086, "r7": 276.0366322597827}, "datetime": {"datetime": "2022-04-21 12:59:55", "elapsed": 1758.133796, "delta": 19.540029}}
{"target": -6607.936215035654, "params": {"r1": 122.60889064522738, "r2": 223.50884481262457, "r3": 225.45099767726512, "r4": 300.0, "r5": 300.0, "r6": 300.0, "r7": 300.0}, "datetime": {"datetime": "2022-04-21 13:00:00", "elapsed": 1762.251398, "delta": 4.117602}}
{"target": -28951.91715992557, "params": {"r1": 138.9385788399818, "r2": 129.75045926208247, "r3": 126.36069891824047, "r4": 215.18801891323517, "r5": 194.5744400034281, "r6": 281.85652284932553, "r7": 160.44548741097617}, "datetime": {"datetime": "2022-04-21 13:00:20", "elapsed": 1782.487973, "delta": 20.236575}}
{"target": -5920.194329023723, "params": {"r1": 180.3824544066131, "r2": 269.4174117660907, "r3": 262.97845315459773, "r4": 258.60330751957395, "r5": 299.0504414521127, "r6": 157.77938915691166, "r7": 288.64613309227093}, "datetime": {"datetime": "2022-04-21 13:00:25", "elapsed": 1787.615898, "delta": 5.127925}}
{"target": -4340.4651562350155, "params": {"r1": 169.1414887096946, "r2": 273.1297115670353, "r3": 266.73015902168567, "r4": 299.99999999110696, "r5": 300.0, "r6": 224.8224042033834, "r7": 284.65390580996075}, "datetime": {"datetime": "2022-04-21 13:00:31", "elapsed": 1794.203736, "delta": 6.587838}}
{"target": -9486.385905991674, "params": {"r1": 222.72880681270283, "r2": 188.1860879880753, "r3": 215.7459596733824, "r4": 300.0, "r5": 300.0, "r6": 300.0, "r7": 110.0}, "datetime": {"datetime": "2022-04-21 13:00:36", "elapsed": 1798.767129, "delta": 4.563393}}
{"target": -4709.417267846955, "params": {"r1": 300.0, "r2": 289.46677992093964, "r3": 147.6731133627384, "r4": 300.0, "r5": 300.0, "r6": 110.0, "r7": 261.9708661012366}, "datetime": {"datetime": "2022-04-21 13:00:40", "elapsed": 1803.050053, "delta": 4.282924}}
