{"target": -11030.340405508216, "params": {"r1": 300.0, "r2": 209.75150696391728, "r3": 300.0, "r4": 208.65856453218152, "r5": 300.0, "r6": 110.0, "r7": 110.0}, "datetime": {"datetime": "2022-04-21 12:43:03", "elapsed": 745.665646, "delta": 2.146367}}
{"target": -24244.857142211637, "params": {"r1": 268.0153477759907, "r2": 168.94046808656356, "r3": 262.5701975037424, "r4": 210.05146046053545, "r5": 150.5628570499992, "r6": 129.74366125130456, "r7": 195.5205295805816}, "datetime": {"datetime": "2022-04-21 12:43:13", "elapsed": 755.856967, "delta": 10.191321}}
{"target": -6160.80127095241, "params": {"r1": 227.96603375911664, "r2": 300.0, "r3": 110.0, "r4": 300.0, "r5": 300.0, "r6": 110.0, "r7": 300.0}, "datetime": {"datetime": "2022-04-21 12:43:15", "elapsed": 758.166827, "delta": 2.30986}}
{"target": -8681.28387222665, "params": {"r1": 300.0, "r2": 300.0, "r3": 110.0, "r4": 300.0, "r5": 110.0, "r6": 110.0, "r7": 300.0}, "datetime": {"datetime": "2022-04-21 12:43:18", "elapsed": 760.467769, "delta": 2.300942}}
{"target": -13565.72477616342, "params": {"r1": 110.0, "r2": 300.0, "r3": 110.0, "r4": 300.0, "r5": 300.0, "r6": 110.0, "r7": 300.0}, "datetime": {"datetime": "2022-04-21 12:43:20", "elapsed": 762.820727, "delta": 2.352958}}
{"target": -6361.940014946134, "params": {"r1": 197.38293109053438, "r2": 270.75634406940117, "r3": 272.53421964059976, "r4": 284.00444248928335, "r5": 298.77694143576576, "r6": 130.07158724723024, "r7": 261.79316046963004}, "datetime": {"datetime": "2022-04-21 12:43:23", "elapsed": 765.446883, "delta": 2.626156}}
{"target": -11563.16955260948, "params": {"r1": 300.0, "r2": 300.0, "r3": 110.0, "r4": 300.0, "r5": 110.0, "r6": 110.0, "r7": 218.74884221623162}, "datetime": {"datetime": "2022-04-21 12:43:26", "elapsed": 768.905202, "delta": 3.458319}}
{"target": -19502.175972143108, "params": {"r1": 142.5552375836732, "r2": 199.81972999968875, "r3": 269.01895367212273, "r4": 178.52924238614537, "r5": 234.30055678062365, "r6": 295.65489916880813, "r7": 294.5762181603287}, "datetime": {"datetime": "2022-04-21 12:43:37", "elapsed": 779.407726, "delta": 10.502524}}
{"target": -16963.755329260293, "params": {"r1": 284.87192114834886, "r2": 250.9156107800729, "r3": 223.90646356174545, "r4": 194.02603685291925, "r5": 274.7770567534502, "r6": 270.7645812883818, "r7": 235.586815052453}, "datetime": {"datetime": "2022-04-21 12:43:47", "elapsed": 789.946731, "delta": 10.539005}}
{"target": -5676.131627410752, "params": {"r1": 300.0, "r2": 110.0, "r3": 250.234912193912, "r4": 300.0, "r5": 300.0, "r6": 300.0, "r7": 300.0}, "datetime": {"datetime": "2022-04-21 12:43:51", "elapsed": 793.268836, "delta": 3.322105}}
{"target": -11651.192928647357, "params": {"r1": 300.0, "r2": 110.0, "r3": 224.70435169875526, "r4": 300.0, "r5": 300.0, "r6": 300.0, "r7": 238.10861973725846}, "datetime": {"datetime": "2022-04-21 12:43:53", "elapsed": 795.614131, "delta": 2.345295}}
{"target": -10362.811656234499, "params": {"r1": 300.0, "r2": 250.092695085723, "r3": 300.0, "r4": 300.0, "r5": 110.0, "r6": 110.0, "r7": 300.0}, "datetime": {"datetime": "2022-04-21 12:43:56", "elapsed": 798.845837, "delta": 3.231706}}
{"target": -4960.746200793405, "params": {"r1": 264.28393767199134, "r2": 300.0, "r3": 160.01895553483413, "r4": 300.0, "r5": 300.0, "r6": 113.44326465099311, "r7": 266.9504479177073}, "datetime": {"datetime": "2022-04-21 12:43:58", "elapsed": 800.863853, "delta": 2.018016}}
{"target": -4327.155826042216, "params": {"r1": 153.84531706645004, "r2": 269.9238622917901, "r3": 272.9269454704881, "r4": 277.17971393168636, "r5": 300.0, "r6": 110.25698821607212, "r7": 299.67009855029414}, "datetime": {"datetime": "2022-04-21 12:44:01", "elapsed": 803.579415, "delta": 2.715562}}
{"target": -6669.547092666885, "params": {"r1": 142.7378971027703, "r2": 281.27680777475257, "r3": 300.0, "r4": 249.13613445588265, "r5": 300.0, "r6": 110.0, "r7": 300.0}, "datetime": {"datetime": "2022-04-21 12:44:03", "elapsed": 806.231942, "delta": 2.652527}}
{"target": -22249.87852056041, "params": {"r1": 256.96341533076725, "r2": 202.13286758043301, "r3": 184.9275767430088, "r4": 119.15565530157534, "r5": 224.718363469082, "r6": 137.6939507831951, "r7": 246.97560872011448}, "datetime": {"datetime": "2022-04-21 12:44:15", "elapsed": 817.575072, "delta": 11.34313}}
{"target": -4869.219228616821, "params": {"r1": 191.91757444297335, "r2": 229.5000701728524, "r3": 300.0, "r4": 300.0, "r5": 300.0, "r6": 110.00000000512586, "r7": 299.99999999876405}, "datetime": {"datetime": "2022-04-21 12:44:17", "elapsed": 819.703345, "delta": 2.128273}}
{"target": -20314.971038115364, "params": {"r1": 201.18712874589573, "r2": 188.91480358886653, "r3": 299.7035444429598, "r4": 174.33669714652484, "r5": 178.99568842592035, "r6": 286.975524108256, "r7": 257.4534357455397}, "datetime": {"datetime": "2022-04-21 12:44:28", "elapsed": 831.080829, "delta": 11.377484}}
{"target": -8229.531063225719, "params": {"r1": 237.86603971132683, "r2": 300.0, "r3": 110.0, "r4": 300.0, "r5": 300.0, "r6": 110.0, "r7": 213.22786949796267}, "datetime": {"datetime": "2022-04-21 12:44:32", "elapsed": 835.012173, "delta": 3.931344}}
{"target": -8015.07304780229, "params": {"r1": 110.0, "r2": 300.0, "r3": 110.0, "r4": 300.0, "r5": 300.0, "r6": 300.0, "r7": 300.0}, "datetime": {"datetime": "2022-04-21 12:44:34", "elapsed": 837.034114, "delta": 2.021941}}
{"target": -19142.86903310239, "params": {"r1": 147.00994781584487, "r2": 280.92065742491957, "r3": 211.45012916044573, "r4": 157.40191226809458, "r5": 127.1820109883586, "r6": 235.81855073152263, "r7": 270.6135067728461}, "datetime": {"datetime": "2022-04-21 12:44:45", "elapsed": 848.175078, "delta": 11.140964}}
{"target": -7943.18360381899, "params": {"r1": 226.5060331743477, "r2": 289.59570111484686, "r3": 141.40823976195037, "r4": 299.3950796849307, "r5": 298.6065620364021, "r6": 163.8754715171936, "r7": 284.5198026454422}, "datetime": {"datetime": "2022-04-21 12:44:48", "elapsed": 851.068889, "delta": 2.893811}}
{"target": -11972.053326891293, "params": {"r1": 214.0091862121323, "r2": 110.0, "r3": 300.0, "r4": 300.0, "r5": 110.0, "r6": 110.0, "r7": 300.0}, "datetime": {"datetime": "2022-04-21 12:44:51", "elapsed": 853.396124, "delta": 2.327235}}
{"target": -19553.67693217684, "params": {"r1": 195.39619104441573, "r2": 127.38232208524279, "r3": 224.19394190900576, "r4": 230.587532822537, "r5": 261.2952694782849, "r6": 226.8191465413626, "r7": 285.4574248586813}, "datetime": {"datetime": "2022-04-21 12:45:02", "elapsed": 864.702236, "delta": 11.306112}}
{"target": -14398.13134381661, "params": {"r1": 300.0, "r2": 110.0, "r3": 300.0, "r4": 300.0, "r5": 238.1330176142058, "r6": 300.0, "r7": 300.0}, "datetime": {"datetime": "2022-04-21 12:45:04", "elapsed": 866.840418, "delta": 2.138182}}
{"target": -5382.093138699363, "params": {"r1": 300.0, "r2": 167.1252187151762, "r3": 219.45584426622452, "r4": 300.0, "r5": 300.0, "r6": 300.0, "r7": 300.0}, "datetime": {"datetime": "2022-04-21 12:45:06", "elapsed": 869.235599, "delta": 2.395181}}
{"target": -5886.133545995716, "params": {"r1": 180.116959874352, "r2": 293.2649691294124, "r3": 286.0316852753764, "r4": 284.69495053648313, "r5": 297.53662367253855, "r6": 298.1435874376595, "r7": 295.4367870888767}, "datetime": {"datetime": "2022-04-21 12:45:08", "elapsed": 870.692927, "delta": 1.457328}}
{"target": -6005.836665421113, "params": {"r1": 300.0, "r2": 287.22056053815186, "r3": 277.83524919401174, "r4": 285.12801145368815, "r5": 300.0, "r6": 300.0, "r7": 296.4272084702619}, "datetime": {"datetime": "2022-04-21 12:45:10", "elapsed": 872.779429, "delta": 2.086502}}
{"target": -22482.031297072077, "params": {"r1": 232.04504029194646, "r2": 117.58970155126954, "r3": 136.36962518683546, "r4": 167.12170276532186, "r5": 119.44515569482395, "r6": 118.7156753892213, "r7": 143.35878145238757}, "datetime": {"datetime": "2022-04-21 12:45:22", "elapsed": 884.488892, "delta": 11.709463}}
{"target": -4595.374101241281, "params": {"r1": 171.67142028401804, "r2": 231.54467986854752, "r3": 245.95227550081623, "r4": 300.0, "r5": 300.0, "r6": 300.0, "r7": 300.0}, "datetime": {"datetime": "2022-04-21 12:45:25", "elapsed": 887.854388, "delta": 3.365496}}
{"target": -5890.000555124338, "params": {"r1": 223.1817196900121, "r2": 110.0, "r3": 268.41003427476824, "r4": 300.0, "r5": 300.0, "r6": 300.0, "r7": 300.0}, "datetime": {"datetime": "2022-04-21 12:45:28", "elapsed": 891.068839, "delta": 3.214451}}
{"target": -13425.388414784878, "params": {"r1": 122.72240006701887, "r2": 257.0813700143582, "r3": 294.59181057097214, "r4": 268.679619007503, "r5": 217.38577244748825, "r6": 217.34376342370675, "r7": 262.07250872997065}, "datetime": {"datetime": "2022-04-21 12:45:40", "elapsed": 903.057768, "delta": 11.988929}}
{"target": -4799.476260430481, "params": {"r1": 158.65023454395248, "r2": 264.3965234941758, "r3": 242.58769489444165, "r4": 300.0, "r5": 300.0, "r6": 110.0, "r7": 281.3839051622415}, "datetime": {"datetime": "2022-04-21 12:45:43", "elapsed": 905.883152, "delta": 2.825384}}
{"target": -6924.748353696209, "params": {"r1": 267.16988019671805, "r2": 300.0, "r3": 110.0, "r4": 300.0, "r5": 300.0, "r6": 139.01520172230286, "r7": 300.0}, "datetime": {"datetime": "2022-04-21 12:45:45", "elapsed": 908.005348, "delta": 2.122196}}
{"target": -25235.45949836822, "params": {"r1": 163.81108543210073, "r2": 159.21256542627913, "r3": 120.82286085707645, "r4": 260.2222539623283, "r5": 133.5149605310665, "r6": 122.30041200441855, "r7": 181.23971624336713}, "datetime": {"datetime": "2022-04-21 12:45:57", "elapsed": 919.803613, "delta": 11.798265}}
{"target": -6491.716849262331, "params": {"r1": 110.0, "r2": 110.0, "r3": 237.31063218017187, "r4": 300.0, "r5": 300.0, "r6": 300.0, "r7": 300.0}, "datetime": {"datetime": "2022-04-21 12:46:00", "elapsed": 922.595095, "delta": 2.791482}}
{"target": -26008.068298830767, "params": {"r1": 140.10616975226097, "r2": 245.46025142413475, "r3": 212.41281462201118, "r4": 216.95675689597238, "r5": 209.56080699749168, "r6": 137.19756907118187, "r7": 186.11238007782129}, "datetime": {"datetime": "2022-04-21 12:46:12", "elapsed": 934.492358, "delta": 11.897263}}
{"target": -12185.592225247558, "params": {"r1": 198.6204916753876, "r2": 222.9174307935704, "r3": 235.8286015086209, "r4": 297.46093332522514, "r5": 125.67813963350775, "r6": 186.86349758380464, "r7": 189.09490927482}, "datetime": {"datetime": "2022-04-21 12:46:23", "elapsed": 946.079406, "delta": 11.587048}}
{"target": -25556.354625578195, "params": {"r1": 114.70244491706508, "r2": 272.90963724501273, "r3": 152.11307593128777, "r4": 238.79971488448746, "r5": 185.46303544037085, "r6": 163.7525333732341, "r7": 190.40361610990237}, "datetime": {"datetime": "2022-04-21 12:46:35", "elapsed": 958.105091, "delta": 12.025685}}
{"target": -24242.17309741366, "params": {"r1": 251.67457050135098, "r2": 174.52956686518397, "r3": 174.5579114142534, "r4": 247.63075640856337, "r5": 225.09246741339302, "r6": 152.80038965468762, "r7": 217.4721073341642}, "datetime": {"datetime": "2022-04-21 12:46:47", "elapsed": 970.147277, "delta": 12.042186}}
{"target": -11409.862858181377, "params": {"r1": 177.98799194005323, "r2": 263.0014381139072, "r3": 300.0, "r4": 300.0, "r5": 300.0, "r6": 180.76862741248155, "r7": 110.0}, "datetime": {"datetime": "2022-04-21 12:46:52", "elapsed": 974.871279, "delta": 4.724002}}
{"target": -5776.031111169752, "params": {"r1": 300.0, "r2": 222.5496318425048, "r3": 300.0, "r4": 274.96891541519693, "r5": 300.0, "r6": 299.9999999978905, "r7": 300.0}, "datetime": {"datetime": "2022-04-21 12:46:55", "elapsed": 977.933466, "delta": 3.062187}}
{"target": -16859.5705402597, "params": {"r1": 269.97516836666415, "r2": 284.33015957339444, "r3": 272.53129829515933, "r4": 113.57309508002989, "r5": 291.3742112024841, "r6": 259.5245747841991, "r7": 212.11856855104554}, "datetime": {"datetime": "2022-04-21 12:47:08", "elapsed": 990.255631, "delta": 12.322165}}
{"target": -8802.872812383332, "params": {"r1": 300.0, "r2": 145.7412105622979, "r3": 246.80634703112457, "r4": 257.34406697622006, "r5": 300.0, "r6": 300.0, "r7": 300.0}, "datetime": {"datetime": "2022-04-21 12:47:10", "elapsed": 992.767608, "delta": 2.511977}}
{"target": -7426.337151489975, "params": {"r1": 225.9794267759449, "r2": 300.0, "r3": 208.58611183908317, "r4": 300.0, "r5": 300.0, "r6": 168.209470979942, "r7": 247.92988983774666}, "datetime": {"datetime": "2022-04-21 12:47:13", "elapsed": 996.165398, "delta": 3.39779}}
{"target": -13676.886721113762, "params": {"r1": 197.41628540441945, "r2": 300.0, "r3": 110.0, "r4": 300.0, "r5": 110.0, "r6": 110.0, "r7": 110.0}, "datetime": {"datetime": "2022-04-21 12:47:16", "elapsed": 998.83098, "delta": 2.665582}}
{"target": -12237.446514937255, "params": {"r1": 300.0, "r2": 300.0, "r3": 203.14801868697313, "r4": 300.0, "r5": 110.0, "r6": 110.0, "r7": 300.0}, "datetime": {"datetime": "2022-04-21 12:47:19", "elapsed": 1001.464004, "delta": 2.633024}}
{"target": -5653.365129511934, "params": {"r1": 299.41177453107287, "r2": 262.5159307372018, "r3": 268.8068652092849, "r4": 300.0, "r5": 300.0, "r6": 299.77892878109407, "r7": 300.0}, "datetime": {"datetime": "2022-04-21 12:47:22", "elapsed": 1004.675139, "delta": 3.211135}}
{"target": -8658.448197621914, "params": {"r1": 300.0, "r2": 110.0, "r3": 206.5987817496623, "r4": 300.0, "r5": 300.0, "r6": 281.09537854143866, "r7": 300.0}, "datetime": {"datetime": "2022-04-21 12:47:26", "elapsed": 1008.369139, "delta": 3.694}}
{"target": -6980.639548111724, "params": {"r1": 276.3733956812399, "r2": 300.0, "r3": 181.67582677183006, "r4": 300.0, "r5": 300.0, "r6": 300.0, "r7": 263.78567148306837}, "datetime": {"datetime": "2022-04-21 12:47:29", "elapsed": 1011.364561, "delta": 2.995422}}
{"target": -5604.627870276379, "params": {"r1": 278.8621683073441, "r2": 300.0, "r3": 130.82882412050776, "r4": 300.0, "r5": 300.0, "r6": 300.0, "r7": 300.0}, "datetime": {"datetime": "2022-04-21 12:47:32", "elapsed": 1014.541783, "delta": 3.177222}}
{"target": -12337.88630150155, "params": {"r1": 218.891439383329, "r2": 208.34641390302974, "r3": 300.0, "r4": 300.0, "r5": 110.0, "r6": 110.0, "r7": 300.0}, "datetime": {"datetime": "2022-04-21 12:47:36", "elapsed": 1018.452776, "delta": 3.910993}}
{"target": -18634.81430909644, "params": {"r1": 208.0810632622995, "r2": 295.1578030492641, "r3": 292.58840949935495, "r4": 130.33486885216033, "r5": 127.06704537530162, "r6": 244.4930319326952, "r7": 166.73339996821434}, "datetime": {"datetime": "2022-04-21 12:47:49", "elapsed": 1031.389556, "delta": 12.93678}}
{"target": -6967.337293450176, "params": {"r1": 202.54157109630015, "r2": 300.0, "r3": 227.9877314388316, "r4": 300.0, "r5": 300.0, "r6": 110.00000000697614, "r7": 300.0}, "datetime": {"datetime": "2022-04-21 12:47:52", "elapsed": 1034.270057, "delta": 2.880501}}
{"target": -4685.613535554643, "params": {"r1": 179.57057941277608, "r2": 299.9999999958321, "r3": 281.86632425323245, "r4": 299.089608674794, "r5": 300.0, "r6": 127.00849703923501, "r7": 263.0013985053627}, "datetime": {"datetime": "2022-04-21 12:47:55", "elapsed": 1037.674151, "delta": 3.404094}}
{"target": -21657.739027475523, "params": {"r1": 212.8395773473061, "r2": 147.16780822349338, "r3": 238.9712173808081, "r4": 262.996807014037, "r5": 153.78963546948927, "r6": 288.9201446294867, "r7": 163.98649238101422}, "datetime": {"datetime": "2022-04-21 12:48:08", "elapsed": 1050.764832, "delta": 13.090681}}
{"target": -11865.939690560761, "params": {"r1": 300.0, "r2": 300.0, "r3": 300.0, "r4": 300.0, "r5": 110.0, "r6": 110.0, "r7": 228.1883098037877}, "datetime": {"datetime": "2022-04-21 12:48:11", "elapsed": 1053.621238, "delta": 2.856406}}
{"target": -4855.073722511109, "params": {"r1": 159.63003042263693, "r2": 265.110836197893, "r3": 264.7343721949836, "r4": 300.0, "r5": 300.0, "r6": 300.0, "r7": 300.0}, "datetime": {"datetime": "2022-04-21 12:48:14", "elapsed": 1057.084343, "delta": 3.463105}}
{"target": -6338.473831175366, "params": {"r1": 279.0664572879465, "r2": 239.33044665371224, "r3": 292.94252277488687, "r4": 286.1781743118936, "r5": 296.5180210452342, "r6": 147.48132750740487, "r7": 296.5289946998546}, "datetime": {"datetime": "2022-04-21 12:48:16", "elapsed": 1059.134519, "delta": 2.050176}}
{"target": -18040.30087002464, "params": {"r1": 110.0, "r2": 110.0, "r3": 300.0, "r4": 300.0, "r5": 110.0, "r6": 206.74239858579847, "r7": 300.0}, "datetime": {"datetime": "2022-04-21 12:48:19", "elapsed": 1061.845663, "delta": 2.711144}}
{"target": -23048.26330940883, "params": {"r1": 160.68715247894053, "r2": 188.928215285909, "r3": 215.8272571702729, "r4": 217.80535316995537, "r5": 158.8483332326982, "r6": 237.4058275169296, "r7": 201.33113268882357}, "datetime": {"datetime": "2022-04-21 12:48:32", "elapsed": 1075.186413, "delta": 13.34075}}
{"target": -5581.951822232546, "params": {"r1": 300.0, "r2": 258.8666912419955, "r3": 283.28896966147283, "r4": 300.0, "r5": 300.0, "r6": 300.0, "r7": 300.0}, "datetime": {"datetime": "2022-04-21 12:48:36", "elapsed": 1078.468118, "delta": 3.281705}}
{"target": -21189.48485061425, "params": {"r1": 175.93843287378434, "r2": 255.64703968920315, "r3": 232.99231725301627, "r4": 222.75887617550288, "r5": 250.23973044012016, "r6": 274.2494061271557, "r7": 138.21076160445216}, "datetime": {"datetime": "2022-04-21 12:48:49", "elapsed": 1091.890238, "delta": 13.42212}}
{"target": -11339.97283194547, "params": {"r1": 192.46193325862043, "r2": 265.4622875022734, "r3": 234.6090009427881, "r4": 294.6101009196663, "r5": 163.52090664160306, "r6": 114.94751196218341, "r7": 271.34478014527923}, "datetime": {"datetime": "2022-04-21 12:48:51", "elapsed": 1093.92454, "delta": 2.034302}}
{"target": -5098.188464668714, "params": {"r1": 300.0, "r2": 300.0, "r3": 300.0, "r4": 300.0, "r5": 300.0, "r6": 177.5161406498135, "r7": 267.68660794562516}, "datetime": {"datetime": "2022-04-21 12:48:54", "elapsed": 1096.868824, "delta": 2.944284}}
{"target": -26265.26780768641, "params": {"r1": 119.07160127446892, "r2": 185.77698806279147, "r3": 270.1835654850105, "r4": 203.179358816807, "r5": 155.95370683943202, "r6": 204.90257741611933, "r7": 153.45072503055172}, "datetime": {"datetime": "2022-04-21 12:49:08", "elapsed": 1111.016065, "delta": 14.147241}}
{"target": -10761.385110827858, "params": {"r1": 300.0, "r2": 224.0700448495008, "r3": 221.14194183581836, "r4": 300.0, "r5": 300.0, "r6": 110.0, "r7": 110.0}, "datetime": {"datetime": "2022-04-21 12:49:12", "elapsed": 1115.056418, "delta": 4.040353}}
{"target": -19904.439297200297, "params": {"r1": 152.31194029702368, "r2": 220.98512415995356, "r3": 233.18676648497814, "r4": 162.13739054005788, "r5": 212.45845005806348, "r6": 212.08297161589343, "r7": 140.1769309433212}, "datetime": {"datetime": "2022-04-21 12:49:26", "elapsed": 1129.142247, "delta": 14.085829}}
{"target": -17063.671555834604, "params": {"r1": 169.5539441595504, "r2": 213.18191291314196, "r3": 245.24890104776406, "r4": 201.82749959966705, "r5": 235.29030801143824, "r6": 260.970078738405, "r7": 240.89285288050195}, "datetime": {"datetime": "2022-04-21 12:49:41", "elapsed": 1143.395748, "delta": 14.253501}}
{"target": -5014.0004981656775, "params": {"r1": 272.76647022487555, "r2": 294.0288380279027, "r3": 300.0, "r4": 300.0, "r5": 300.0, "r6": 207.21146581556422, "r7": 299.9999999125216}, "datetime": {"datetime": "2022-04-21 12:49:44", "elapsed": 1147.092052, "delta": 3.696304}}
{"target": -9278.108414721813, "params": {"r1": 200.83979251844013, "r2": 300.0, "r3": 233.7608351669001, "r4": 300.0, "r5": 300.0, "r6": 217.86041096356215, "r7": 205.79368789312704}, "datetime": {"datetime": "2022-04-21 12:49:50", "elapsed": 1152.648789, "delta": 5.556737}}
{"target": -8905.56882126738, "params": {"r1": 148.56767436287151, "r2": 300.0, "r3": 202.17097207536912, "r4": 300.0, "r5": 300.0, "r6": 110.0, "r7": 110.0}, "datetime": {"datetime": "2022-04-21 12:49:54", "elapsed": 1156.411896, "delta": 3.763107}}
{"target": -5693.536806743177, "params": {"r1": 199.14729004482516, "r2": 174.97335695687724, "r3": 226.41508681482313, "r4": 300.0, "r5": 300.0, "r6": 300.0, "r7": 300.0}, "datetime": {"datetime": "2022-04-21 12:49:59", "elapsed": 1161.607623, "delta": 5.195727}}
{"target": -5776.520660588998, "params": {"r1": 262.94539742013717, "r2": 274.2696740283809, "r3": 297.8517908771131, "r4": 298.3190432813902, "r5": 293.2213190465976, "r6": 192.12167793697682, "r7": 243.55549536165114}, "datetime": {"datetime": "2022-04-21 12:50:03", "elapsed": 1165.365227, "delta": 3.757604}}
{"target": -7304.957136670553, "params": {"r1": 179.64296250983463, "r2": 300.0, "r3": 110.0, "r4": 300.0, "r5": 300.0, "r6": 239.97848305331328, "r7": 300.0}, "datetime": {"datetime": "2022-04-21 12:50:07", "elapsed": 1169.567166, "delta": 4.201939}}
{"target": -5036.915614956216, "params": {"r1": 188.46651734708345, "r2": 289.58935068757404, "r3": 288.23285641427304, "r4": 300.0, "r5": 285.94934505473645, "r6": 214.62187490107743, "r7": 295.26283163821984}, "datetime": {"datetime": "2022-04-21 12:50:10", "elapsed": 1172.96074, "delta": 3.393574}}
{"target": -5496.42476036315, "params": {"r1": 148.0675243198245, "r2": 300.0, "r3": 260.0956452597122, "r4": 300.0, "r5": 300.0, "r6": 110.00000000001097, "r7": 300.0}, "datetime": {"datetime": "2022-04-21 12:50:14", "elapsed": 1176.545777, "delta": 3.585037}}
{"target": -23974.282477601882, "params": {"r1": 273.6030193715326, "r2": 291.58243687500374, "r3": 142.87879394841286, "r4": 133.49989096647138, "r5": 181.31888674737132, "r6": 269.47109579173474, "r7": 138.62875392704495}, "datetime": {"datetime": "2022-04-21 12:50:29", "elapsed": 1191.426843, "delta": 14.881066}}
{"target": -12660.773000700821, "params": {"r1": 110.0, "r2": 300.0, "r3": 300.0, "r4": 300.0, "r5": 110.0, "r6": 300.0, "r7": 208.8535384374938}, "datetime": {"datetime": "2022-04-21 12:50:32", "elapsed": 1194.87717, "delta": 3.450327}}
