{"target": -4768.091784512195, "params": {"r1": 200.64822439089306, "r2": 224.71244072593518, "r3": 263.9328768272057, "r4": 299.9999999999551, "r5": 299.95487067637833, "r6": 116.54581948797576, "r7": 281.00122887458576}, "datetime": {"datetime": "2022-04-21 13:55:50", "elapsed": 5112.728666, "delta": 7.964957}}
{"target": -4793.495244353995, "params": {"r1": 212.45410194434476, "r2": 239.63235302930775, "r3": 299.9999999639302, "r4": 300.0, "r5": 300.0, "r6": 152.69470142335396, "r7": 300.0}, "datetime": {"datetime": "2022-04-21 13:56:01", "elapsed": 5123.50212, "delta": 10.773454}}
{"target": -18974.622417137165, "params": {"r1": 177.60997424037498, "r2": 280.00823830610454, "r3": 171.0974722299305, "r4": 185.90893376660782, "r5": 244.7301781440629, "r6": 282.71606264001434, "r7": 193.59631100740793}, "datetime": {"datetime": "2022-04-21 13:56:40", "elapsed": 5162.645872, "delta": 39.143752}}
{"target": -13663.646169126423, "params": {"r1": 300.0, "r2": 211.36149959731563, "r3": 300.0, "r4": 300.0, "r5": 110.0, "r6": 189.51774327655633, "r7": 300.0}, "datetime": {"datetime": "2022-04-21 13:56:50", "elapsed": 5172.483139, "delta": 9.837267}}
{"target": -5592.808035841537, "params": {"r1": 140.1341557134118, "r2": 248.75310862283862, "r3": 256.58435642044594, "r4": 254.25750852311808, "r5": 299.20220978816724, "r6": 112.34617317653807, "r7": 247.878910214842}, "datetime": {"datetime": "2022-04-21 13:56:58", "elapsed": 5181.107959, "delta": 8.62482}}
{"target": -16453.686621785746, "params": {"r1": 271.7752251776658, "r2": 286.2668400342319, "r3": 144.38355991643445, "r4": 276.22123297431335, "r5": 171.94085106012523, "r6": 146.88047684769433, "r7": 145.86690607992287}, "datetime": {"datetime": "2022-04-21 13:57:38", "elapsed": 5220.412638, "delta": 39.304679}}
{"target": -9944.76769653534, "params": {"r1": 110.0, "r2": 300.0, "r3": 249.89315937510298, "r4": 250.1268939684264, "r5": 300.0, "r6": 110.0, "r7": 241.99344503280167}, "datetime": {"datetime": "2022-04-21 13:57:49", "elapsed": 5231.988692, "delta": 11.576054}}
{"target": -4542.224675605295, "params": {"r1": 176.21826070276182, "r2": 283.21761113818246, "r3": 289.7639433695092, "r4": 272.6309499077162, "r5": 300.0, "r6": 111.45841096457619, "r7": 292.3636148180577}, "datetime": {"datetime": "2022-04-21 13:58:02", "elapsed": 5244.350008, "delta": 12.361316}}
{"target": -4574.4659606574605, "params": {"r1": 166.1388881596813, "r2": 228.62225951566754, "r3": 257.69766426778506, "r4": 273.16576255554384, "r5": 300.0, "r6": 110.0, "r7": 265.2104568104127}, "datetime": {"datetime": "2022-04-21 13:58:10", "elapsed": 5253.052263, "delta": 8.702255}}
{"target": -13440.973808865143, "params": {"r1": 300.0, "r2": 300.0, "r3": 202.7672253480273, "r4": 300.0, "r5": 110.0, "r6": 300.0, "r7": 300.0}, "datetime": {"datetime": "2022-04-21 13:58:21", "elapsed": 5264.162128, "delta": 11.109865}}
{"target": -20914.034232711674, "params": {"r1": 170.77994854692162, "r2": 167.3889248109968, "r3": 275.8485555832714, "r4": 210.58213872165635, "r5": 166.3519429356943, "r6": 253.57721586764336, "r7": 260.43052581078166}, "datetime": {"datetime": "2022-04-21 13:59:01", "elapsed": 5304.089245, "delta": 39.927117}}
{"target": -4824.202954169307, "params": {"r1": 268.25398329191637, "r2": 202.3872901497443, "r3": 157.22761768075924, "r4": 300.0, "r5": 300.0, "r6": 295.22795698167835, "r7": 272.05489749182215}, "datetime": {"datetime": "2022-04-21 13:59:14", "elapsed": 5316.564295, "delta": 12.47505}}
{"target": -6053.614333006437, "params": {"r1": 165.25605083027637, "r2": 252.47572941161994, "r3": 300.0, "r4": 289.49171275237154, "r5": 300.0, "r6": 300.0, "r7": 300.0}, "datetime": {"datetime": "2022-04-21 13:59:23", "elapsed": 5326.07273, "delta": 9.508435}}
{"target": -8022.261159970035, "params": {"r1": 265.9717334029749, "r2": 179.64006671410596, "r3": 220.39579353424827, "r4": 294.71405419844746, "r5": 290.8751384264681, "r6": 284.23228830355566, "r7": 296.45876380742413}, "datetime": {"datetime": "2022-04-21 14:00:04", "elapsed": 5366.399363, "delta": 40.326633}}
{"target": -4706.859222375288, "params": {"r1": 299.76118567519336, "r2": 300.0, "r3": 127.12145333517307, "r4": 300.0, "r5": 300.0, "r6": 110.0, "r7": 266.1991957023353}, "datetime": {"datetime": "2022-04-21 14:00:14", "elapsed": 5376.26533, "delta": 9.865967}}
{"target": -8309.318343667393, "params": {"r1": 249.22884137064585, "r2": 300.0, "r3": 153.293551406651, "r4": 300.0, "r5": 300.0, "r6": 246.69167012693202, "r7": 217.65577983832074}, "datetime": {"datetime": "2022-04-21 14:00:23", "elapsed": 5385.856362, "delta": 9.591032}}
{"target": -7466.617407055617, "params": {"r1": 222.4944678212942, "r2": 220.00581737450494, "r3": 299.99999994525217, "r4": 300.0, "r5": 300.0, "r6": 266.07414961040234, "r7": 263.0858641496965}, "datetime": {"datetime": "2022-04-21 14:00:35", "elapsed": 5398.073552, "delta": 12.21719}}
{"target": -6023.769592333598, "params": {"r1": 203.4376633075671, "r2": 212.22066084753598, "r3": 282.6971096752804, "r4": 280.82216780716317, "r5": 300.0, "r6": 300.0, "r7": 300.0}, "datetime": {"datetime": "2022-04-21 14:00:45", "elapsed": 5407.322426, "delta": 9.248874}}
{"target": -20751.870634494033, "params": {"r1": 285.7482572168643, "r2": 272.73634150284477, "r3": 172.23487812676188, "r4": 243.27944288879948, "r5": 190.56057757665673, "r6": 125.32060509124695, "r7": 263.91418326474076}, "datetime": {"datetime": "2022-04-21 14:01:25", "elapsed": 5448.119012, "delta": 40.796586}}
{"target": -17191.51887452435, "params": {"r1": 110.0, "r2": 110.0, "r3": 110.0, "r4": 300.0, "r5": 300.0, "r6": 110.0, "r7": 110.0}, "datetime": {"datetime": "2022-04-21 14:01:37", "elapsed": 5459.916448, "delta": 11.797436}}
{"target": -5254.521773874634, "params": {"r1": 299.99999999936045, "r2": 300.0, "r3": 299.9999999988492, "r4": 300.0, "r5": 300.0, "r6": 300.0, "r7": 299.99999999901763}, "datetime": {"datetime": "2022-04-21 14:01:53", "elapsed": 5476.150523, "delta": 16.234075}}
{"target": -13908.765170366401, "params": {"r1": 274.8870590856136, "r2": 220.7070996387705, "r3": 199.13142137168626, "r4": 295.6606785295164, "r5": 134.6607671262719, "r6": 146.49682526895623, "r7": 281.6068693524898}, "datetime": {"datetime": "2022-04-21 14:02:35", "elapsed": 5517.476704, "delta": 41.326181}}
{"target": -21046.942712468408, "params": {"r1": 284.9383087870008, "r2": 193.00979224525906, "r3": 171.6459283858098, "r4": 113.28626409058754, "r5": 197.23981459358345, "r6": 296.90760588246746, "r7": 229.19726308915838}, "datetime": {"datetime": "2022-04-21 14:03:16", "elapsed": 5558.731589, "delta": 41.254885}}
{"target": -25330.698160675456, "params": {"r1": 285.4264667651074, "r2": 254.8628679246011, "r3": 142.24962151139079, "r4": 130.3017698112, "r5": 116.58410353131305, "r6": 282.4327099193256, "r7": 168.31101707185894}, "datetime": {"datetime": "2022-04-21 14:03:57", "elapsed": 5599.946703, "delta": 41.215114}}
{"target": -11370.525182754573, "params": {"r1": 216.95210748777365, "r2": 242.1058070766838, "r3": 300.0, "r4": 300.0, "r5": 110.0, "r6": 110.0, "r7": 110.0}, "datetime": {"datetime": "2022-04-21 14:04:12", "elapsed": 5614.763349, "delta": 14.816646}}
{"target": -5156.074704391189, "params": {"r1": 225.1158928310823, "r2": 252.18932009944893, "r3": 256.3468840941269, "r4": 300.0, "r5": 300.0, "r6": 123.5198039363851, "r7": 287.9325838024663}, "datetime": {"datetime": "2022-04-21 14:04:24", "elapsed": 5626.272708, "delta": 11.509359}}
{"target": -5876.2765486072585, "params": {"r1": 191.62596942265827, "r2": 256.0526235816348, "r3": 110.0, "r4": 300.0, "r5": 300.0, "r6": 110.0, "r7": 260.7491922753878}, "datetime": {"datetime": "2022-04-21 14:04:36", "elapsed": 5638.495012, "delta": 12.222304}}
{"target": -26107.220806100548, "params": {"r1": 117.42151684013645, "r2": 225.84872058180912, "r3": 238.36655095973524, "r4": 167.34963376485462, "r5": 251.23213191826676, "r6": 190.40053950464548, "r7": 156.2537931874471}, "datetime": {"datetime": "2022-04-21 14:05:17", "elapsed": 5679.966481, "delta": 41.471469}}
{"target": -20369.22489653474, "params": {"r1": 139.40658444735254, "r2": 286.2049563980104, "r3": 190.9219951693293, "r4": 299.7081431318121, "r5": 205.62449913300458, "r6": 213.00722225180263, "r7": 117.34583988787773}, "datetime": {"datetime": "2022-04-21 14:05:59", "elapsed": 5721.745561, "delta": 41.77908}}
{"target": -23881.360249664605, "params": {"r1": 209.5914798177973, "r2": 130.08278209812028, "r3": 193.48383636547686, "r4": 160.7343446719403, "r5": 183.55781457865695, "r6": 259.2445780989261, "r7": 141.42183921309172}, "datetime": {"datetime": "2022-04-21 14:06:41", "elapsed": 5763.660353, "delta": 41.914792}}
{"target": -5067.742368488715, "params": {"r1": 299.9210771606078, "r2": 237.2399486774177, "r3": 175.78525306296297, "r4": 300.0, "r5": 300.0, "r6": 110.0, "r7": 247.13329700489655}, "datetime": {"datetime": "2022-04-21 14:06:54", "elapsed": 5777.105544, "delta": 13.445191}}
{"target": -21229.767859943764, "params": {"r1": 163.99507328724434, "r2": 249.41212284758592, "r3": 258.6704764176919, "r4": 182.1301808280262, "r5": 156.89496009461146, "r6": 197.10329722522022, "r7": 260.74913880954443}, "datetime": {"datetime": "2022-04-21 14:07:37", "elapsed": 5819.489078, "delta": 42.383534}}
{"target": -12723.525976555708, "params": {"r1": 110.0, "r2": 300.0, "r3": 300.0, "r4": 300.0, "r5": 110.0, "r6": 110.0, "r7": 241.5410895252669}, "datetime": {"datetime": "2022-04-21 14:07:48", "elapsed": 5830.72544, "delta": 11.236362}}
{"target": -4468.455459343546, "params": {"r1": 299.60008646631974, "r2": 299.99999999914695, "r3": 182.19602472715522, "r4": 300.0, "r5": 300.0, "r6": 110.0, "r7": 263.4170509644125}, "datetime": {"datetime": "2022-04-21 14:08:01", "elapsed": 5843.994961, "delta": 13.269521}}
{"target": -4815.819144963565, "params": {"r1": 200.38817058736151, "r2": 274.3008581918409, "r3": 294.0103667615203, "r4": 295.06242121903637, "r5": 293.00924896756703, "r6": 172.74208793227686, "r7": 295.2769638393647}, "datetime": {"datetime": "2022-04-21 14:08:48", "elapsed": 5890.350817, "delta": 46.355856}}
{"target": -5555.518366777975, "params": {"r1": 217.5906513397024, "r2": 250.89014359902689, "r3": 256.6536339328301, "r4": 289.55052236013023, "r5": 293.000271563092, "r6": 182.48139406104684, "r7": 286.69433704456856}, "datetime": {"datetime": "2022-04-21 14:09:30", "elapsed": 5932.682095, "delta": 42.331278}}
{"target": -5556.281918739179, "params": {"r1": 174.7047934323649, "r2": 269.8537475530526, "r3": 274.87625229836794, "r4": 277.1721756175142, "r5": 295.8686060728918, "r6": 192.74511221950922, "r7": 259.14965809988087}, "datetime": {"datetime": "2022-04-21 14:09:42", "elapsed": 5944.327659, "delta": 11.645564}}
{"target": -17539.633633131445, "params": {"r1": 211.65589065305616, "r2": 296.98211425918106, "r3": 281.84690290459696, "r4": 139.46066008025832, "r5": 290.93653636383567, "r6": 169.79479588319379, "r7": 236.90286170563047}, "datetime": {"datetime": "2022-04-21 14:10:25", "elapsed": 5987.380795, "delta": 43.053136}}
{"target": -19793.58478491224, "params": {"r1": 209.73993551601075, "r2": 300.0, "r3": 300.0, "r4": 110.0, "r5": 222.1879053771524, "r6": 110.0, "r7": 110.0}, "datetime": {"datetime": "2022-04-21 14:10:37", "elapsed": 5999.722474, "delta": 12.341679}}
{"target": -5301.82621836903, "params": {"r1": 182.39781082295448, "r2": 299.9999999996068, "r3": 110.0, "r4": 300.0, "r5": 300.0, "r6": 110.0, "r7": 277.73282208298923}, "datetime": {"datetime": "2022-04-21 14:10:50", "elapsed": 6012.823952, "delta": 13.101478}}
{"target": -5694.066415256826, "params": {"r1": 263.2922310919256, "r2": 215.5704882066123, "r3": 168.84522361920511, "r4": 300.0, "r5": 300.0, "r6": 275.52960723352624, "r7": 259.5087580270868}, "datetime": {"datetime": "2022-04-21 14:11:04", "elapsed": 6026.765311, "delta": 13.941359}}
{"target": -24933.21694694364, "params": {"r1": 213.0486241092427, "r2": 174.57924578895648, "r3": 154.52807958978659, "r4": 236.8317960323098, "r5": 236.20907651118256, "r6": 129.23221816621293, "r7": 169.0394817958142}, "datetime": {"datetime": "2022-04-21 14:11:47", "elapsed": 6070.037391, "delta": 43.27208}}
{"target": -17730.67599496108, "params": {"r1": 206.32094913349016, "r2": 226.96782488971124, "r3": 156.18021983367552, "r4": 267.89829723119504, "r5": 205.98059466133475, "r6": 242.11525187246065, "r7": 216.71731414644728}, "datetime": {"datetime": "2022-04-21 14:12:30", "elapsed": 6113.044772, "delta": 43.007381}}
{"target": -16428.93493993126, "params": {"r1": 277.7833228405782, "r2": 233.88745160283435, "r3": 132.54572677997706, "r4": 259.8817047272446, "r5": 122.56015573599703, "r6": 168.29178199275955, "r7": 215.02373574228085}, "datetime": {"datetime": "2022-04-21 14:13:13", "elapsed": 6156.167055, "delta": 43.122283}}
{"target": -20228.222448889013, "params": {"r1": 110.0, "r2": 110.0, "r3": 110.0, "r4": 300.0, "r5": 300.0, "r6": 110.0, "r7": 300.0}, "datetime": {"datetime": "2022-04-21 14:13:22", "elapsed": 6165.039814, "delta": 8.872759}}
{"target": -12687.005499337121, "params": {"r1": 110.0, "r2": 300.0, "r3": 300.0, "r4": 110.0, "r5": 110.0, "r6": 110.0, "r7": 219.07087171396833}, "datetime": {"datetime": "2022-04-21 14:13:34", "elapsed": 6176.599549, "delta": 11.559735}}
{"target": -15676.962250178305, "params": {"r1": 250.1488929794897, "r2": 293.58184456922106, "r3": 238.89198370340324, "r4": 263.1677307446626, "r5": 219.27648029826958, "r6": 266.11158115528934, "r7": 272.3967541790085}, "datetime": {"datetime": "2022-04-21 14:14:17", "elapsed": 6219.87456, "delta": 43.275011}}
{"target": -5355.324678536427, "params": {"r1": 259.0414966207506, "r2": 299.99999999610657, "r3": 300.0, "r4": 280.39719078830814, "r5": 299.8233407902918, "r6": 211.805401117955, "r7": 287.9180417091466}, "datetime": {"datetime": "2022-04-21 14:14:26", "elapsed": 6229.039023, "delta": 9.164463}}
{"target": -24365.87787438884, "params": {"r1": 203.25295136775964, "r2": 125.17254424773304, "r3": 215.53608285780297, "r4": 195.59804015247903, "r5": 169.34204966837427, "r6": 297.8979766928603, "r7": 134.98930223010436}, "datetime": {"datetime": "2022-04-21 14:15:10", "elapsed": 6272.759189, "delta": 43.720166}}
{"target": -26578.67278038431, "params": {"r1": 294.4809475442893, "r2": 127.30536345668318, "r3": 297.7201292348277, "r4": 124.42947331034792, "r5": 119.63264197241351, "r6": 123.83297589006573, "r7": 196.37184364386275}, "datetime": {"datetime": "2022-04-21 14:15:54", "elapsed": 6316.747488, "delta": 43.988299}}
{"target": -15985.168351668184, "params": {"r1": 300.0, "r2": 110.0, "r3": 300.0, "r4": 300.0, "r5": 110.0, "r6": 171.15060147225248, "r7": 110.0}, "datetime": {"datetime": "2022-04-21 14:16:06", "elapsed": 6328.634121, "delta": 11.886633}}
{"target": -8558.985864691567, "params": {"r1": 252.22509245999095, "r2": 249.31454757919334, "r3": 261.64438251544266, "r4": 300.0, "r5": 300.0, "r6": 300.0, "r7": 110.0}, "datetime": {"datetime": "2022-04-21 14:16:20", "elapsed": 6342.595227, "delta": 13.961106}}
{"target": -4677.919681910904, "params": {"r1": 300.0, "r2": 300.0, "r3": 300.0, "r4": 299.9999999967871, "r5": 300.0, "r6": 110.00000000007239, "r7": 300.0}, "datetime": {"datetime": "2022-04-21 14:16:29", "elapsed": 6352.172194, "delta": 9.576967}}
{"target": -5242.5094837019915, "params": {"r1": 177.56827016204602, "r2": 277.0169548947446, "r3": 262.8299137934572, "r4": 251.24900730401043, "r5": 299.7537736261088, "r6": 119.83901802994188, "r7": 272.73924702649765}, "datetime": {"datetime": "2022-04-21 14:16:40", "elapsed": 6362.715501, "delta": 10.543307}}
{"target": -21489.215145314753, "params": {"r1": 262.8771485342485, "r2": 128.4073376988051, "r3": 170.2016555011756, "r4": 256.3316986848552, "r5": 247.75567745387565, "r6": 282.205738810386, "r7": 241.84172540919934}, "datetime": {"datetime": "2022-04-21 14:17:24", "elapsed": 6406.989842, "delta": 44.274341}}
{"target": -5754.639403237701, "params": {"r1": 246.76114368451587, "r2": 300.0, "r3": 300.0, "r4": 300.0, "r5": 300.0, "r6": 238.7547921468924, "r7": 300.0}, "datetime": {"datetime": "2022-04-21 14:17:35", "elapsed": 6417.295716, "delta": 10.305874}}
{"target": -5815.80107654975, "params": {"r1": 281.07824127712854, "r2": 110.00000000985612, "r3": 229.2355486287713, "r4": 300.0, "r5": 300.0, "r6": 300.0, "r7": 300.0}, "datetime": {"datetime": "2022-04-21 14:17:48", "elapsed": 6430.309286, "delta": 13.01357}}
{"target": -5394.240750627664, "params": {"r1": 299.9999999922796, "r2": 299.9999999924936, "r3": 300.0, "r4": 300.0, "r5": 300.0, "r6": 219.5944067200683, "r7": 262.7484926241997}, "datetime": {"datetime": "2022-04-21 14:17:57", "elapsed": 6439.406946, "delta": 9.09766}}
{"target": -9214.998149945151, "params": {"r1": 299.9999999999999, "r2": 300.0, "r3": 300.0, "r4": 300.0, "r5": 300.0, "r6": 205.1956739785126, "r7": 210.09978212711175}, "datetime": {"datetime": "2022-04-21 14:18:11", "elapsed": 6454.028637, "delta": 14.621691}}
{"target": -5251.10229138181, "params": {"r1": 198.276987964957, "r2": 257.2805913577073, "r3": 282.7748274614088, "r4": 265.79887190192187, "r5": 300.0, "r6": 299.86882260201713, "r7": 300.0}, "datetime": {"datetime": "2022-04-21 14:18:25", "elapsed": 6468.012833, "delta": 13.984196}}
{"target": -6365.322842267926, "params": {"r1": 195.21175820655293, "r2": 257.2496679491714, "r3": 236.7601383687556, "r4": 263.9380085099807, "r5": 299.73456354870655, "r6": 166.32951618123326, "r7": 263.30599211864836}, "datetime": {"datetime": "2022-04-21 14:18:36", "elapsed": 6478.392446, "delta": 10.379613}}
{"target": -15565.274630062528, "params": {"r1": 183.6430711631985, "r2": 223.31901521027913, "r3": 110.0, "r4": 300.0, "r5": 110.0, "r6": 300.0, "r7": 194.55454886650924}, "datetime": {"datetime": "2022-04-21 14:18:49", "elapsed": 6491.252633, "delta": 12.860187}}
{"target": -15911.504767829101, "params": {"r1": 272.1565022777884, "r2": 273.1227217585645, "r3": 174.41411341842047, "r4": 281.4601780867097, "r5": 165.51494590222535, "r6": 131.45034179189815, "r7": 273.35369247840805}, "datetime": {"datetime": "2022-04-21 14:19:34", "elapsed": 6537.068627, "delta": 45.815994}}
{"target": -16318.325198487159, "params": {"r1": 297.16338153483946, "r2": 263.94267102154276, "r3": 174.52257219378023, "r4": 288.73248746673846, "r5": 177.46176841212613, "r6": 176.96800337877482, "r7": 242.59870320726296}, "datetime": {"datetime": "2022-04-21 14:20:20", "elapsed": 6582.47457, "delta": 45.405943}}
{"target": -4629.199364032278, "params": {"r1": 184.96421448222696, "r2": 267.37697157299243, "r3": 297.5640456139721, "r4": 284.04177346706354, "r5": 295.3957541248823, "r6": 213.4114714841283, "r7": 286.2577905921713}, "datetime": {"datetime": "2022-04-21 14:21:05", "elapsed": 6627.856551, "delta": 45.381981}}
{"target": -5493.792503597097, "params": {"r1": 206.98499220514913, "r2": 296.3577503928302, "r3": 242.3975170932389, "r4": 278.282977736483, "r5": 300.0, "r6": 300.0, "r7": 299.9532867018102}, "datetime": {"datetime": "2022-04-21 14:21:16", "elapsed": 6639.000319, "delta": 11.143768}}
{"target": -18212.853447250207, "params": {"r1": 188.40658944343238, "r2": 245.59637286864577, "r3": 157.41756764291205, "r4": 262.97119430392206, "r5": 117.56583231370844, "r6": 180.3704372629966, "r7": 249.02987410606679}, "datetime": {"datetime": "2022-04-21 14:22:02", "elapsed": 6685.179737, "delta": 46.179418}}
{"target": -24052.812766109535, "params": {"r1": 243.46698888873192, "r2": 284.0242436991531, "r3": 145.73434964210853, "r4": 121.09517945067458, "r5": 276.8804442609128, "r6": 159.50474837162096, "r7": 265.71806118608515}, "datetime": {"datetime": "2022-04-21 14:22:48", "elapsed": 6730.248951, "delta": 45.069214}}
{"target": -7256.695186880514, "params": {"r1": 299.99999999632365, "r2": 251.93429186297337, "r3": 189.8510782325096, "r4": 300.0, "r5": 300.0, "r6": 261.7641534138606, "r7": 266.14380852931214}, "datetime": {"datetime": "2022-04-21 14:23:03", "elapsed": 6746.223508, "delta": 15.974557}}
{"target": -4743.609070253699, "params": {"r1": 180.28915458629137, "r2": 243.33721337552618, "r3": 242.70256289001642, "r4": 295.3258996206112, "r5": 299.20577738144505, "r6": 145.32746930486837, "r7": 272.92124819049775}, "datetime": {"datetime": "2022-04-21 14:23:14", "elapsed": 6756.986871, "delta": 10.763363}}
{"target": -5317.370650252791, "params": {"r1": 273.1240285380973, "r2": 300.0, "r3": 300.0, "r4": 299.2388104037793, "r5": 300.0, "r6": 300.0, "r7": 300.0}, "datetime": {"datetime": "2022-04-21 14:23:26", "elapsed": 6768.779297, "delta": 11.792426}}
{"target": -6399.419573703948, "params": {"r1": 299.04064060559415, "r2": 238.39403319869464, "r3": 209.09499738420462, "r4": 300.0, "r5": 300.0, "r6": 122.52469133214142, "r7": 242.07522780316884}, "datetime": {"datetime": "2022-04-21 14:23:41", "elapsed": 6783.713107, "delta": 14.93381}}
{"target": -22334.08390260127, "params": {"r1": 191.82370265724597, "r2": 118.5664673599838, "r3": 232.00422229640185, "r4": 246.65413813742794, "r5": 240.2599208500236, "r6": 186.1330581910711, "r7": 176.78252150430893}, "datetime": {"datetime": "2022-04-21 14:24:27", "elapsed": 6830.197581, "delta": 46.484474}}
{"target": -4966.429849707113, "params": {"r1": 175.90206723316493, "r2": 224.04048100589966, "r3": 266.67283013342904, "r4": 271.13807615939913, "r5": 296.61339118595527, "r6": 114.84907145914656, "r7": 294.78114167973524}, "datetime": {"datetime": "2022-04-21 14:24:40", "elapsed": 6842.547558, "delta": 12.349977}}
{"target": -13097.375745676634, "params": {"r1": 171.82142361236396, "r2": 300.0, "r3": 300.0, "r4": 110.0, "r5": 110.0, "r6": 182.8593825408955, "r7": 300.0}, "datetime": {"datetime": "2022-04-21 14:24:52", "elapsed": 6854.289935, "delta": 11.742377}}
